<?xml version="1.0" encoding="UTF-8"?>
<coverage generated="1772830591566" clover="3.2.0">
  <project timestamp="1772830591567" name="All files">
    <metrics statements="914" coveredstatements="215" conditionals="766" coveredconditionals="117" methods="240" coveredmethods="42" elements="1920" coveredelements="374" complexity="0" loc="914" ncloc="914" packages="33" files="42" classes="42"/>
    <package name="src">
      <metrics statements="14" coveredstatements="0" conditionals="7" coveredconditionals="0" methods="2" coveredmethods="0"/>
      <file name="middleware.ts" path="D:\Work\Trading-app-front\src\middleware.ts">
        <metrics statements="14" coveredstatements="0" conditionals="7" coveredconditionals="0" methods="2" coveredmethods="0"/>
        <line num="1" count="0" type="stmt"/>
        <line num="5" count="0" type="stmt"/>
        <line num="8" count="0" type="stmt"/>
        <line num="10" count="0" type="stmt"/>
        <line num="11" count="0" type="stmt"/>
        <line num="15" count="0" type="cond" truecount="0" falsecount="3"/>
        <line num="19" count="0" type="cond" truecount="0" falsecount="2"/>
        <line num="21" count="0" type="stmt"/>
        <line num="22" count="0" type="cond" truecount="0" falsecount="2"/>
        <line num="23" count="0" type="stmt"/>
        <line num="24" count="0" type="stmt"/>
        <line num="25" count="0" type="stmt"/>
        <line num="28" count="0" type="stmt"/>
        <line num="31" count="0" type="stmt"/>
      </file>
    </package>
    <package name="src.app">
      <metrics statements="3" coveredstatements="0" conditionals="0" coveredconditionals="0" methods="1" coveredmethods="0"/>
      <file name="page.tsx" path="D:\Work\Trading-app-front\src\app\page.tsx">
        <metrics statements="3" coveredstatements="0" conditionals="0" coveredconditionals="0" methods="1" coveredmethods="0"/>
        <line num="1" count="0" type="stmt"/>
        <line num="3" count="0" type="stmt"/>
        <line num="4" count="0" type="stmt"/>
      </file>
    </package>
    <package name="src.app.api.auth.login">
      <metrics statements="5" coveredstatements="0" conditionals="2" coveredconditionals="0" methods="1" coveredmethods="0"/>
      <file name="route.ts" path="D:\Work\Trading-app-front\src\app\api\auth\login\route.ts">
        <metrics statements="5" coveredstatements="0" conditionals="2" coveredconditionals="0" methods="1" coveredmethods="0"/>
        <line num="2" count="0" type="stmt"/>
        <line num="4" count="0" type="stmt"/>
        <line num="5" count="0" type="stmt"/>
        <line num="6" count="0" type="stmt"/>
        <line num="11" count="0" type="stmt"/>
      </file>
    </package>
    <package name="src.app.api.auth.logout">
      <metrics statements="4" coveredstatements="0" conditionals="2" coveredconditionals="0" methods="1" coveredmethods="0"/>
      <file name="route.ts" path="D:\Work\Trading-app-front\src\app\api\auth\logout\route.ts">
        <metrics statements="4" coveredstatements="0" conditionals="2" coveredconditionals="0" methods="1" coveredmethods="0"/>
        <line num="2" count="0" type="stmt"/>
        <line num="4" count="0" type="stmt"/>
        <line num="5" count="0" type="stmt"/>
        <line num="10" count="0" type="stmt"/>
      </file>
    </package>
    <package name="src.app.api.auth.me">
      <metrics statements="4" coveredstatements="0" conditionals="2" coveredconditionals="0" methods="1" coveredmethods="0"/>
      <file name="route.ts" path="D:\Work\Trading-app-front\src\app\api\auth\me\route.ts">
        <metrics statements="4" coveredstatements="0" conditionals="2" coveredconditionals="0" methods="1" coveredmethods="0"/>
        <line num="2" count="0" type="stmt"/>
        <line num="4" count="0" type="stmt"/>
        <line num="5" count="0" type="stmt"/>
        <line num="10" count="0" type="stmt"/>
      </file>
    </package>
    <package name="src.app.api.auth.register">
      <metrics statements="5" coveredstatements="0" conditionals="2" coveredconditionals="0" methods="1" coveredmethods="0"/>
      <file name="route.ts" path="D:\Work\Trading-app-front\src\app\api\auth\register\route.ts">
        <metrics statements="5" coveredstatements="0" conditionals="2" coveredconditionals="0" methods="1" coveredmethods="0"/>
        <line num="2" count="0" type="stmt"/>
        <line num="4" count="0" type="stmt"/>
        <line num="5" count="0" type="stmt"/>
        <line num="6" count="0" type="stmt"/>
        <line num="11" count="0" type="stmt"/>
      </file>
    </package>
    <package name="src.app.api.portfolio">
      <metrics statements="55" coveredstatements="0" conditionals="30" coveredconditionals="0" methods="8" coveredmethods="0"/>
      <file name="route.ts" path="D:\Work\Trading-app-front\src\app\api\portfolio\route.ts">
        <metrics statements="55" coveredstatements="0" conditionals="30" coveredconditionals="0" methods="8" coveredmethods="0"/>
        <line num="1" count="0" type="stmt"/>
        <line num="2" count="0" type="stmt"/>
        <line num="4" count="0" type="cond" truecount="0" falsecount="2"/>
        <line num="19" count="0" type="stmt"/>
        <line num="20" count="0" type="stmt"/>
        <line num="22" count="0" type="stmt"/>
        <line num="23" count="0" type="stmt"/>
        <line num="28" count="0" type="cond" truecount="0" falsecount="4"/>
        <line num="30" count="0" type="stmt"/>
        <line num="31" count="0" type="stmt"/>
        <line num="32" count="0" type="stmt"/>
        <line num="34" count="0" type="stmt"/>
        <line num="35" count="0" type="stmt"/>
        <line num="36" count="0" type="cond" truecount="0" falsecount="2"/>
        <line num="38" count="0" type="stmt"/>
        <line num="39" count="0" type="stmt"/>
        <line num="40" count="0" type="cond" truecount="0" falsecount="2"/>
        <line num="41" count="0" type="stmt"/>
        <line num="42" count="0" type="cond" truecount="0" falsecount="2"/>
        <line num="43" count="0" type="stmt"/>
        <line num="44" count="0" type="stmt"/>
        <line num="45" count="0" type="cond" truecount="0" falsecount="2"/>
        <line num="46" count="0" type="stmt"/>
        <line num="47" count="0" type="stmt"/>
        <line num="52" count="0" type="stmt"/>
        <line num="53" count="0" type="cond" truecount="0" falsecount="2"/>
        <line num="56" count="0" type="stmt"/>
        <line num="58" count="0" type="stmt"/>
        <line num="60" count="0" type="stmt"/>
        <line num="64" count="0" type="stmt"/>
        <line num="65" count="0" type="cond" truecount="0" falsecount="2"/>
        <line num="67" count="0" type="stmt"/>
        <line num="68" count="0" type="cond" truecount="0" falsecount="2"/>
        <line num="69" count="0" type="stmt"/>
        <line num="75" count="0" type="stmt"/>
        <line num="76" count="0" type="cond" truecount="0" falsecount="2"/>
        <line num="77" count="0" type="stmt"/>
        <line num="78" count="0" type="stmt"/>
        <line num="81" count="0" type="stmt"/>
        <line num="83" count="0" type="stmt"/>
        <line num="84" count="0" type="cond" truecount="0" falsecount="2"/>
        <line num="87" count="0" type="stmt"/>
        <line num="88" count="0" type="stmt"/>
        <line num="90" count="0" type="stmt"/>
        <line num="94" count="0" type="stmt"/>
        <line num="95" count="0" type="stmt"/>
        <line num="96" count="0" type="cond" truecount="0" falsecount="2"/>
        <line num="97" count="0" type="stmt"/>
        <line num="98" count="0" type="cond" truecount="0" falsecount="2"/>
        <line num="102" count="0" type="stmt"/>
        <line num="112" count="0" type="stmt"/>
        <line num="113" count="0" type="stmt"/>
        <line num="115" count="0" type="stmt"/>
        <line num="117" count="0" type="cond" truecount="0" falsecount="2"/>
        <line num="121" count="0" type="stmt"/>
      </file>
    </package>
    <package name="src.app.api.portfolio.allocation">
      <metrics statements="13" coveredstatements="13" conditionals="6" coveredconditionals="5" methods="1" coveredmethods="1"/>
      <file name="route.ts" path="D:\Work\Trading-app-front\src\app\api\portfolio\allocation\route.ts">
        <metrics statements="13" coveredstatements="13" conditionals="6" coveredconditionals="5" methods="1" coveredmethods="1"/>
        <line num="1" count="1" type="stmt"/>
        <line num="2" count="1" type="stmt"/>
        <line num="3" count="1" type="stmt"/>
        <line num="5" count="4" type="stmt"/>
        <line num="6" count="4" type="cond" truecount="1" falsecount="1"/>
        <line num="7" count="4" type="stmt"/>
        <line num="8" count="4" type="cond" truecount="2" falsecount="0"/>
        <line num="9" count="1" type="stmt"/>
        <line num="12" count="3" type="stmt"/>
        <line num="14" count="3" type="cond" truecount="2" falsecount="0"/>
        <line num="15" count="1" type="stmt"/>
        <line num="18" count="2" type="stmt"/>
        <line num="19" count="2" type="stmt"/>
      </file>
    </package>
    <package name="src.app.api.portfolio.analytics">
      <metrics statements="12" coveredstatements="0" conditionals="6" coveredconditionals="0" methods="1" coveredmethods="0"/>
      <file name="route.ts" path="D:\Work\Trading-app-front\src\app\api\portfolio\analytics\route.ts">
        <metrics statements="12" coveredstatements="0" conditionals="6" coveredconditionals="0" methods="1" coveredmethods="0"/>
        <line num="1" count="0" type="stmt"/>
        <line num="2" count="0" type="stmt"/>
        <line num="4" count="0" type="stmt"/>
        <line num="5" count="0" type="cond" truecount="0" falsecount="2"/>
        <line num="7" count="0" type="stmt"/>
        <line num="8" count="0" type="cond" truecount="0" falsecount="2"/>
        <line num="9" count="0" type="stmt"/>
        <line num="15" count="0" type="stmt"/>
        <line num="21" count="0" type="cond" truecount="0" falsecount="2"/>
        <line num="22" count="0" type="stmt"/>
        <line num="25" count="0" type="stmt"/>
        <line num="26" count="0" type="stmt"/>
      </file>
    </package>
    <package name="src.app.api.portfolio.stock.[symbol].history">
      <metrics statements="14" coveredstatements="0" conditionals="6" coveredconditionals="0" methods="1" coveredmethods="0"/>
      <file name="route.ts" path="D:\Work\Trading-app-front\src\app\api\portfolio\stock\[symbol]\history\route.ts">
        <metrics statements="14" coveredstatements="0" conditionals="6" coveredconditionals="0" methods="1" coveredmethods="0"/>
        <line num="1" count="0" type="stmt"/>
        <line num="2" count="0" type="stmt"/>
        <line num="3" count="0" type="stmt"/>
        <line num="5" count="0" type="stmt"/>
        <line num="9" count="0" type="stmt"/>
        <line num="10" count="0" type="cond" truecount="0" falsecount="2"/>
        <line num="11" count="0" type="stmt"/>
        <line num="12" count="0" type="cond" truecount="0" falsecount="2"/>
        <line num="13" count="0" type="stmt"/>
        <line num="16" count="0" type="stmt"/>
        <line num="22" count="0" type="cond" truecount="0" falsecount="2"/>
        <line num="23" count="0" type="stmt"/>
        <line num="26" count="0" type="stmt"/>
        <line num="27" count="0" type="stmt"/>
      </file>
    </package>
    <package name="src.app.api.portfolio.timeline">
      <metrics statements="14" coveredstatements="14" conditionals="6" coveredconditionals="5" methods="1" coveredmethods="1"/>
      <file name="route.ts" path="D:\Work\Trading-app-front\src\app\api\portfolio\timeline\route.ts">
        <metrics statements="14" coveredstatements="14" conditionals="6" coveredconditionals="5" methods="1" coveredmethods="1"/>
        <line num="1" count="1" type="stmt"/>
        <line num="2" count="1" type="stmt"/>
        <line num="3" count="1" type="stmt"/>
        <line num="5" count="5" type="stmt"/>
        <line num="6" count="5" type="cond" truecount="1" falsecount="1"/>
        <line num="7" count="5" type="stmt"/>
        <line num="8" count="5" type="cond" truecount="2" falsecount="0"/>
        <line num="9" count="1" type="stmt"/>
        <line num="12" count="4" type="stmt"/>
        <line num="13" count="4" type="stmt"/>
        <line num="15" count="4" type="cond" truecount="2" falsecount="0"/>
        <line num="16" count="1" type="stmt"/>
        <line num="19" count="3" type="stmt"/>
        <line num="20" count="3" type="stmt"/>
      </file>
    </package>
    <package name="src.app.api.prices">
      <metrics statements="43" coveredstatements="37" conditionals="25" coveredconditionals="15" methods="3" coveredmethods="3"/>
      <file name="route.ts" path="D:\Work\Trading-app-front\src\app\api\prices\route.ts">
        <metrics statements="43" coveredstatements="37" conditionals="25" coveredconditionals="15" methods="3" coveredmethods="3"/>
        <line num="3" count="1" type="stmt"/>
        <line num="5" count="1" type="cond" truecount="2" falsecount="0"/>
        <line num="7" count="6" type="stmt"/>
        <line num="8" count="6" type="cond" truecount="2" falsecount="0"/>
        <line num="9" count="6" type="cond" truecount="1" falsecount="1"/>
        <line num="10" count="6" type="stmt"/>
        <line num="12" count="6" type="stmt"/>
        <line num="15" count="6" type="stmt"/>
        <line num="16" count="6" type="stmt"/>
        <line num="17" count="6" type="stmt"/>
        <line num="19" count="6" type="stmt"/>
        <line num="20" count="6" type="stmt"/>
        <line num="25" count="6" type="cond" truecount="3" falsecount="1"/>
        <line num="26" count="0" type="stmt"/>
        <line num="27" count="0" type="stmt"/>
        <line num="30" count="6" type="stmt"/>
        <line num="31" count="6" type="stmt"/>
        <line num="32" count="6" type="stmt"/>
        <line num="34" count="6" type="stmt"/>
        <line num="35" count="6" type="stmt"/>
        <line num="36" count="12" type="stmt"/>
        <line num="37" count="12" type="cond" truecount="2" falsecount="0"/>
        <line num="39" count="6" type="stmt"/>
        <line num="40" count="6" type="stmt"/>
        <line num="41" count="6" type="cond" truecount="1" falsecount="1"/>
        <line num="43" count="6" type="stmt"/>
        <line num="44" count="12" type="cond" truecount="2" falsecount="0"/>
        <line num="45" count="6" type="stmt"/>
        <line num="46" count="6" type="cond" truecount="1" falsecount="1"/>
        <line num="48" count="6" type="stmt"/>
        <line num="50" count="6" type="stmt"/>
        <line num="52" count="6" type="cond" truecount="1" falsecount="1"/>
        <line num="54" count="6" type="stmt"/>
        <line num="55" count="6" type="stmt"/>
        <line num="57" count="6" type="stmt"/>
        <line num="68" count="6" type="stmt"/>
        <line num="75" count="6" type="stmt"/>
        <line num="80" count="0" type="cond" truecount="0" falsecount="3"/>
        <line num="82" count="0" type="cond" truecount="0" falsecount="2"/>
        <line num="83" count="0" type="stmt"/>
        <line num="84" count="0" type="stmt"/>
        <line num="88" count="6" type="stmt"/>
        <line num="93" count="6" type="stmt"/>
      </file>
    </package>
    <package name="src.app.api.prices.history.[symbol]">
      <metrics statements="10" coveredstatements="0" conditionals="4" coveredconditionals="0" methods="1" coveredmethods="0"/>
      <file name="route.ts" path="D:\Work\Trading-app-front\src\app\api\prices\history\[symbol]\route.ts">
        <metrics statements="10" coveredstatements="0" conditionals="4" coveredconditionals="0" methods="1" coveredmethods="0"/>
        <line num="1" count="0" type="stmt"/>
        <line num="2" count="0" type="stmt"/>
        <line num="4" count="0" type="stmt"/>
        <line num="8" count="0" type="stmt"/>
        <line num="9" count="0" type="cond" truecount="0" falsecount="2"/>
        <line num="11" count="0" type="stmt"/>
        <line num="17" count="0" type="cond" truecount="0" falsecount="2"/>
        <line num="19" count="0" type="stmt"/>
        <line num="22" count="0" type="stmt"/>
        <line num="23" count="0" type="stmt"/>
      </file>
    </package>
    <package name="src.app.api.stocks">
      <metrics statements="11" coveredstatements="0" conditionals="4" coveredconditionals="0" methods="2" coveredmethods="0"/>
      <file name="route.ts" path="D:\Work\Trading-app-front\src\app\api\stocks\route.ts">
        <metrics statements="11" coveredstatements="0" conditionals="4" coveredconditionals="0" methods="2" coveredmethods="0"/>
        <line num="1" count="0" type="stmt"/>
        <line num="2" count="0" type="stmt"/>
        <line num="4" count="0" type="stmt"/>
        <line num="5" count="0" type="cond" truecount="0" falsecount="2"/>
        <line num="6" count="0" type="stmt"/>
        <line num="7" count="0" type="stmt"/>
        <line num="9" count="0" type="cond" truecount="0" falsecount="2"/>
        <line num="10" count="0" type="stmt"/>
        <line num="11" count="0" type="stmt"/>
        <line num="14" count="0" type="stmt"/>
        <line num="15" count="0" type="stmt"/>
      </file>
    </package>
    <package name="src.app.api.stocks.[symbol]">
      <metrics statements="16" coveredstatements="0" conditionals="11" coveredconditionals="0" methods="3" coveredmethods="0"/>
      <file name="route.ts" path="D:\Work\Trading-app-front\src\app\api\stocks\[symbol]\route.ts">
        <metrics statements="16" coveredstatements="0" conditionals="11" coveredconditionals="0" methods="3" coveredmethods="0"/>
        <line num="1" count="0" type="stmt"/>
        <line num="2" count="0" type="stmt"/>
        <line num="4" count="0" type="stmt"/>
        <line num="8" count="0" type="stmt"/>
        <line num="9" count="0" type="cond" truecount="0" falsecount="2"/>
        <line num="12" count="0" type="stmt"/>
        <line num="18" count="0" type="cond" truecount="0" falsecount="2"/>
        <line num="19" count="0" type="stmt"/>
        <line num="20" count="0" type="stmt"/>
        <line num="23" count="0" type="stmt"/>
        <line num="25" count="0" type="cond" truecount="0" falsecount="2"/>
        <line num="26" count="0" type="cond" truecount="0" falsecount="3"/>
        <line num="27" count="0" type="stmt"/>
        <line num="30" count="0" type="cond" truecount="0" falsecount="2"/>
        <line num="31" count="0" type="stmt"/>
        <line num="37" count="0" type="stmt"/>
      </file>
    </package>
    <package name="src.app.api.stocks.dashboard">
      <metrics statements="10" coveredstatements="0" conditionals="4" coveredconditionals="0" methods="2" coveredmethods="0"/>
      <file name="route.ts" path="D:\Work\Trading-app-front\src\app\api\stocks\dashboard\route.ts">
        <metrics statements="10" coveredstatements="0" conditionals="4" coveredconditionals="0" methods="2" coveredmethods="0"/>
        <line num="1" count="0" type="stmt"/>
        <line num="2" count="0" type="stmt"/>
        <line num="4" count="0" type="stmt"/>
        <line num="5" count="0" type="cond" truecount="0" falsecount="2"/>
        <line num="6" count="0" type="stmt"/>
        <line num="8" count="0" type="cond" truecount="0" falsecount="2"/>
        <line num="9" count="0" type="stmt"/>
        <line num="10" count="0" type="stmt"/>
        <line num="13" count="0" type="stmt"/>
        <line num="14" count="0" type="stmt"/>
      </file>
    </package>
    <package name="src.app.api.trade">
      <metrics statements="14" coveredstatements="0" conditionals="8" coveredconditionals="0" methods="1" coveredmethods="0"/>
      <file name="route.ts" path="D:\Work\Trading-app-front\src\app\api\trade\route.ts">
        <metrics statements="14" coveredstatements="0" conditionals="8" coveredconditionals="0" methods="1" coveredmethods="0"/>
        <line num="1" count="0" type="stmt"/>
        <line num="2" count="0" type="stmt"/>
        <line num="4" count="0" type="stmt"/>
        <line num="5" count="0" type="cond" truecount="0" falsecount="2"/>
        <line num="6" count="0" type="stmt"/>
        <line num="8" count="0" type="stmt"/>
        <line num="9" count="0" type="cond" truecount="0" falsecount="2"/>
        <line num="10" count="0" type="stmt"/>
        <line num="16" count="0" type="stmt"/>
        <line num="31" count="0" type="cond" truecount="0" falsecount="2"/>
        <line num="32" count="0" type="stmt"/>
        <line num="33" count="0" type="stmt"/>
        <line num="36" count="0" type="stmt"/>
        <line num="38" count="0" type="stmt"/>
      </file>
    </package>
    <package name="src.app.dashboard">
      <metrics statements="43" coveredstatements="0" conditionals="68" coveredconditionals="0" methods="15" coveredmethods="0"/>
      <file name="page.tsx" path="D:\Work\Trading-app-front\src\app\dashboard\page.tsx">
        <metrics statements="43" coveredstatements="0" conditionals="68" coveredconditionals="0" methods="15" coveredmethods="0"/>
        <line num="3" count="0" type="stmt"/>
        <line num="4" count="0" type="stmt"/>
        <line num="5" count="0" type="stmt"/>
        <line num="6" count="0" type="stmt"/>
        <line num="7" count="0" type="stmt"/>
        <line num="8" count="0" type="stmt"/>
        <line num="9" count="0" type="stmt"/>
        <line num="10" count="0" type="stmt"/>
        <line num="11" count="0" type="stmt"/>
        <line num="41" count="0" type="stmt"/>
        <line num="43" count="0" type="stmt"/>
        <line num="48" count="0" type="stmt"/>
        <line num="49" count="0" type="stmt"/>
        <line num="50" count="0" type="stmt"/>
        <line num="52" count="0" type="stmt"/>
        <line num="53" count="0" type="stmt"/>
        <line num="55" count="0" type="stmt"/>
        <line num="59" count="0" type="stmt"/>
        <line num="60" count="0" type="cond" truecount="0" falsecount="2"/>
        <line num="61" count="0" type="cond" truecount="0" falsecount="2"/>
        <line num="62" count="0" type="stmt"/>
        <line num="64" count="0" type="stmt"/>
        <line num="66" count="0" type="stmt"/>
        <line num="67" count="0" type="stmt"/>
        <line num="68" count="0" type="stmt"/>
        <line num="137" count="0" type="stmt"/>
        <line num="144" count="0" type="stmt"/>
        <line num="146" count="0" type="stmt"/>
        <line num="147" count="0" type="stmt"/>
        <line num="148" count="0" type="stmt"/>
        <line num="149" count="0" type="cond" truecount="0" falsecount="3"/>
        <line num="150" count="0" type="stmt"/>
        <line num="151" count="0" type="cond" truecount="0" falsecount="2"/>
        <line num="152" count="0" type="stmt"/>
        <line num="153" count="0" type="stmt"/>
        <line num="215" count="0" type="cond" truecount="0" falsecount="2"/>
        <line num="221" count="0" type="stmt"/>
        <line num="228" count="0" type="cond" truecount="0" falsecount="2"/>
        <line num="235" count="0" type="stmt"/>
        <line num="236" count="0" type="cond" truecount="0" falsecount="2"/>
        <line num="237" count="0" type="cond" truecount="0" falsecount="3"/>
        <line num="238" count="0" type="cond" truecount="0" falsecount="2"/>
        <line num="240" count="0" type="stmt"/>
      </file>
    </package>
    <package name="src.app.dashboard.[symbol]">
      <metrics statements="19" coveredstatements="0" conditionals="22" coveredconditionals="0" methods="6" coveredmethods="0"/>
      <file name="page.tsx" path="D:\Work\Trading-app-front\src\app\dashboard\[symbol]\page.tsx">
        <metrics statements="19" coveredstatements="0" conditionals="22" coveredconditionals="0" methods="6" coveredmethods="0"/>
        <line num="3" count="0" type="stmt"/>
        <line num="4" count="0" type="stmt"/>
        <line num="5" count="0" type="stmt"/>
        <line num="6" count="0" type="stmt"/>
        <line num="7" count="0" type="stmt"/>
        <line num="8" count="0" type="stmt"/>
        <line num="9" count="0" type="stmt"/>
        <line num="11" count="0" type="stmt"/>
        <line num="13" count="0" type="stmt"/>
        <line num="14" count="0" type="stmt"/>
        <line num="15" count="0" type="stmt"/>
        <line num="16" count="0" type="stmt"/>
        <line num="17" count="0" type="cond" truecount="0" falsecount="2"/>
        <line num="19" count="0" type="stmt"/>
        <line num="20" count="0" type="stmt"/>
        <line num="21" count="0" type="stmt"/>
        <line num="24" count="0" type="cond" truecount="0" falsecount="2"/>
        <line num="39" count="0" type="stmt"/>
        <line num="41" count="0" type="stmt"/>
      </file>
    </package>
    <package name="src.app.login">
      <metrics statements="24" coveredstatements="0" conditionals="7" coveredconditionals="0" methods="5" coveredmethods="0"/>
      <file name="page.tsx" path="D:\Work\Trading-app-front\src\app\login\page.tsx">
        <metrics statements="24" coveredstatements="0" conditionals="7" coveredconditionals="0" methods="5" coveredmethods="0"/>
        <line num="3" count="0" type="stmt"/>
        <line num="4" count="0" type="stmt"/>
        <line num="5" count="0" type="stmt"/>
        <line num="6" count="0" type="stmt"/>
        <line num="7" count="0" type="stmt"/>
        <line num="10" count="0" type="stmt"/>
        <line num="11" count="0" type="stmt"/>
        <line num="12" count="0" type="cond" truecount="0" falsecount="2"/>
        <line num="14" count="0" type="stmt"/>
        <line num="15" count="0" type="stmt"/>
        <line num="16" count="0" type="stmt"/>
        <line num="17" count="0" type="stmt"/>
        <line num="19" count="0" type="stmt"/>
        <line num="20" count="0" type="stmt"/>
        <line num="21" count="0" type="stmt"/>
        <line num="22" count="0" type="stmt"/>
        <line num="23" count="0" type="stmt"/>
        <line num="24" count="0" type="stmt"/>
        <line num="25" count="0" type="stmt"/>
        <line num="27" count="0" type="cond" truecount="0" falsecount="2"/>
        <line num="29" count="0" type="stmt"/>
        <line num="41" count="0" type="stmt"/>
        <line num="52" count="0" type="stmt"/>
        <line num="89" count="0" type="stmt"/>
      </file>
    </package>
    <package name="src.app.portfolio">
      <metrics statements="88" coveredstatements="0" conditionals="116" coveredconditionals="0" methods="36" coveredmethods="0"/>
      <file name="page.tsx" path="D:\Work\Trading-app-front\src\app\portfolio\page.tsx">
        <metrics statements="88" coveredstatements="0" conditionals="116" coveredconditionals="0" methods="36" coveredmethods="0"/>
        <line num="3" count="0" type="stmt"/>
        <line num="4" count="0" type="stmt"/>
        <line num="5" count="0" type="stmt"/>
        <line num="6" count="0" type="stmt"/>
        <line num="7" count="0" type="stmt"/>
        <line num="16" count="0" type="stmt"/>
        <line num="17" count="0" type="stmt"/>
        <line num="18" count="0" type="stmt"/>
        <line num="19" count="0" type="stmt"/>
        <line num="24" count="0" type="stmt"/>
        <line num="28" count="0" type="stmt"/>
        <line num="32" count="0" type="stmt"/>
        <line num="91" count="0" type="stmt"/>
        <line num="92" count="0" type="stmt"/>
        <line num="93" count="0" type="stmt"/>
        <line num="96" count="0" type="stmt"/>
        <line num="97" count="0" type="stmt"/>
        <line num="106" count="0" type="stmt"/>
        <line num="108" count="0" type="stmt"/>
        <line num="114" count="0" type="stmt"/>
        <line num="115" count="0" type="stmt"/>
        <line num="118" count="0" type="stmt"/>
        <line num="119" count="0" type="cond" truecount="0" falsecount="2"/>
        <line num="126" count="0" type="stmt"/>
        <line num="128" count="0" type="stmt"/>
        <line num="134" count="0" type="stmt"/>
        <line num="137" count="0" type="stmt"/>
        <line num="145" count="0" type="stmt"/>
        <line num="152" count="0" type="stmt"/>
        <line num="188" count="0" type="stmt"/>
        <line num="189" count="0" type="stmt"/>
        <line num="191" count="0" type="cond" truecount="0" falsecount="2"/>
        <line num="203" count="0" type="stmt"/>
        <line num="204" count="0" type="cond" truecount="0" falsecount="2"/>
        <line num="235" count="0" type="stmt"/>
        <line num="237" count="0" type="cond" truecount="0" falsecount="2"/>
        <line num="245" count="0" type="cond" truecount="0" falsecount="2"/>
        <line num="247" count="0" type="cond" truecount="0" falsecount="4"/>
        <line num="258" count="0" type="stmt"/>
        <line num="266" count="0" type="stmt"/>
        <line num="267" count="0" type="stmt"/>
        <line num="268" count="0" type="stmt"/>
        <line num="269" count="0" type="stmt"/>
        <line num="270" count="0" type="stmt"/>
        <line num="271" count="0" type="stmt"/>
        <line num="273" count="0" type="stmt"/>
        <line num="274" count="0" type="stmt"/>
        <line num="275" count="0" type="stmt"/>
        <line num="276" count="0" type="stmt"/>
        <line num="278" count="0" type="cond" truecount="0" falsecount="2"/>
        <line num="279" count="0" type="stmt"/>
        <line num="281" count="0" type="stmt"/>
        <line num="283" count="0" type="stmt"/>
        <line num="284" count="0" type="cond" truecount="0" falsecount="2"/>
        <line num="289" count="0" type="stmt"/>
        <line num="290" count="0" type="stmt"/>
        <line num="291" count="0" type="stmt"/>
        <line num="295" count="0" type="stmt"/>
        <line num="296" count="0" type="cond" truecount="0" falsecount="2"/>
        <line num="297" count="0" type="cond" truecount="0" falsecount="4"/>
        <line num="298" count="0" type="stmt"/>
        <line num="299" count="0" type="cond" truecount="0" falsecount="2"/>
        <line num="300" count="0" type="cond" truecount="0" falsecount="2"/>
        <line num="301" count="0" type="stmt"/>
        <line num="303" count="0" type="stmt"/>
        <line num="304" count="0" type="cond" truecount="0" falsecount="2"/>
        <line num="306" count="0" type="cond" truecount="0" falsecount="2"/>
        <line num="308" count="0" type="stmt"/>
        <line num="313" count="0" type="stmt"/>
        <line num="314" count="0" type="cond" truecount="0" falsecount="2"/>
        <line num="317" count="0" type="cond" truecount="0" falsecount="2"/>
        <line num="320" count="0" type="cond" truecount="0" falsecount="2"/>
        <line num="321" count="0" type="cond" truecount="0" falsecount="2"/>
        <line num="424" count="0" type="stmt"/>
        <line num="425" count="0" type="stmt"/>
        <line num="475" count="0" type="stmt"/>
        <line num="476" count="0" type="stmt"/>
        <line num="478" count="0" type="cond" truecount="0" falsecount="3"/>
        <line num="479" count="0" type="cond" truecount="0" falsecount="2"/>
        <line num="482" count="0" type="cond" truecount="0" falsecount="2"/>
        <line num="485" count="0" type="cond" truecount="0" falsecount="2"/>
        <line num="488" count="0" type="stmt"/>
        <line num="489" count="0" type="cond" truecount="0" falsecount="2"/>
        <line num="493" count="0" type="cond" truecount="0" falsecount="2"/>
        <line num="498" count="0" type="stmt"/>
        <line num="499" count="0" type="stmt"/>
        <line num="507" count="0" type="cond" truecount="0" falsecount="2"/>
        <line num="513" count="0" type="stmt"/>
      </file>
    </package>
    <package name="src.app.register">
      <metrics statements="24" coveredstatements="0" conditionals="5" coveredconditionals="0" methods="6" coveredmethods="0"/>
      <file name="page.tsx" path="D:\Work\Trading-app-front\src\app\register\page.tsx">
        <metrics statements="24" coveredstatements="0" conditionals="5" coveredconditionals="0" methods="6" coveredmethods="0"/>
        <line num="3" count="0" type="stmt"/>
        <line num="4" count="0" type="stmt"/>
        <line num="5" count="0" type="stmt"/>
        <line num="6" count="0" type="stmt"/>
        <line num="7" count="0" type="stmt"/>
        <line num="10" count="0" type="stmt"/>
        <line num="12" count="0" type="stmt"/>
        <line num="13" count="0" type="stmt"/>
        <line num="14" count="0" type="stmt"/>
        <line num="15" count="0" type="stmt"/>
        <line num="16" count="0" type="stmt"/>
        <line num="18" count="0" type="stmt"/>
        <line num="19" count="0" type="stmt"/>
        <line num="20" count="0" type="stmt"/>
        <line num="21" count="0" type="stmt"/>
        <line num="22" count="0" type="stmt"/>
        <line num="23" count="0" type="stmt"/>
        <line num="24" count="0" type="stmt"/>
        <line num="26" count="0" type="cond" truecount="0" falsecount="2"/>
        <line num="28" count="0" type="stmt"/>
        <line num="40" count="0" type="stmt"/>
        <line num="51" count="0" type="stmt"/>
        <line num="62" count="0" type="stmt"/>
        <line num="99" count="0" type="stmt"/>
      </file>
    </package>
    <package name="src.app.stocks">
      <metrics statements="91" coveredstatements="0" conditionals="95" coveredconditionals="0" methods="33" coveredmethods="0"/>
      <file name="page.tsx" path="D:\Work\Trading-app-front\src\app\stocks\page.tsx">
        <metrics statements="91" coveredstatements="0" conditionals="95" coveredconditionals="0" methods="33" coveredmethods="0"/>
        <line num="3" count="0" type="stmt"/>
        <line num="4" count="0" type="stmt"/>
        <line num="5" count="0" type="stmt"/>
        <line num="6" count="0" type="stmt"/>
        <line num="17" count="0" type="stmt"/>
        <line num="18" count="0" type="stmt"/>
        <line num="19" count="0" type="stmt"/>
        <line num="42" count="0" type="stmt"/>
        <line num="45" count="0" type="cond" truecount="0" falsecount="2"/>
        <line num="46" count="0" type="stmt"/>
        <line num="47" count="0" type="stmt"/>
        <line num="48" count="0" type="cond" truecount="0" falsecount="2"/>
        <line num="50" count="0" type="stmt"/>
        <line num="55" count="0" type="stmt"/>
        <line num="64" count="0" type="stmt"/>
        <line num="74" count="0" type="stmt"/>
        <line num="75" count="0" type="stmt"/>
        <line num="76" count="0" type="stmt"/>
        <line num="79" count="0" type="cond" truecount="0" falsecount="2"/>
        <line num="80" count="0" type="cond" truecount="0" falsecount="2"/>
        <line num="81" count="0" type="cond" truecount="0" falsecount="2"/>
        <line num="82" count="0" type="cond" truecount="0" falsecount="2"/>
        <line num="83" count="0" type="stmt"/>
        <line num="84" count="0" type="stmt"/>
        <line num="85" count="0" type="stmt"/>
        <line num="88" count="0" type="stmt"/>
        <line num="89" count="0" type="stmt"/>
        <line num="91" count="0" type="stmt"/>
        <line num="92" count="0" type="cond" truecount="0" falsecount="2"/>
        <line num="93" count="0" type="stmt"/>
        <line num="94" count="0" type="stmt"/>
        <line num="95" count="0" type="cond" truecount="0" falsecount="2"/>
        <line num="100" count="0" type="stmt"/>
        <line num="101" count="0" type="stmt"/>
        <line num="105" count="0" type="stmt"/>
        <line num="106" count="0" type="stmt"/>
        <line num="107" count="0" type="cond" truecount="0" falsecount="2"/>
        <line num="108" count="0" type="cond" truecount="0" falsecount="2"/>
        <line num="109" count="0" type="cond" truecount="0" falsecount="2"/>
        <line num="110" count="0" type="cond" truecount="0" falsecount="2"/>
        <line num="111" count="0" type="stmt"/>
        <line num="112" count="0" type="cond" truecount="0" falsecount="2"/>
        <line num="116" count="0" type="stmt"/>
        <line num="117" count="0" type="cond" truecount="0" falsecount="2"/>
        <line num="118" count="0" type="cond" truecount="0" falsecount="2"/>
        <line num="119" count="0" type="cond" truecount="0" falsecount="2"/>
        <line num="120" count="0" type="cond" truecount="0" falsecount="2"/>
        <line num="121" count="0" type="stmt"/>
        <line num="123" count="0" type="stmt"/>
        <line num="126" count="0" type="stmt"/>
        <line num="130" count="0" type="cond" truecount="0" falsecount="2"/>
        <line num="131" count="0" type="cond" truecount="0" falsecount="2"/>
        <line num="132" count="0" type="stmt"/>
        <line num="135" count="0" type="stmt"/>
        <line num="136" count="0" type="stmt"/>
        <line num="138" count="0" type="stmt"/>
        <line num="140" count="0" type="stmt"/>
        <line num="141" count="0" type="stmt"/>
        <line num="142" count="0" type="stmt"/>
        <line num="143" count="0" type="stmt"/>
        <line num="144" count="0" type="cond" truecount="0" falsecount="2"/>
        <line num="145" count="0" type="stmt"/>
        <line num="146" count="0" type="stmt"/>
        <line num="147" count="0" type="stmt"/>
        <line num="153" count="0" type="stmt"/>
        <line num="154" count="0" type="stmt"/>
        <line num="155" count="0" type="stmt"/>
        <line num="158" count="0" type="stmt"/>
        <line num="159" count="0" type="stmt"/>
        <line num="160" count="0" type="stmt"/>
        <line num="161" count="0" type="stmt"/>
        <line num="162" count="0" type="stmt"/>
        <line num="164" count="0" type="cond" truecount="0" falsecount="4"/>
        <line num="167" count="0" type="stmt"/>
        <line num="215" count="0" type="stmt"/>
        <line num="220" count="0" type="stmt"/>
        <line num="229" count="0" type="stmt"/>
        <line num="246" count="0" type="stmt"/>
        <line num="277" count="0" type="stmt"/>
        <line num="282" count="0" type="stmt"/>
        <line num="294" count="0" type="stmt"/>
        <line num="304" count="0" type="stmt"/>
        <line num="344" count="0" type="stmt"/>
        <line num="372" count="0" type="stmt"/>
        <line num="373" count="0" type="cond" truecount="0" falsecount="2"/>
        <line num="375" count="0" type="cond" truecount="0" falsecount="3"/>
        <line num="376" count="0" type="cond" truecount="0" falsecount="2"/>
        <line num="377" count="0" type="stmt"/>
        <line num="379" count="0" type="stmt"/>
        <line num="383" count="0" type="stmt"/>
        <line num="387" count="0" type="stmt"/>
      </file>
    </package>
    <package name="src.app.stocks.[symbol]">
      <metrics statements="45" coveredstatements="0" conditionals="42" coveredconditionals="0" methods="15" coveredmethods="0"/>
      <file name="page.tsx" path="D:\Work\Trading-app-front\src\app\stocks\[symbol]\page.tsx">
        <metrics statements="45" coveredstatements="0" conditionals="42" coveredconditionals="0" methods="15" coveredmethods="0"/>
        <line num="3" count="0" type="stmt"/>
        <line num="4" count="0" type="stmt"/>
        <line num="5" count="0" type="stmt"/>
        <line num="6" count="0" type="stmt"/>
        <line num="7" count="0" type="stmt"/>
        <line num="8" count="0" type="stmt"/>
        <line num="9" count="0" type="stmt"/>
        <line num="10" count="0" type="stmt"/>
        <line num="11" count="0" type="stmt"/>
        <line num="12" count="0" type="stmt"/>
        <line num="28" count="0" type="stmt"/>
        <line num="30" count="0" type="stmt"/>
        <line num="36" count="0" type="stmt"/>
        <line num="38" count="0" type="stmt"/>
        <line num="44" count="0" type="cond" truecount="0" falsecount="2"/>
        <line num="52" count="0" type="stmt"/>
        <line num="53" count="0" type="stmt"/>
        <line num="54" count="0" type="stmt"/>
        <line num="55" count="0" type="stmt"/>
        <line num="56" count="0" type="stmt"/>
        <line num="57" count="0" type="cond" truecount="0" falsecount="2"/>
        <line num="59" count="0" type="stmt"/>
        <line num="60" count="0" type="stmt"/>
        <line num="61" count="0" type="stmt"/>
        <line num="62" count="0" type="stmt"/>
        <line num="65" count="0" type="stmt"/>
        <line num="66" count="0" type="cond" truecount="0" falsecount="2"/>
        <line num="69" count="0" type="stmt"/>
        <line num="91" count="0" type="stmt"/>
        <line num="92" count="0" type="stmt"/>
        <line num="93" count="0" type="stmt"/>
        <line num="94" count="0" type="stmt"/>
        <line num="96" count="0" type="stmt"/>
        <line num="98" count="0" type="stmt"/>
        <line num="99" count="0" type="cond" truecount="0" falsecount="1"/>
        <line num="100" count="0" type="stmt"/>
        <line num="101" count="0" type="stmt"/>
        <line num="102" count="0" type="cond" truecount="0" falsecount="2"/>
        <line num="104" count="0" type="stmt"/>
        <line num="105" count="0" type="cond" truecount="0" falsecount="2"/>
        <line num="107" count="0" type="stmt"/>
        <line num="108" count="0" type="stmt"/>
        <line num="109" count="0" type="stmt"/>
        <line num="130" count="0" type="stmt"/>
        <line num="239" count="0" type="stmt"/>
      </file>
    </package>
    <package name="src.components">
      <metrics statements="16" coveredstatements="16" conditionals="13" coveredconditionals="12" methods="8" coveredmethods="7"/>
      <file name="PriceFreshnessBanner.tsx" path="D:\Work\Trading-app-front\src\components\PriceFreshnessBanner.tsx">
        <metrics statements="16" coveredstatements="16" conditionals="13" coveredconditionals="12" methods="8" coveredmethods="7"/>
        <line num="3" count="1" type="stmt"/>
        <line num="4" count="1" type="stmt"/>
        <line num="14" count="11" type="stmt"/>
        <line num="19" count="18" type="stmt"/>
        <line num="20" count="18" type="stmt"/>
        <line num="23" count="18" type="stmt"/>
        <line num="24" count="9" type="stmt"/>
        <line num="25" count="9" type="stmt"/>
        <line num="29" count="18" type="stmt"/>
        <line num="30" count="30" type="stmt"/>
        <line num="31" count="30" type="cond" truecount="2" falsecount="0"/>
        <line num="32" count="25" type="stmt"/>
        <line num="35" count="18" type="stmt"/>
        <line num="36" count="10" type="cond" truecount="2" falsecount="0"/>
        <line num="39" count="18" type="cond" truecount="4" falsecount="0"/>
        <line num="54" count="3" type="stmt"/>
      </file>
    </package>
    <package name="src.features.portfolio.components">
      <metrics statements="39" coveredstatements="0" conditionals="66" coveredconditionals="0" methods="19" coveredmethods="0"/>
      <file name="AllocationCharts.tsx" path="D:\Work\Trading-app-front\src\features\portfolio\components\AllocationCharts.tsx">
        <metrics statements="11" coveredstatements="0" conditionals="18" coveredconditionals="0" methods="8" coveredmethods="0"/>
        <line num="3" count="0" type="stmt"/>
        <line num="20" count="0" type="stmt"/>
        <line num="26" count="0" type="stmt"/>
        <line num="43" count="0" type="cond" truecount="0" falsecount="2"/>
        <line num="68" count="0" type="cond" truecount="0" falsecount="2"/>
        <line num="73" count="0" type="stmt"/>
        <line num="89" count="0" type="stmt"/>
        <line num="90" count="0" type="stmt"/>
        <line num="96" count="0" type="cond" truecount="0" falsecount="2"/>
        <line num="102" count="0" type="stmt"/>
        <line num="112" count="0" type="stmt"/>
      </file>
      <file name="PerformerCards.tsx" path="D:\Work\Trading-app-front\src\features\portfolio\components\PerformerCards.tsx">
        <metrics statements="5" coveredstatements="0" conditionals="19" coveredconditionals="0" methods="2" coveredmethods="0"/>
        <line num="3" count="0" type="stmt"/>
        <line num="4" count="0" type="stmt"/>
        <line num="17" count="0" type="stmt"/>
        <line num="65" count="0" type="stmt"/>
        <line num="66" count="0" type="cond" truecount="0" falsecount="4"/>
      </file>
      <file name="PortfolioSummary.tsx" path="D:\Work\Trading-app-front\src\features\portfolio\components\PortfolioSummary.tsx">
        <metrics statements="8" coveredstatements="0" conditionals="17" coveredconditionals="0" methods="2" coveredmethods="0"/>
        <line num="3" count="0" type="stmt"/>
        <line num="4" count="0" type="stmt"/>
        <line num="6" count="0" type="stmt"/>
        <line num="7" count="0" type="stmt"/>
        <line num="9" count="0" type="cond" truecount="0" falsecount="2"/>
        <line num="17" count="0" type="cond" truecount="0" falsecount="4"/>
        <line num="25" count="0" type="stmt"/>
        <line num="51" count="0" type="stmt"/>
      </file>
      <file name="TimelineChart.tsx" path="D:\Work\Trading-app-front\src\features\portfolio\components\TimelineChart.tsx">
        <metrics statements="15" coveredstatements="0" conditionals="12" coveredconditionals="0" methods="7" coveredmethods="0"/>
        <line num="11" count="0" type="stmt"/>
        <line num="18" count="0" type="stmt"/>
        <line num="24" count="0" type="stmt"/>
        <line num="35" count="0" type="stmt"/>
        <line num="36" count="0" type="cond" truecount="0" falsecount="2"/>
        <line num="37" count="0" type="cond" truecount="0" falsecount="2"/>
        <line num="38" count="0" type="stmt"/>
        <line num="41" count="0" type="stmt"/>
        <line num="42" count="0" type="stmt"/>
        <line num="48" count="0" type="cond" truecount="0" falsecount="2"/>
        <line num="49" count="0" type="cond" truecount="0" falsecount="2"/>
        <line num="59" count="0" type="stmt"/>
        <line num="61" count="0" type="stmt"/>
        <line num="95" count="0" type="stmt"/>
        <line num="106" count="0" type="stmt"/>
      </file>
    </package>
    <package name="src.features.portfolio.hooks">
      <metrics statements="5" coveredstatements="5" conditionals="0" coveredconditionals="0" methods="2" coveredmethods="2"/>
      <file name="usePortfolio.ts" path="D:\Work\Trading-app-front\src\features\portfolio\hooks\usePortfolio.ts">
        <metrics statements="5" coveredstatements="5" conditionals="0" coveredconditionals="0" methods="2" coveredmethods="2"/>
        <line num="3" count="1" type="stmt"/>
        <line num="4" count="1" type="stmt"/>
        <line num="22" count="12" type="stmt"/>
        <line num="23" count="12" type="stmt"/>
        <line num="25" count="7" type="stmt"/>
      </file>
    </package>
    <package name="src.features.trade.components">
      <metrics statements="58" coveredstatements="26" conditionals="90" coveredconditionals="29" methods="21" coveredmethods="11"/>
      <file name="TradeForm.tsx" path="D:\Work\Trading-app-front\src\features\trade\components\TradeForm.tsx">
        <metrics statements="32" coveredstatements="0" conditionals="54" coveredconditionals="0" methods="10" coveredmethods="0"/>
        <line num="3" count="0" type="stmt"/>
        <line num="4" count="0" type="stmt"/>
        <line num="5" count="0" type="stmt"/>
        <line num="16" count="0" type="cond" truecount="0" falsecount="1"/>
        <line num="17" count="0" type="stmt"/>
        <line num="18" count="0" type="stmt"/>
        <line num="19" count="0" type="stmt"/>
        <line num="20" count="0" type="stmt"/>
        <line num="22" count="0" type="stmt"/>
        <line num="24" count="0" type="cond" truecount="0" falsecount="2"/>
        <line num="25" count="0" type="cond" truecount="0" falsecount="2"/>
        <line num="27" count="0" type="cond" truecount="0" falsecount="4"/>
        <line num="31" count="0" type="cond" truecount="0" falsecount="3"/>
        <line num="33" count="0" type="stmt"/>
        <line num="34" count="0" type="cond" truecount="0" falsecount="2"/>
        <line num="35" count="0" type="stmt"/>
        <line num="36" count="0" type="stmt"/>
        <line num="39" count="0" type="stmt"/>
        <line num="40" count="0" type="cond" truecount="0" falsecount="2"/>
        <line num="41" count="0" type="stmt"/>
        <line num="47" count="0" type="stmt"/>
        <line num="49" count="0" type="stmt"/>
        <line num="50" count="0" type="stmt"/>
        <line num="51" count="0" type="stmt"/>
        <line num="52" count="0" type="stmt"/>
        <line num="53" count="0" type="stmt"/>
        <line num="60" count="0" type="cond" truecount="0" falsecount="2"/>
        <line num="73" count="0" type="cond" truecount="0" falsecount="2"/>
        <line num="78" count="0" type="stmt"/>
        <line num="142" count="0" type="stmt"/>
        <line num="144" count="0" type="stmt"/>
        <line num="173" count="0" type="stmt"/>
      </file>
      <file name="TransactionHistoryDrawer.tsx" path="D:\Work\Trading-app-front\src\features\trade\components\TransactionHistoryDrawer.tsx">
        <metrics statements="26" coveredstatements="26" conditionals="36" coveredconditionals="29" methods="11" coveredmethods="11"/>
        <line num="3" count="1" type="stmt"/>
        <line num="4" count="1" type="stmt"/>
        <line num="5" count="1" type="stmt"/>
        <line num="6" count="1" type="stmt"/>
        <line num="31" count="1" type="stmt"/>
        <line num="38" count="21" type="stmt"/>
        <line num="41" count="11" type="stmt"/>
        <line num="47" count="13" type="stmt"/>
        <line num="49" count="21" type="stmt"/>
        <line num="50" count="13" type="cond" truecount="2" falsecount="0"/>
        <line num="51" count="11" type="stmt"/>
        <line num="52" count="1" type="cond" truecount="1" falsecount="1"/>
        <line num="54" count="11" type="stmt"/>
        <line num="55" count="11" type="stmt"/>
        <line num="58" count="21" type="stmt"/>
        <line num="59" count="21" type="cond" truecount="2" falsecount="0"/>
        <line num="63" count="21" type="cond" truecount="2" falsecount="0"/>
        <line num="64" count="2" type="stmt"/>
        <line num="65" count="1" type="cond" truecount="1" falsecount="1"/>
        <line num="67" count="21" type="cond" truecount="2" falsecount="0"/>
        <line num="68" count="2" type="stmt"/>
        <line num="69" count="1" type="cond" truecount="1" falsecount="1"/>
        <line num="70" count="21" type="cond" truecount="2" falsecount="0"/>
        <line num="118" count="14" type="stmt"/>
        <line num="119" count="14" type="cond" truecount="1" falsecount="1"/>
        <line num="120" count="14" type="stmt"/>
      </file>
    </package>
    <package name="src.features.trade.hooks">
      <metrics statements="16" coveredstatements="0" conditionals="2" coveredconditionals="0" methods="4" coveredmethods="0"/>
      <file name="useTrade.ts" path="D:\Work\Trading-app-front\src\features\trade\hooks\useTrade.ts">
        <metrics statements="16" coveredstatements="0" conditionals="2" coveredconditionals="0" methods="4" coveredmethods="0"/>
        <line num="3" count="0" type="stmt"/>
        <line num="4" count="0" type="stmt"/>
        <line num="5" count="0" type="stmt"/>
        <line num="6" count="0" type="stmt"/>
        <line num="7" count="0" type="stmt"/>
        <line num="22" count="0" type="stmt"/>
        <line num="23" count="0" type="stmt"/>
        <line num="24" count="0" type="stmt"/>
        <line num="26" count="0" type="stmt"/>
        <line num="28" count="0" type="stmt"/>
        <line num="35" count="0" type="stmt"/>
        <line num="37" count="0" type="stmt"/>
        <line num="39" count="0" type="stmt"/>
        <line num="46" count="0" type="cond" truecount="0" falsecount="2"/>
        <line num="50" count="0" type="stmt"/>
        <line num="54" count="0" type="stmt"/>
      </file>
    </package>
    <package name="src.hooks">
      <metrics statements="86" coveredstatements="60" conditionals="36" coveredconditionals="15" methods="16" coveredmethods="11"/>
      <file name="usePriceStream.ts" path="D:\Work\Trading-app-front\src\hooks\usePriceStream.ts">
        <metrics statements="86" coveredstatements="60" conditionals="36" coveredconditionals="15" methods="16" coveredmethods="11"/>
        <line num="3" count="1" type="stmt"/>
        <line num="4" count="1" type="stmt"/>
        <line num="5" count="1" type="stmt"/>
        <line num="16" count="1" type="stmt"/>
        <line num="18" count="15" type="stmt"/>
        <line num="19" count="15" type="stmt"/>
        <line num="20" count="15" type="stmt"/>
        <line num="21" count="15" type="stmt"/>
        <line num="22" count="15" type="stmt"/>
        <line num="23" count="15" type="stmt"/>
        <line num="24" count="15" type="stmt"/>
        <line num="27" count="15" type="stmt"/>
        <line num="28" count="0" type="cond" truecount="0" falsecount="2"/>
        <line num="30" count="0" type="stmt"/>
        <line num="31" count="0" type="stmt"/>
        <line num="33" count="0" type="stmt"/>
        <line num="34" count="0" type="cond" truecount="0" falsecount="2"/>
        <line num="35" count="0" type="stmt"/>
        <line num="36" count="0" type="stmt"/>
        <line num="37" count="0" type="stmt"/>
        <line num="38" count="0" type="cond" truecount="0" falsecount="4"/>
        <line num="39" count="0" type="stmt"/>
        <line num="40" count="0" type="stmt"/>
        <line num="41" count="0" type="stmt"/>
        <line num="47" count="0" type="stmt"/>
        <line num="48" count="0" type="stmt"/>
        <line num="49" count="0" type="stmt"/>
        <line num="50" count="0" type="cond" truecount="0" falsecount="2"/>
        <line num="52" count="0" type="cond" truecount="0" falsecount="2"/>
        <line num="53" count="0" type="cond" truecount="0" falsecount="2"/>
        <line num="54" count="0" type="stmt"/>
        <line num="57" count="0" type="stmt"/>
        <line num="60" count="0" type="stmt"/>
        <line num="61" count="0" type="stmt"/>
        <line num="62" count="0" type="stmt"/>
        <line num="63" count="0" type="stmt"/>
        <line num="68" count="15" type="stmt"/>
        <line num="69" count="15" type="stmt"/>
        <line num="70" count="18" type="cond" truecount="1" falsecount="1"/>
        <line num="72" count="18" type="stmt"/>
        <line num="73" count="18" type="stmt"/>
        <line num="75" count="18" type="stmt"/>
        <line num="76" count="3" type="cond" truecount="1" falsecount="1"/>
        <line num="77" count="3" type="stmt"/>
        <line num="78" count="3" type="stmt"/>
        <line num="79" count="3" type="stmt"/>
        <line num="80" count="2" type="cond" truecount="3" falsecount="1"/>
        <line num="81" count="2" type="stmt"/>
        <line num="82" count="2" type="stmt"/>
        <line num="83" count="2" type="stmt"/>
        <line num="87" count="18" type="stmt"/>
        <line num="88" count="3" type="stmt"/>
        <line num="89" count="3" type="stmt"/>
        <line num="90" count="3" type="cond" truecount="1" falsecount="1"/>
        <line num="92" count="3" type="cond" truecount="1" falsecount="1"/>
        <line num="93" count="3" type="cond" truecount="1" falsecount="1"/>
        <line num="94" count="0" type="stmt"/>
        <line num="97" count="0" type="stmt"/>
        <line num="100" count="3" type="stmt"/>
        <line num="101" count="3" type="stmt"/>
        <line num="102" count="3" type="stmt"/>
        <line num="103" count="3" type="stmt"/>
        <line num="108" count="15" type="stmt"/>
        <line num="111" count="15" type="stmt"/>
        <line num="112" count="11" type="stmt"/>
        <line num="113" count="11" type="stmt"/>
        <line num="114" count="11" type="stmt"/>
        <line num="115" count="14" type="stmt"/>
        <line num="116" count="11" type="stmt"/>
        <line num="117" count="11" type="stmt"/>
        <line num="118" count="11" type="stmt"/>
        <line num="119" count="11" type="stmt"/>
        <line num="124" count="15" type="stmt"/>
        <line num="125" count="13" type="stmt"/>
        <line num="128" count="13" type="stmt"/>
        <line num="129" count="3" type="cond" truecount="2" falsecount="0"/>
        <line num="130" count="1" type="stmt"/>
        <line num="131" count="1" type="stmt"/>
        <line num="132" count="1" type="stmt"/>
        <line num="133" count="1" type="cond" truecount="1" falsecount="1"/>
        <line num="138" count="13" type="stmt"/>
        <line num="139" count="18" type="cond" truecount="2" falsecount="0"/>
        <line num="140" count="15" type="stmt"/>
        <line num="141" count="15" type="stmt"/>
        <line num="147" count="15" type="stmt"/>
        <line num="149" count="15" type="cond" truecount="2" falsecount="0"/>
      </file>
    </package>
    <package name="src.lib">
      <metrics statements="89" coveredstatements="44" conditionals="75" coveredconditionals="36" methods="17" coveredmethods="6"/>
      <file name="apiClient.ts" path="D:\Work\Trading-app-front\src\lib\apiClient.ts">
        <metrics statements="21" coveredstatements="14" conditionals="14" coveredconditionals="10" methods="6" coveredmethods="3"/>
        <line num="19" count="0" type="stmt"/>
        <line num="26" count="1" type="stmt"/>
        <line num="27" count="1" type="stmt"/>
        <line num="37" count="30" type="stmt"/>
        <line num="47" count="29" type="cond" truecount="2" falsecount="2"/>
        <line num="48" count="0" type="stmt"/>
        <line num="49" count="0" type="stmt"/>
        <line num="54" count="29" type="stmt"/>
        <line num="55" count="29" type="stmt"/>
        <line num="57" count="0" type="stmt"/>
        <line num="68" count="29" type="cond" truecount="4" falsecount="0"/>
        <line num="69" count="1" type="stmt"/>
        <line num="70" count="1" type="stmt"/>
        <line num="72" count="1" type="cond" truecount="2" falsecount="1"/>
        <line num="75" count="1" type="stmt"/>
        <line num="78" count="28" type="stmt"/>
        <line num="81" count="30" type="stmt"/>
        <line num="83" count="30" type="stmt"/>
        <line num="86" count="0" type="stmt"/>
        <line num="93" count="0" type="stmt"/>
        <line num="100" count="0" type="stmt"/>
      </file>
      <file name="decodeJwt.ts" path="D:\Work\Trading-app-front\src\lib\decodeJwt.ts">
        <metrics statements="10" coveredstatements="0" conditionals="6" coveredconditionals="0" methods="1" coveredmethods="0"/>
        <line num="3" count="0" type="stmt"/>
        <line num="4" count="0" type="stmt"/>
        <line num="5" count="0" type="cond" truecount="0" falsecount="2"/>
        <line num="6" count="0" type="stmt"/>
        <line num="7" count="0" type="stmt"/>
        <line num="8" count="0" type="cond" truecount="0" falsecount="2"/>
        <line num="9" count="0" type="stmt"/>
        <line num="13" count="0" type="stmt"/>
        <line num="14" count="0" type="cond" truecount="0" falsecount="2"/>
        <line num="16" count="0" type="stmt"/>
      </file>
      <file name="priceUtils.ts" path="D:\Work\Trading-app-front\src\lib\priceUtils.ts">
        <metrics statements="24" coveredstatements="24" conditionals="32" coveredconditionals="26" methods="2" coveredmethods="2"/>
        <line num="3" count="1" type="stmt"/>
        <line num="9" count="15" type="stmt"/>
        <line num="20" count="7" type="stmt"/>
        <line num="21" count="7" type="cond" truecount="2" falsecount="0"/>
        <line num="23" count="5" type="cond" truecount="2" falsecount="0"/>
        <line num="24" count="5" type="cond" truecount="1" falsecount="1"/>
        <line num="26" count="5" type="stmt"/>
        <line num="27" count="5" type="cond" truecount="2" falsecount="0"/>
        <line num="28" count="4" type="cond" truecount="2" falsecount="0"/>
        <line num="29" count="2" type="cond" truecount="2" falsecount="0"/>
        <line num="30" count="1" type="stmt"/>
        <line num="36" count="8" type="stmt"/>
        <line num="37" count="8" type="cond" truecount="2" falsecount="0"/>
        <line num="39" count="6" type="cond" truecount="1" falsecount="1"/>
        <line num="40" count="6" type="cond" truecount="1" falsecount="1"/>
        <line num="42" count="6" type="stmt"/>
        <line num="43" count="6" type="stmt"/>
        <line num="45" count="6" type="cond" truecount="4" falsecount="0"/>
        <line num="47" count="4" type="stmt"/>
        <line num="48" count="4" type="cond" truecount="3" falsecount="1"/>
        <line num="50" count="2" type="stmt"/>
        <line num="51" count="2" type="cond" truecount="3" falsecount="1"/>
        <line num="53" count="1" type="stmt"/>
        <line num="54" count="1" type="cond" truecount="1" falsecount="1"/>
      </file>
      <file name="proxy.ts" path="D:\Work\Trading-app-front\src\lib\proxy.ts">
        <metrics statements="20" coveredstatements="0" conditionals="13" coveredconditionals="0" methods="6" coveredmethods="0"/>
        <line num="1" count="0" type="stmt"/>
        <line num="3" count="0" type="cond" truecount="0" falsecount="2"/>
        <line num="7" count="0" type="stmt"/>
        <line num="10" count="0" type="stmt"/>
        <line num="15" count="0" type="stmt"/>
        <line num="26" count="0" type="stmt"/>
        <line num="30" count="0" type="cond" truecount="0" falsecount="2"/>
        <line num="31" count="0" type="stmt"/>
        <line num="36" count="0" type="stmt"/>
        <line num="37" count="0" type="stmt"/>
        <line num="38" count="0" type="stmt"/>
        <line num="39" count="0" type="stmt"/>
        <line num="40" count="0" type="stmt"/>
        <line num="44" count="0" type="stmt"/>
        <line num="47" count="0" type="stmt"/>
        <line num="48" count="0" type="stmt"/>
        <line num="49" count="0" type="cond" truecount="0" falsecount="2"/>
        <line num="50" count="0" type="stmt"/>
        <line num="51" count="0" type="cond" truecount="0" falsecount="2"/>
        <line num="53" count="0" type="stmt"/>
      </file>
      <file name="queryClient.ts" path="D:\Work\Trading-app-front\src\lib\queryClient.ts">
        <metrics statements="8" coveredstatements="0" conditionals="10" coveredconditionals="0" methods="1" coveredmethods="0"/>
        <line num="1" count="0" type="stmt"/>
        <line num="2" count="0" type="stmt"/>
        <line num="3" count="0" type="stmt"/>
        <line num="7" count="0" type="cond" truecount="0" falsecount="4"/>
        <line num="9" count="0" type="cond" truecount="0" falsecount="2"/>
        <line num="10" count="0" type="cond" truecount="0" falsecount="2"/>
        <line num="12" count="0" type="stmt"/>
        <line num="17" count="0" type="stmt"/>
      </file>
      <file name="rangeToFromTo.ts" path="D:\Work\Trading-app-front\src\lib\rangeToFromTo.ts">
        <metrics statements="6" coveredstatements="6" conditionals="0" coveredconditionals="0" methods="1" coveredmethods="1"/>
        <line num="3" count="2" type="stmt"/>
        <line num="15" count="25" type="stmt"/>
        <line num="16" count="25" type="stmt"/>
        <line num="17" count="25" type="stmt"/>
        <line num="18" count="25" type="stmt"/>
        <line num="19" count="25" type="stmt"/>
      </file>
    </package>
    <package name="src.providers">
      <metrics statements="5" coveredstatements="0" conditionals="0" coveredconditionals="0" methods="1" coveredmethods="0"/>
      <file name="Providers.tsx" path="D:\Work\Trading-app-front\src\providers\Providers.tsx">
        <metrics statements="5" coveredstatements="0" conditionals="0" coveredconditionals="0" methods="1" coveredmethods="0"/>
        <line num="3" count="0" type="stmt"/>
        <line num="4" count="0" type="stmt"/>
        <line num="5" count="0" type="stmt"/>
        <line num="6" count="0" type="stmt"/>
        <line num="8" count="0" type="stmt"/>
      </file>
    </package>
    <package name="src.store">
      <metrics statements="19" coveredstatements="0" conditionals="4" coveredconditionals="0" methods="5" coveredmethods="0"/>
      <file name="useActiveStock.ts" path="D:\Work\Trading-app-front\src\store\useActiveStock.ts">
        <metrics statements="19" coveredstatements="0" conditionals="4" coveredconditionals="0" methods="5" coveredmethods="0"/>
        <line num="3" count="0" type="stmt"/>
        <line num="4" count="0" type="stmt"/>
        <line num="5" count="0" type="stmt"/>
        <line num="12" count="0" type="stmt"/>
        <line num="14" count="0" type="stmt"/>
        <line num="21" count="0" type="stmt"/>
        <line num="22" count="0" type="stmt"/>
        <line num="23" count="0" type="stmt"/>
        <line num="24" count="0" type="stmt"/>
        <line num="27" count="0" type="stmt"/>
        <line num="28" count="0" type="stmt"/>
        <line num="29" count="0" type="stmt"/>
        <line num="30" count="0" type="cond" truecount="0" falsecount="4"/>
        <line num="31" count="0" type="stmt"/>
        <line num="35" count="0" type="stmt"/>
        <line num="36" count="0" type="stmt"/>
        <line num="37" count="0" type="stmt"/>
        <line num="38" count="0" type="stmt"/>
        <line num="41" count="0" type="stmt"/>
      </file>
    </package>
  </project>
</coverage>
