{"D:\\Work\\Trading-app-front\\src\\middleware.ts": {"path":"D:\\Work\\Trading-app-front\\src\\middleware.ts","statementMap":{"0":{"start":{"line":31,"column":13},"end":{"line":31,"column":22}},"1":{"start":{"line":10,"column":16},"end":{"line":10,"column":27}},"2":{"start":{"line":1,"column":29},"end":{"line":1,"column":null}},"3":{"start":{"line":5,"column":23},"end":{"line":5,"column":null}},"4":{"start":{"line":8,"column":21},"end":{"line":8,"column":null}},"5":{"start":{"line":11,"column":23},"end":{"line":11,"column":38}},"6":{"start":{"line":15,"column":4},"end":{"line":17,"column":null}},"7":{"start":{"line":15,"column":29},"end":{"line":15,"column":null}},"8":{"start":{"line":19,"column":2},"end":{"line":19,"column":null}},"9":{"start":{"line":19,"column":16},"end":{"line":19,"column":null}},"10":{"start":{"line":21,"column":18},"end":{"line":21,"column":null}},"11":{"start":{"line":22,"column":2},"end":{"line":26,"column":null}},"12":{"start":{"line":23,"column":21},"end":{"line":23,"column":null}},"13":{"start":{"line":24,"column":4},"end":{"line":24,"column":null}},"14":{"start":{"line":25,"column":4},"end":{"line":25,"column":null}},"15":{"start":{"line":28,"column":2},"end":{"line":28,"column":null}},"16":{"start":{"line":31,"column":22},"end":{"line":34,"column":null}}},"fnMap":{"0":{"name":"middleware","decl":{"start":{"line":10,"column":16},"end":{"line":10,"column":27}},"loc":{"start":{"line":10,"column":47},"end":{"line":29,"column":null}}},"1":{"name":"(anonymous_4)","decl":{"start":{"line":15,"column":22},"end":{"line":15,"column":23}},"loc":{"start":{"line":15,"column":29},"end":{"line":15,"column":null}}}},"branchMap":{"0":{"loc":{"start":{"line":15,"column":4},"end":{"line":17,"column":null}},"type":"binary-expr","locations":[{"start":{"line":15,"column":4},"end":{"line":15,"column":null}},{"start":{"line":16,"column":4},"end":{"line":16,"column":null}},{"start":{"line":17,"column":4},"end":{"line":17,"column":null}}]},"1":{"loc":{"start":{"line":19,"column":2},"end":{"line":19,"column":null}},"type":"if","locations":[{"start":{"line":19,"column":2},"end":{"line":19,"column":null}},{"start":{},"end":{}}]},"2":{"loc":{"start":{"line":22,"column":2},"end":{"line":26,"column":null}},"type":"if","locations":[{"start":{"line":22,"column":2},"end":{"line":26,"column":null}},{"start":{},"end":{}}]}},"s":{"0":0,"1":0,"2":0,"3":0,"4":0,"5":0,"6":0,"7":0,"8":0,"9":0,"10":0,"11":0,"12":0,"13":0,"14":0,"15":0,"16":0},"f":{"0":0,"1":0},"b":{"0":[0,0,0],"1":[0,0],"2":[0,0]}}
,"D:\\Work\\Trading-app-front\\src\\app\\page.tsx": {"path":"D:\\Work\\Trading-app-front\\src\\app\\page.tsx","statementMap":{"0":{"start":{"line":3,"column":24},"end":{"line":3,"column":null}},"1":{"start":{"line":1,"column":25},"end":{"line":1,"column":null}},"2":{"start":{"line":4,"column":2},"end":{"line":4,"column":null}}},"fnMap":{"0":{"name":"Home","decl":{"start":{"line":3,"column":24},"end":{"line":3,"column":null}},"loc":{"start":{"line":3,"column":24},"end":{"line":5,"column":null}}}},"branchMap":{},"s":{"0":0,"1":0,"2":0},"f":{"0":0},"b":{}}
,"D:\\Work\\Trading-app-front\\src\\app\\api\\auth\\login\\route.ts": {"path":"D:\\Work\\Trading-app-front\\src\\app\\api\\auth\\login\\route.ts","statementMap":{"0":{"start":{"line":4,"column":22},"end":{"line":4,"column":27}},"1":{"start":{"line":2,"column":42},"end":{"line":2,"column":null}},"2":{"start":{"line":5,"column":15},"end":{"line":5,"column":null}},"3":{"start":{"line":6,"column":21},"end":{"line":9,"column":null}},"4":{"start":{"line":11,"column":2},"end":{"line":11,"column":null}}},"fnMap":{"0":{"name":"POST","decl":{"start":{"line":4,"column":22},"end":{"line":4,"column":27}},"loc":{"start":{"line":4,"column":43},"end":{"line":12,"column":null}}}},"branchMap":{"0":{"loc":{"start":{"line":9,"column":4},"end":{"line":9,"column":null}},"type":"binary-expr","locations":[{"start":{"line":9,"column":4},"end":{"line":9,"column":33}},{"start":{"line":9,"column":33},"end":{"line":9,"column":null}}]}},"s":{"0":0,"1":0,"2":0,"3":0,"4":0},"f":{"0":0},"b":{"0":[0,0]}}
,"D:\\Work\\Trading-app-front\\src\\app\\api\\auth\\logout\\route.ts": {"path":"D:\\Work\\Trading-app-front\\src\\app\\api\\auth\\logout\\route.ts","statementMap":{"0":{"start":{"line":4,"column":22},"end":{"line":4,"column":27}},"1":{"start":{"line":2,"column":42},"end":{"line":2,"column":null}},"2":{"start":{"line":5,"column":21},"end":{"line":8,"column":null}},"3":{"start":{"line":10,"column":2},"end":{"line":10,"column":null}}},"fnMap":{"0":{"name":"POST","decl":{"start":{"line":4,"column":22},"end":{"line":4,"column":27}},"loc":{"start":{"line":4,"column":43},"end":{"line":11,"column":null}}}},"branchMap":{"0":{"loc":{"start":{"line":8,"column":4},"end":{"line":8,"column":null}},"type":"binary-expr","locations":[{"start":{"line":8,"column":4},"end":{"line":8,"column":33}},{"start":{"line":8,"column":33},"end":{"line":8,"column":null}}]}},"s":{"0":0,"1":0,"2":0,"3":0},"f":{"0":0},"b":{"0":[0,0]}}
,"D:\\Work\\Trading-app-front\\src\\app\\api\\auth\\me\\route.ts": {"path":"D:\\Work\\Trading-app-front\\src\\app\\api\\auth\\me\\route.ts","statementMap":{"0":{"start":{"line":4,"column":22},"end":{"line":4,"column":26}},"1":{"start":{"line":2,"column":42},"end":{"line":2,"column":null}},"2":{"start":{"line":5,"column":21},"end":{"line":8,"column":null}},"3":{"start":{"line":10,"column":2},"end":{"line":10,"column":null}}},"fnMap":{"0":{"name":"GET","decl":{"start":{"line":4,"column":22},"end":{"line":4,"column":26}},"loc":{"start":{"line":4,"column":42},"end":{"line":11,"column":null}}}},"branchMap":{"0":{"loc":{"start":{"line":8,"column":4},"end":{"line":8,"column":null}},"type":"binary-expr","locations":[{"start":{"line":8,"column":4},"end":{"line":8,"column":33}},{"start":{"line":8,"column":33},"end":{"line":8,"column":null}}]}},"s":{"0":0,"1":0,"2":0,"3":0},"f":{"0":0},"b":{"0":[0,0]}}
,"D:\\Work\\Trading-app-front\\src\\app\\api\\auth\\register\\route.ts": {"path":"D:\\Work\\Trading-app-front\\src\\app\\api\\auth\\register\\route.ts","statementMap":{"0":{"start":{"line":4,"column":22},"end":{"line":4,"column":27}},"1":{"start":{"line":2,"column":42},"end":{"line":2,"column":null}},"2":{"start":{"line":5,"column":15},"end":{"line":5,"column":null}},"3":{"start":{"line":6,"column":21},"end":{"line":9,"column":null}},"4":{"start":{"line":11,"column":2},"end":{"line":11,"column":null}}},"fnMap":{"0":{"name":"POST","decl":{"start":{"line":4,"column":22},"end":{"line":4,"column":27}},"loc":{"start":{"line":4,"column":43},"end":{"line":12,"column":null}}}},"branchMap":{"0":{"loc":{"start":{"line":9,"column":4},"end":{"line":9,"column":null}},"type":"binary-expr","locations":[{"start":{"line":9,"column":4},"end":{"line":9,"column":33}},{"start":{"line":9,"column":33},"end":{"line":9,"column":null}}]}},"s":{"0":0,"1":0,"2":0,"3":0,"4":0},"f":{"0":0},"b":{"0":[0,0]}}
,"D:\\Work\\Trading-app-front\\src\\app\\api\\portfolio\\route.ts": {"path":"D:\\Work\\Trading-app-front\\src\\app\\api\\portfolio\\route.ts","statementMap":{"0":{"start":{"line":64,"column":22},"end":{"line":64,"column":26}},"1":{"start":{"line":1,"column":42},"end":{"line":1,"column":null}},"2":{"start":{"line":2,"column":47},"end":{"line":2,"column":null}},"3":{"start":{"line":4,"column":16},"end":{"line":4,"column":null}},"4":{"start":{"line":19,"column":13},"end":{"line":19,"column":null}},"5":{"start":{"line":20,"column":18},"end":{"line":20,"column":null}},"6":{"start":{"line":20,"column":35},"end":{"line":20,"column":47}},"7":{"start":{"line":22,"column":2},"end":{"line":61,"column":null}},"8":{"start":{"line":23,"column":16},"end":{"line":25,"column":null}},"9":{"start":{"line":28,"column":4},"end":{"line":28,"column":null}},"10":{"start":{"line":28,"column":30},"end":{"line":28,"column":null}},"11":{"start":{"line":30,"column":19},"end":{"line":30,"column":null}},"12":{"start":{"line":31,"column":16},"end":{"line":31,"column":null}},"13":{"start":{"line":32,"column":14},"end":{"line":32,"column":null}},"14":{"start":{"line":34,"column":4},"end":{"line":54,"column":null}},"15":{"start":{"line":35,"column":30},"end":{"line":35,"column":null}},"16":{"start":{"line":36,"column":6},"end":{"line":36,"column":null}},"17":{"start":{"line":36,"column":16},"end":{"line":36,"column":null}},"18":{"start":{"line":38,"column":6},"end":{"line":38,"column":null}},"19":{"start":{"line":39,"column":6},"end":{"line":50,"column":null}},"20":{"start":{"line":40,"column":8},"end":{"line":40,"column":null}},"21":{"start":{"line":40,"column":39},"end":{"line":40,"column":null}},"22":{"start":{"line":41,"column":20},"end":{"line":41,"column":null}},"23":{"start":{"line":42,"column":8},"end":{"line":42,"column":null}},"24":{"start":{"line":42,"column":18},"end":{"line":42,"column":null}},"25":{"start":{"line":43,"column":8},"end":{"line":49,"column":null}},"26":{"start":{"line":44,"column":41},"end":{"line":44,"column":null}},"27":{"start":{"line":45,"column":10},"end":{"line":48,"column":null}},"28":{"start":{"line":46,"column":12},"end":{"line":46,"column":null}},"29":{"start":{"line":47,"column":12},"end":{"line":47,"column":null}},"30":{"start":{"line":52,"column":20},"end":{"line":52,"column":null}},"31":{"start":{"line":53,"column":6},"end":{"line":53,"column":null}},"32":{"start":{"line":56,"column":4},"end":{"line":56,"column":null}},"33":{"start":{"line":58,"column":4},"end":{"line":58,"column":null}},"34":{"start":{"line":60,"column":4},"end":{"line":60,"column":null}},"35":{"start":{"line":65,"column":23},"end":{"line":65,"column":null}},"36":{"start":{"line":67,"column":17},"end":{"line":67,"column":null}},"37":{"start":{"line":68,"column":2},"end":{"line":73,"column":null}},"38":{"start":{"line":69,"column":4},"end":{"line":71,"column":null}},"39":{"start":{"line":75,"column":21},"end":{"line":75,"column":null}},"40":{"start":{"line":76,"column":2},"end":{"line":79,"column":null}},"41":{"start":{"line":77,"column":17},"end":{"line":77,"column":null}},"42":{"start":{"line":78,"column":4},"end":{"line":78,"column":null}},"43":{"start":{"line":81,"column":47},"end":{"line":81,"column":null}},"44":{"start":{"line":83,"column":24},"end":{"line":83,"column":null}},"45":{"start":{"line":84,"column":23},"end":{"line":84,"column":43}},"46":{"start":{"line":87,"column":24},"end":{"line":87,"column":null}},"47":{"start":{"line":87,"column":60},"end":{"line":87,"column":68}},"48":{"start":{"line":88,"column":19},"end":{"line":90,"column":null}},"49":{"start":{"line":90,"column":39},"end":{"line":90,"column":null}},"50":{"start":{"line":94,"column":20},"end":{"line":110,"column":null}},"51":{"start":{"line":95,"column":20},"end":{"line":95,"column":null}},"52":{"start":{"line":96,"column":25},"end":{"line":96,"column":null}},"53":{"start":{"line":97,"column":16},"end":{"line":97,"column":null}},"54":{"start":{"line":98,"column":23},"end":{"line":100,"column":null}},"55":{"start":{"line":102,"column":4},"end":{"line":109,"column":null}},"56":{"start":{"line":112,"column":21},"end":{"line":113,"column":null}},"57":{"start":{"line":113,"column":33},"end":{"line":113,"column":66}},"58":{"start":{"line":115,"column":19},"end":{"line":115,"column":null}},"59":{"start":{"line":115,"column":59},"end":{"line":115,"column":70}},"60":{"start":{"line":117,"column":4},"end":{"line":119,"column":null}},"61":{"start":{"line":121,"column":2},"end":{"line":129,"column":null}}},"fnMap":{"0":{"name":"fetchCurrentPrice","decl":{"start":{"line":18,"column":15},"end":{"line":18,"column":33}},"loc":{"start":{"line":18,"column":69},"end":{"line":62,"column":null}}},"1":{"name":"(anonymous_2)","decl":{"start":{"line":20,"column":29},"end":{"line":20,"column":35}},"loc":{"start":{"line":20,"column":35},"end":{"line":20,"column":47}}},"2":{"name":"GET","decl":{"start":{"line":64,"column":22},"end":{"line":64,"column":26}},"loc":{"start":{"line":64,"column":42},"end":{"line":130,"column":null}}},"3":{"name":"(anonymous_4)","decl":{"start":{"line":87,"column":53},"end":{"line":87,"column":54}},"loc":{"start":{"line":87,"column":60},"end":{"line":87,"column":68}}},"4":{"name":"(anonymous_5)","decl":{"start":{"line":90,"column":24},"end":{"line":90,"column":31}},"loc":{"start":{"line":90,"column":39},"end":{"line":90,"column":null}}},"5":{"name":"(anonymous_6)","decl":{"start":{"line":94,"column":37},"end":{"line":94,"column":38}},"loc":{"start":{"line":94,"column":38},"end":{"line":110,"column":null}}},"6":{"name":"(anonymous_7)","decl":{"start":{"line":113,"column":21},"end":{"line":113,"column":22}},"loc":{"start":{"line":113,"column":33},"end":{"line":113,"column":66}}},"7":{"name":"(anonymous_8)","decl":{"start":{"line":115,"column":47},"end":{"line":115,"column":48}},"loc":{"start":{"line":115,"column":59},"end":{"line":115,"column":70}}}},"branchMap":{"0":{"loc":{"start":{"line":4,"column":16},"end":{"line":4,"column":null}},"type":"binary-expr","locations":[{"start":{"line":4,"column":16},"end":{"line":4,"column":39}},{"start":{"line":4,"column":43},"end":{"line":4,"column":null}}]},"1":{"loc":{"start":{"line":28,"column":4},"end":{"line":28,"column":null}},"type":"if","locations":[{"start":{"line":28,"column":4},"end":{"line":28,"column":null}},{"start":{},"end":{}}]},"2":{"loc":{"start":{"line":28,"column":8},"end":{"line":28,"column":28}},"type":"binary-expr","locations":[{"start":{"line":28,"column":8},"end":{"line":28,"column":15}},{"start":{"line":28,"column":19},"end":{"line":28,"column":28}}]},"3":{"loc":{"start":{"line":36,"column":6},"end":{"line":36,"column":null}},"type":"if","locations":[{"start":{"line":36,"column":6},"end":{"line":36,"column":null}},{"start":{},"end":{}}]},"4":{"loc":{"start":{"line":40,"column":8},"end":{"line":40,"column":null}},"type":"if","locations":[{"start":{"line":40,"column":8},"end":{"line":40,"column":null}},{"start":{},"end":{}}]},"5":{"loc":{"start":{"line":42,"column":8},"end":{"line":42,"column":null}},"type":"if","locations":[{"start":{"line":42,"column":8},"end":{"line":42,"column":null}},{"start":{},"end":{}}]},"6":{"loc":{"start":{"line":45,"column":10},"end":{"line":48,"column":null}},"type":"if","locations":[{"start":{"line":45,"column":10},"end":{"line":48,"column":null}},{"start":{},"end":{}}]},"7":{"loc":{"start":{"line":53,"column":12},"end":{"line":53,"column":null}},"type":"binary-expr","locations":[{"start":{"line":53,"column":12},"end":{"line":53,"column":27}},{"start":{"line":53,"column":27},"end":{"line":53,"column":null}}]},"8":{"loc":{"start":{"line":65,"column":23},"end":{"line":65,"column":null}},"type":"binary-expr","locations":[{"start":{"line":65,"column":23},"end":{"line":65,"column":52}},{"start":{"line":65,"column":52},"end":{"line":65,"column":null}}]},"9":{"loc":{"start":{"line":68,"column":2},"end":{"line":73,"column":null}},"type":"if","locations":[{"start":{"line":68,"column":2},"end":{"line":73,"column":null}},{"start":{},"end":{}}]},"10":{"loc":{"start":{"line":76,"column":2},"end":{"line":79,"column":null}},"type":"if","locations":[{"start":{"line":76,"column":2},"end":{"line":79,"column":null}},{"start":{},"end":{}}]},"11":{"loc":{"start":{"line":84,"column":23},"end":{"line":84,"column":43}},"type":"binary-expr","locations":[{"start":{"line":84,"column":23},"end":{"line":84,"column":37}},{"start":{"line":84,"column":41},"end":{"line":84,"column":43}}]},"12":{"loc":{"start":{"line":96,"column":25},"end":{"line":96,"column":null}},"type":"binary-expr","locations":[{"start":{"line":96,"column":25},"end":{"line":96,"column":43}},{"start":{"line":96,"column":47},"end":{"line":96,"column":null}}]},"13":{"loc":{"start":{"line":98,"column":23},"end":{"line":100,"column":null}},"type":"cond-expr","locations":[{"start":{"line":99,"column":8},"end":{"line":99,"column":null}},{"start":{"line":100,"column":8},"end":{"line":100,"column":null}}]},"14":{"loc":{"start":{"line":117,"column":4},"end":{"line":119,"column":null}},"type":"cond-expr","locations":[{"start":{"line":118,"column":8},"end":{"line":118,"column":null}},{"start":{"line":119,"column":8},"end":{"line":119,"column":null}}]}},"s":{"0":0,"1":0,"2":0,"3":0,"4":0,"5":0,"6":0,"7":0,"8":0,"9":0,"10":0,"11":0,"12":0,"13":0,"14":0,"15":0,"16":0,"17":0,"18":0,"19":0,"20":0,"21":0,"22":0,"23":0,"24":0,"25":0,"26":0,"27":0,"28":0,"29":0,"30":0,"31":0,"32":0,"33":0,"34":0,"35":0,"36":0,"37":0,"38":0,"39":0,"40":0,"41":0,"42":0,"43":0,"44":0,"45":0,"46":0,"47":0,"48":0,"49":0,"50":0,"51":0,"52":0,"53":0,"54":0,"55":0,"56":0,"57":0,"58":0,"59":0,"60":0,"61":0},"f":{"0":0,"1":0,"2":0,"3":0,"4":0,"5":0,"6":0,"7":0},"b":{"0":[0,0],"1":[0,0],"2":[0,0],"3":[0,0],"4":[0,0],"5":[0,0],"6":[0,0],"7":[0,0],"8":[0,0],"9":[0,0],"10":[0,0],"11":[0,0],"12":[0,0],"13":[0,0],"14":[0,0]}}
,"D:\\Work\\Trading-app-front\\src\\app\\api\\portfolio\\allocation\\route.ts": {"path":"D:\\Work\\Trading-app-front\\src\\app\\api\\portfolio\\allocation\\route.ts","statementMap":{"0":{"start":{"line":5,"column":22},"end":{"line":5,"column":26}},"1":{"start":{"line":1,"column":42},"end":{"line":1,"column":null}},"2":{"start":{"line":2,"column":29},"end":{"line":2,"column":null}},"3":{"start":{"line":3,"column":42},"end":{"line":3,"column":null}},"4":{"start":{"line":6,"column":23},"end":{"line":6,"column":null}},"5":{"start":{"line":7,"column":17},"end":{"line":7,"column":null}},"6":{"start":{"line":8,"column":2},"end":{"line":10,"column":null}},"7":{"start":{"line":9,"column":4},"end":{"line":9,"column":null}},"8":{"start":{"line":12,"column":21},"end":{"line":12,"column":null}},"9":{"start":{"line":14,"column":2},"end":{"line":16,"column":null}},"10":{"start":{"line":15,"column":4},"end":{"line":15,"column":null}},"11":{"start":{"line":18,"column":15},"end":{"line":18,"column":null}},"12":{"start":{"line":19,"column":2},"end":{"line":19,"column":null}}},"fnMap":{"0":{"name":"GET","decl":{"start":{"line":5,"column":22},"end":{"line":5,"column":26}},"loc":{"start":{"line":5,"column":42},"end":{"line":20,"column":null}}}},"branchMap":{"0":{"loc":{"start":{"line":6,"column":23},"end":{"line":6,"column":null}},"type":"binary-expr","locations":[{"start":{"line":6,"column":23},"end":{"line":6,"column":52}},{"start":{"line":6,"column":52},"end":{"line":6,"column":null}}]},"1":{"loc":{"start":{"line":8,"column":2},"end":{"line":10,"column":null}},"type":"if","locations":[{"start":{"line":8,"column":2},"end":{"line":10,"column":null}},{"start":{},"end":{}}]},"2":{"loc":{"start":{"line":14,"column":2},"end":{"line":16,"column":null}},"type":"if","locations":[{"start":{"line":14,"column":2},"end":{"line":16,"column":null}},{"start":{},"end":{}}]}},"s":{"0":4,"1":1,"2":1,"3":1,"4":4,"5":4,"6":4,"7":1,"8":3,"9":3,"10":1,"11":2,"12":2},"f":{"0":4},"b":{"0":[4,0],"1":[1,3],"2":[1,2]}}
,"D:\\Work\\Trading-app-front\\src\\app\\api\\portfolio\\analytics\\route.ts": {"path":"D:\\Work\\Trading-app-front\\src\\app\\api\\portfolio\\analytics\\route.ts","statementMap":{"0":{"start":{"line":4,"column":22},"end":{"line":4,"column":26}},"1":{"start":{"line":1,"column":42},"end":{"line":1,"column":null}},"2":{"start":{"line":2,"column":47},"end":{"line":2,"column":null}},"3":{"start":{"line":5,"column":23},"end":{"line":5,"column":null}},"4":{"start":{"line":7,"column":17},"end":{"line":7,"column":null}},"5":{"start":{"line":8,"column":2},"end":{"line":13,"column":null}},"6":{"start":{"line":9,"column":4},"end":{"line":11,"column":null}},"7":{"start":{"line":15,"column":21},"end":{"line":18,"column":null}},"8":{"start":{"line":21,"column":2},"end":{"line":23,"column":null}},"9":{"start":{"line":22,"column":4},"end":{"line":22,"column":null}},"10":{"start":{"line":25,"column":15},"end":{"line":25,"column":null}},"11":{"start":{"line":26,"column":2},"end":{"line":26,"column":null}}},"fnMap":{"0":{"name":"GET","decl":{"start":{"line":4,"column":22},"end":{"line":4,"column":26}},"loc":{"start":{"line":4,"column":42},"end":{"line":27,"column":null}}}},"branchMap":{"0":{"loc":{"start":{"line":5,"column":23},"end":{"line":5,"column":null}},"type":"binary-expr","locations":[{"start":{"line":5,"column":23},"end":{"line":5,"column":52}},{"start":{"line":5,"column":52},"end":{"line":5,"column":null}}]},"1":{"loc":{"start":{"line":8,"column":2},"end":{"line":13,"column":null}},"type":"if","locations":[{"start":{"line":8,"column":2},"end":{"line":13,"column":null}},{"start":{},"end":{}}]},"2":{"loc":{"start":{"line":21,"column":2},"end":{"line":23,"column":null}},"type":"if","locations":[{"start":{"line":21,"column":2},"end":{"line":23,"column":null}},{"start":{},"end":{}}]}},"s":{"0":0,"1":0,"2":0,"3":0,"4":0,"5":0,"6":0,"7":0,"8":0,"9":0,"10":0,"11":0},"f":{"0":0},"b":{"0":[0,0],"1":[0,0],"2":[0,0]}}
,"D:\\Work\\Trading-app-front\\src\\app\\api\\portfolio\\stock\\[symbol]\\history\\route.ts": {"path":"D:\\Work\\Trading-app-front\\src\\app\\api\\portfolio\\stock\\[symbol]\\history\\route.ts","statementMap":{"0":{"start":{"line":5,"column":22},"end":{"line":5,"column":null}},"1":{"start":{"line":1,"column":42},"end":{"line":1,"column":null}},"2":{"start":{"line":2,"column":29},"end":{"line":2,"column":null}},"3":{"start":{"line":3,"column":42},"end":{"line":3,"column":null}},"4":{"start":{"line":9,"column":21},"end":{"line":9,"column":null}},"5":{"start":{"line":10,"column":23},"end":{"line":10,"column":null}},"6":{"start":{"line":11,"column":17},"end":{"line":11,"column":null}},"7":{"start":{"line":12,"column":2},"end":{"line":14,"column":null}},"8":{"start":{"line":13,"column":4},"end":{"line":13,"column":null}},"9":{"start":{"line":16,"column":21},"end":{"line":19,"column":null}},"10":{"start":{"line":22,"column":2},"end":{"line":24,"column":null}},"11":{"start":{"line":23,"column":4},"end":{"line":23,"column":null}},"12":{"start":{"line":26,"column":15},"end":{"line":26,"column":null}},"13":{"start":{"line":27,"column":2},"end":{"line":27,"column":null}}},"fnMap":{"0":{"name":"GET","decl":{"start":{"line":5,"column":22},"end":{"line":5,"column":null}},"loc":{"start":{"line":7,"column":53},"end":{"line":28,"column":null}}}},"branchMap":{"0":{"loc":{"start":{"line":10,"column":23},"end":{"line":10,"column":null}},"type":"binary-expr","locations":[{"start":{"line":10,"column":23},"end":{"line":10,"column":52}},{"start":{"line":10,"column":52},"end":{"line":10,"column":null}}]},"1":{"loc":{"start":{"line":12,"column":2},"end":{"line":14,"column":null}},"type":"if","locations":[{"start":{"line":12,"column":2},"end":{"line":14,"column":null}},{"start":{},"end":{}}]},"2":{"loc":{"start":{"line":22,"column":2},"end":{"line":24,"column":null}},"type":"if","locations":[{"start":{"line":22,"column":2},"end":{"line":24,"column":null}},{"start":{},"end":{}}]}},"s":{"0":0,"1":0,"2":0,"3":0,"4":0,"5":0,"6":0,"7":0,"8":0,"9":0,"10":0,"11":0,"12":0,"13":0},"f":{"0":0},"b":{"0":[0,0],"1":[0,0],"2":[0,0]}}
,"D:\\Work\\Trading-app-front\\src\\app\\api\\portfolio\\timeline\\route.ts": {"path":"D:\\Work\\Trading-app-front\\src\\app\\api\\portfolio\\timeline\\route.ts","statementMap":{"0":{"start":{"line":5,"column":22},"end":{"line":5,"column":26}},"1":{"start":{"line":1,"column":42},"end":{"line":1,"column":null}},"2":{"start":{"line":2,"column":29},"end":{"line":2,"column":null}},"3":{"start":{"line":3,"column":42},"end":{"line":3,"column":null}},"4":{"start":{"line":6,"column":23},"end":{"line":6,"column":null}},"5":{"start":{"line":7,"column":17},"end":{"line":7,"column":null}},"6":{"start":{"line":8,"column":2},"end":{"line":10,"column":null}},"7":{"start":{"line":9,"column":4},"end":{"line":9,"column":null}},"8":{"start":{"line":12,"column":17},"end":{"line":12,"column":35}},"9":{"start":{"line":13,"column":21},"end":{"line":13,"column":null}},"10":{"start":{"line":15,"column":2},"end":{"line":17,"column":null}},"11":{"start":{"line":16,"column":4},"end":{"line":16,"column":null}},"12":{"start":{"line":19,"column":15},"end":{"line":19,"column":null}},"13":{"start":{"line":20,"column":2},"end":{"line":20,"column":null}}},"fnMap":{"0":{"name":"GET","decl":{"start":{"line":5,"column":22},"end":{"line":5,"column":26}},"loc":{"start":{"line":5,"column":42},"end":{"line":21,"column":null}}}},"branchMap":{"0":{"loc":{"start":{"line":6,"column":23},"end":{"line":6,"column":null}},"type":"binary-expr","locations":[{"start":{"line":6,"column":23},"end":{"line":6,"column":52}},{"start":{"line":6,"column":52},"end":{"line":6,"column":null}}]},"1":{"loc":{"start":{"line":8,"column":2},"end":{"line":10,"column":null}},"type":"if","locations":[{"start":{"line":8,"column":2},"end":{"line":10,"column":null}},{"start":{},"end":{}}]},"2":{"loc":{"start":{"line":15,"column":2},"end":{"line":17,"column":null}},"type":"if","locations":[{"start":{"line":15,"column":2},"end":{"line":17,"column":null}},{"start":{},"end":{}}]}},"s":{"0":5,"1":1,"2":1,"3":1,"4":5,"5":5,"6":5,"7":1,"8":4,"9":4,"10":4,"11":1,"12":3,"13":3},"f":{"0":5},"b":{"0":[5,0],"1":[1,4],"2":[1,3]}}
,"D:\\Work\\Trading-app-front\\src\\app\\api\\prices\\route.ts": {"path":"D:\\Work\\Trading-app-front\\src\\app\\api\\prices\\route.ts","statementMap":{"0":{"start":{"line":7,"column":22},"end":{"line":7,"column":26}},"1":{"start":{"line":3,"column":13},"end":{"line":3,"column":23}},"2":{"start":{"line":3,"column":23},"end":{"line":3,"column":null}},"3":{"start":{"line":5,"column":16},"end":{"line":5,"column":null}},"4":{"start":{"line":8,"column":17},"end":{"line":8,"column":null}},"5":{"start":{"line":9,"column":23},"end":{"line":9,"column":null}},"6":{"start":{"line":10,"column":21},"end":{"line":10,"column":81}},"7":{"start":{"line":12,"column":17},"end":{"line":91,"column":null}},"8":{"start":{"line":15,"column":7},"end":{"line":89,"column":null}},"9":{"start":{"line":16,"column":20},"end":{"line":16,"column":null}},"10":{"start":{"line":17,"column":39},"end":{"line":17,"column":null}},"11":{"start":{"line":19,"column":8},"end":{"line":86,"column":null}},"12":{"start":{"line":20,"column":29},"end":{"line":23,"column":null}},"13":{"start":{"line":25,"column":10},"end":{"line":28,"column":null}},"14":{"start":{"line":26,"column":12},"end":{"line":26,"column":null}},"15":{"start":{"line":27,"column":12},"end":{"line":27,"column":null}},"16":{"start":{"line":30,"column":25},"end":{"line":30,"column":null}},"17":{"start":{"line":31,"column":22},"end":{"line":31,"column":null}},"18":{"start":{"line":32,"column":20},"end":{"line":32,"column":null}},"19":{"start":{"line":34,"column":10},"end":{"line":76,"column":null}},"20":{"start":{"line":35,"column":12},"end":{"line":73,"column":null}},"21":{"start":{"line":36,"column":38},"end":{"line":36,"column":null}},"22":{"start":{"line":37,"column":14},"end":{"line":37,"column":null}},"23":{"start":{"line":37,"column":24},"end":{"line":37,"column":null}},"24":{"start":{"line":39,"column":14},"end":{"line":39,"column":null}},"25":{"start":{"line":40,"column":28},"end":{"line":40,"column":null}},"26":{"start":{"line":41,"column":14},"end":{"line":41,"column":null}},"27":{"start":{"line":43,"column":14},"end":{"line":72,"column":null}},"28":{"start":{"line":44,"column":16},"end":{"line":44,"column":null}},"29":{"start":{"line":44,"column":47},"end":{"line":44,"column":null}},"30":{"start":{"line":45,"column":28},"end":{"line":45,"column":null}},"31":{"start":{"line":46,"column":16},"end":{"line":46,"column":null}},"32":{"start":{"line":46,"column":26},"end":{"line":46,"column":null}},"33":{"start":{"line":48,"column":16},"end":{"line":71,"column":null}},"34":{"start":{"line":50,"column":84},"end":{"line":50,"column":null}},"35":{"start":{"line":52,"column":18},"end":{"line":52,"column":null}},"36":{"start":{"line":52,"column":42},"end":{"line":52,"column":null}},"37":{"start":{"line":54,"column":33},"end":{"line":54,"column":null}},"38":{"start":{"line":55,"column":40},"end":{"line":55,"column":null}},"39":{"start":{"line":57,"column":34},"end":{"line":66,"column":null}},"40":{"start":{"line":68,"column":18},"end":{"line":68,"column":null}},"41":{"start":{"line":75,"column":12},"end":{"line":75,"column":null}},"42":{"start":{"line":75,"column":18},"end":{"line":75,"column":35}},"43":{"start":{"line":80,"column":12},"end":{"line":81,"column":null}},"44":{"start":{"line":82,"column":10},"end":{"line":85,"column":null}},"45":{"start":{"line":83,"column":12},"end":{"line":83,"column":null}},"46":{"start":{"line":83,"column":18},"end":{"line":83,"column":41}},"47":{"start":{"line":84,"column":12},"end":{"line":84,"column":null}},"48":{"start":{"line":88,"column":8},"end":{"line":88,"column":null}},"49":{"start":{"line":88,"column":14},"end":{"line":88,"column":34}},"50":{"start":{"line":93,"column":2},"end":{"line":100,"column":null}}},"fnMap":{"0":{"name":"GET","decl":{"start":{"line":7,"column":22},"end":{"line":7,"column":26}},"loc":{"start":{"line":7,"column":42},"end":{"line":101,"column":null}}},"1":{"name":"(anonymous_4)","decl":{"start":{"line":13,"column":4},"end":{"line":13,"column":10}},"loc":{"start":{"line":13,"column":20},"end":{"line":90,"column":null}}},"2":{"name":"(anonymous_5)","decl":{"start":{"line":15,"column":7},"end":{"line":15,"column":null}},"loc":{"start":{"line":15,"column":7},"end":{"line":89,"column":null}}}},"branchMap":{"0":{"loc":{"start":{"line":5,"column":16},"end":{"line":5,"column":null}},"type":"binary-expr","locations":[{"start":{"line":5,"column":16},"end":{"line":5,"column":39}},{"start":{"line":5,"column":43},"end":{"line":5,"column":null}}]},"1":{"loc":{"start":{"line":8,"column":17},"end":{"line":8,"column":null}},"type":"binary-expr","locations":[{"start":{"line":8,"column":17},"end":{"line":8,"column":74}},{"start":{"line":8,"column":74},"end":{"line":8,"column":null}}]},"2":{"loc":{"start":{"line":9,"column":23},"end":{"line":9,"column":null}},"type":"binary-expr","locations":[{"start":{"line":9,"column":23},"end":{"line":9,"column":52}},{"start":{"line":9,"column":52},"end":{"line":9,"column":null}}]},"3":{"loc":{"start":{"line":25,"column":10},"end":{"line":28,"column":null}},"type":"if","locations":[{"start":{"line":25,"column":10},"end":{"line":28,"column":null}},{"start":{},"end":{}}]},"4":{"loc":{"start":{"line":25,"column":14},"end":{"line":25,"column":48}},"type":"binary-expr","locations":[{"start":{"line":25,"column":14},"end":{"line":25,"column":28}},{"start":{"line":25,"column":32},"end":{"line":25,"column":48}}]},"5":{"loc":{"start":{"line":37,"column":14},"end":{"line":37,"column":null}},"type":"if","locations":[{"start":{"line":37,"column":14},"end":{"line":37,"column":null}},{"start":{},"end":{}}]},"6":{"loc":{"start":{"line":41,"column":20},"end":{"line":41,"column":null}},"type":"binary-expr","locations":[{"start":{"line":41,"column":20},"end":{"line":41,"column":35}},{"start":{"line":41,"column":35},"end":{"line":41,"column":null}}]},"7":{"loc":{"start":{"line":44,"column":16},"end":{"line":44,"column":null}},"type":"if","locations":[{"start":{"line":44,"column":16},"end":{"line":44,"column":null}},{"start":{},"end":{}}]},"8":{"loc":{"start":{"line":46,"column":16},"end":{"line":46,"column":null}},"type":"if","locations":[{"start":{"line":46,"column":16},"end":{"line":46,"column":null}},{"start":{},"end":{}}]},"9":{"loc":{"start":{"line":52,"column":18},"end":{"line":52,"column":null}},"type":"if","locations":[{"start":{"line":52,"column":18},"end":{"line":52,"column":null}},{"start":{},"end":{}}]},"10":{"loc":{"start":{"line":80,"column":12},"end":{"line":81,"column":null}},"type":"binary-expr","locations":[{"start":{"line":80,"column":12},"end":{"line":80,"column":null}},{"start":{"line":81,"column":13},"end":{"line":81,"column":42}},{"start":{"line":81,"column":42},"end":{"line":81,"column":72}}]},"11":{"loc":{"start":{"line":82,"column":10},"end":{"line":85,"column":null}},"type":"if","locations":[{"start":{"line":82,"column":10},"end":{"line":85,"column":null}},{"start":{},"end":{}}]}},"s":{"0":6,"1":0,"2":1,"3":1,"4":6,"5":6,"6":6,"7":6,"8":6,"9":6,"10":6,"11":6,"12":6,"13":6,"14":0,"15":0,"16":6,"17":6,"18":6,"19":6,"20":6,"21":12,"22":12,"23":6,"24":6,"25":6,"26":6,"27":6,"28":12,"29":6,"30":6,"31":6,"32":0,"33":6,"34":6,"35":6,"36":6,"37":6,"38":6,"39":6,"40":6,"41":6,"42":6,"43":0,"44":0,"45":0,"46":0,"47":0,"48":6,"49":6,"50":6},"f":{"0":6,"1":6,"2":6},"b":{"0":[1,1],"1":[6,1],"2":[6,0],"3":[0,6],"4":[6,6],"5":[6,6],"6":[6,0],"7":[6,6],"8":[0,6],"9":[6,0],"10":[0,0,0],"11":[0,0]}}
,"D:\\Work\\Trading-app-front\\src\\app\\api\\prices\\history\\[symbol]\\route.ts": {"path":"D:\\Work\\Trading-app-front\\src\\app\\api\\prices\\history\\[symbol]\\route.ts","statementMap":{"0":{"start":{"line":4,"column":22},"end":{"line":4,"column":null}},"1":{"start":{"line":1,"column":42},"end":{"line":1,"column":null}},"2":{"start":{"line":2,"column":29},"end":{"line":2,"column":null}},"3":{"start":{"line":8,"column":21},"end":{"line":8,"column":null}},"4":{"start":{"line":9,"column":23},"end":{"line":9,"column":null}},"5":{"start":{"line":11,"column":21},"end":{"line":14,"column":null}},"6":{"start":{"line":17,"column":2},"end":{"line":20,"column":null}},"7":{"start":{"line":19,"column":4},"end":{"line":19,"column":null}},"8":{"start":{"line":22,"column":15},"end":{"line":22,"column":null}},"9":{"start":{"line":23,"column":2},"end":{"line":23,"column":null}}},"fnMap":{"0":{"name":"GET","decl":{"start":{"line":4,"column":22},"end":{"line":4,"column":null}},"loc":{"start":{"line":6,"column":53},"end":{"line":24,"column":null}}}},"branchMap":{"0":{"loc":{"start":{"line":9,"column":23},"end":{"line":9,"column":null}},"type":"binary-expr","locations":[{"start":{"line":9,"column":23},"end":{"line":9,"column":52}},{"start":{"line":9,"column":52},"end":{"line":9,"column":null}}]},"1":{"loc":{"start":{"line":17,"column":2},"end":{"line":20,"column":null}},"type":"if","locations":[{"start":{"line":17,"column":2},"end":{"line":20,"column":null}},{"start":{},"end":{}}]}},"s":{"0":0,"1":0,"2":0,"3":0,"4":0,"5":0,"6":0,"7":0,"8":0,"9":0},"f":{"0":0},"b":{"0":[0,0],"1":[0,0]}}
,"D:\\Work\\Trading-app-front\\src\\app\\api\\stocks\\route.ts": {"path":"D:\\Work\\Trading-app-front\\src\\app\\api\\stocks\\route.ts","statementMap":{"0":{"start":{"line":4,"column":22},"end":{"line":4,"column":26}},"1":{"start":{"line":1,"column":42},"end":{"line":1,"column":null}},"2":{"start":{"line":2,"column":29},"end":{"line":2,"column":null}},"3":{"start":{"line":5,"column":23},"end":{"line":5,"column":null}},"4":{"start":{"line":6,"column":17},"end":{"line":6,"column":35}},"5":{"start":{"line":7,"column":21},"end":{"line":7,"column":null}},"6":{"start":{"line":9,"column":2},"end":{"line":12,"column":null}},"7":{"start":{"line":10,"column":17},"end":{"line":10,"column":null}},"8":{"start":{"line":10,"column":54},"end":{"line":10,"column":null}},"9":{"start":{"line":11,"column":4},"end":{"line":11,"column":null}},"10":{"start":{"line":14,"column":15},"end":{"line":14,"column":null}},"11":{"start":{"line":15,"column":2},"end":{"line":15,"column":null}}},"fnMap":{"0":{"name":"GET","decl":{"start":{"line":4,"column":22},"end":{"line":4,"column":26}},"loc":{"start":{"line":4,"column":42},"end":{"line":16,"column":null}}},"1":{"name":"(anonymous_2)","decl":{"start":{"line":10,"column":47},"end":{"line":10,"column":54}},"loc":{"start":{"line":10,"column":54},"end":{"line":10,"column":null}}}},"branchMap":{"0":{"loc":{"start":{"line":5,"column":23},"end":{"line":5,"column":null}},"type":"binary-expr","locations":[{"start":{"line":5,"column":23},"end":{"line":5,"column":52}},{"start":{"line":5,"column":52},"end":{"line":5,"column":null}}]},"1":{"loc":{"start":{"line":9,"column":2},"end":{"line":12,"column":null}},"type":"if","locations":[{"start":{"line":9,"column":2},"end":{"line":12,"column":null}},{"start":{},"end":{}}]}},"s":{"0":0,"1":0,"2":0,"3":0,"4":0,"5":0,"6":0,"7":0,"8":0,"9":0,"10":0,"11":0},"f":{"0":0,"1":0},"b":{"0":[0,0],"1":[0,0]}}
,"D:\\Work\\Trading-app-front\\src\\app\\api\\stocks\\[symbol]\\route.ts": {"path":"D:\\Work\\Trading-app-front\\src\\app\\api\\stocks\\[symbol]\\route.ts","statementMap":{"0":{"start":{"line":4,"column":22},"end":{"line":4,"column":null}},"1":{"start":{"line":1,"column":42},"end":{"line":1,"column":null}},"2":{"start":{"line":2,"column":29},"end":{"line":2,"column":null}},"3":{"start":{"line":8,"column":21},"end":{"line":8,"column":null}},"4":{"start":{"line":9,"column":23},"end":{"line":9,"column":null}},"5":{"start":{"line":12,"column":21},"end":{"line":15,"column":null}},"6":{"start":{"line":18,"column":2},"end":{"line":21,"column":null}},"7":{"start":{"line":19,"column":17},"end":{"line":19,"column":null}},"8":{"start":{"line":19,"column":54},"end":{"line":19,"column":null}},"9":{"start":{"line":20,"column":4},"end":{"line":20,"column":null}},"10":{"start":{"line":23,"column":15},"end":{"line":23,"column":null}},"11":{"start":{"line":25,"column":43},"end":{"line":25,"column":65}},"12":{"start":{"line":26,"column":16},"end":{"line":28,"column":null}},"13":{"start":{"line":27,"column":11},"end":{"line":27,"column":null}},"14":{"start":{"line":30,"column":2},"end":{"line":35,"column":null}},"15":{"start":{"line":31,"column":4},"end":{"line":33,"column":null}},"16":{"start":{"line":37,"column":2},"end":{"line":37,"column":null}}},"fnMap":{"0":{"name":"GET","decl":{"start":{"line":4,"column":22},"end":{"line":4,"column":null}},"loc":{"start":{"line":6,"column":53},"end":{"line":38,"column":null}}},"1":{"name":"(anonymous_2)","decl":{"start":{"line":19,"column":47},"end":{"line":19,"column":54}},"loc":{"start":{"line":19,"column":54},"end":{"line":19,"column":null}}},"2":{"name":"(anonymous_3)","decl":{"start":{"line":27,"column":4},"end":{"line":27,"column":5}},"loc":{"start":{"line":27,"column":11},"end":{"line":27,"column":null}}}},"branchMap":{"0":{"loc":{"start":{"line":9,"column":23},"end":{"line":9,"column":null}},"type":"binary-expr","locations":[{"start":{"line":9,"column":23},"end":{"line":9,"column":52}},{"start":{"line":9,"column":52},"end":{"line":9,"column":null}}]},"1":{"loc":{"start":{"line":18,"column":2},"end":{"line":21,"column":null}},"type":"if","locations":[{"start":{"line":18,"column":2},"end":{"line":21,"column":null}},{"start":{},"end":{}}]},"2":{"loc":{"start":{"line":25,"column":43},"end":{"line":25,"column":65}},"type":"binary-expr","locations":[{"start":{"line":25,"column":43},"end":{"line":25,"column":63}},{"start":{"line":25,"column":63},"end":{"line":25,"column":65}}]},"3":{"loc":{"start":{"line":26,"column":16},"end":{"line":28,"column":null}},"type":"binary-expr","locations":[{"start":{"line":26,"column":16},"end":{"line":27,"column":null}},{"start":{"line":28,"column":7},"end":{"line":28,"column":15}},{"start":{"line":28,"column":19},"end":{"line":28,"column":null}}]},"4":{"loc":{"start":{"line":30,"column":2},"end":{"line":35,"column":null}},"type":"if","locations":[{"start":{"line":30,"column":2},"end":{"line":35,"column":null}},{"start":{},"end":{}}]}},"s":{"0":0,"1":0,"2":0,"3":0,"4":0,"5":0,"6":0,"7":0,"8":0,"9":0,"10":0,"11":0,"12":0,"13":0,"14":0,"15":0,"16":0},"f":{"0":0,"1":0,"2":0},"b":{"0":[0,0],"1":[0,0],"2":[0,0],"3":[0,0,0],"4":[0,0]}}
,"D:\\Work\\Trading-app-front\\src\\app\\api\\stocks\\dashboard\\route.ts": {"path":"D:\\Work\\Trading-app-front\\src\\app\\api\\stocks\\dashboard\\route.ts","statementMap":{"0":{"start":{"line":4,"column":22},"end":{"line":4,"column":26}},"1":{"start":{"line":1,"column":42},"end":{"line":1,"column":null}},"2":{"start":{"line":2,"column":29},"end":{"line":2,"column":null}},"3":{"start":{"line":5,"column":23},"end":{"line":5,"column":null}},"4":{"start":{"line":6,"column":21},"end":{"line":6,"column":null}},"5":{"start":{"line":8,"column":2},"end":{"line":11,"column":null}},"6":{"start":{"line":9,"column":17},"end":{"line":9,"column":null}},"7":{"start":{"line":9,"column":54},"end":{"line":9,"column":null}},"8":{"start":{"line":10,"column":4},"end":{"line":10,"column":null}},"9":{"start":{"line":13,"column":15},"end":{"line":13,"column":null}},"10":{"start":{"line":14,"column":2},"end":{"line":14,"column":null}}},"fnMap":{"0":{"name":"GET","decl":{"start":{"line":4,"column":22},"end":{"line":4,"column":26}},"loc":{"start":{"line":4,"column":42},"end":{"line":15,"column":null}}},"1":{"name":"(anonymous_2)","decl":{"start":{"line":9,"column":47},"end":{"line":9,"column":54}},"loc":{"start":{"line":9,"column":54},"end":{"line":9,"column":null}}}},"branchMap":{"0":{"loc":{"start":{"line":5,"column":23},"end":{"line":5,"column":null}},"type":"binary-expr","locations":[{"start":{"line":5,"column":23},"end":{"line":5,"column":52}},{"start":{"line":5,"column":52},"end":{"line":5,"column":null}}]},"1":{"loc":{"start":{"line":8,"column":2},"end":{"line":11,"column":null}},"type":"if","locations":[{"start":{"line":8,"column":2},"end":{"line":11,"column":null}},{"start":{},"end":{}}]}},"s":{"0":0,"1":0,"2":0,"3":0,"4":0,"5":0,"6":0,"7":0,"8":0,"9":0,"10":0},"f":{"0":0,"1":0},"b":{"0":[0,0],"1":[0,0]}}
,"D:\\Work\\Trading-app-front\\src\\app\\api\\trade\\route.ts": {"path":"D:\\Work\\Trading-app-front\\src\\app\\api\\trade\\route.ts","statementMap":{"0":{"start":{"line":4,"column":22},"end":{"line":4,"column":27}},"1":{"start":{"line":1,"column":42},"end":{"line":1,"column":null}},"2":{"start":{"line":2,"column":47},"end":{"line":2,"column":null}},"3":{"start":{"line":5,"column":23},"end":{"line":5,"column":null}},"4":{"start":{"line":6,"column":62},"end":{"line":6,"column":null}},"5":{"start":{"line":8,"column":17},"end":{"line":8,"column":null}},"6":{"start":{"line":9,"column":2},"end":{"line":14,"column":null}},"7":{"start":{"line":10,"column":4},"end":{"line":12,"column":null}},"8":{"start":{"line":16,"column":21},"end":{"line":28,"column":null}},"9":{"start":{"line":31,"column":2},"end":{"line":34,"column":null}},"10":{"start":{"line":32,"column":17},"end":{"line":32,"column":null}},"11":{"start":{"line":33,"column":4},"end":{"line":33,"column":null}},"12":{"start":{"line":36,"column":19},"end":{"line":36,"column":null}},"13":{"start":{"line":38,"column":2},"end":{"line":45,"column":null}}},"fnMap":{"0":{"name":"POST","decl":{"start":{"line":4,"column":22},"end":{"line":4,"column":27}},"loc":{"start":{"line":4,"column":43},"end":{"line":46,"column":null}}}},"branchMap":{"0":{"loc":{"start":{"line":5,"column":23},"end":{"line":5,"column":null}},"type":"binary-expr","locations":[{"start":{"line":5,"column":23},"end":{"line":5,"column":52}},{"start":{"line":5,"column":52},"end":{"line":5,"column":null}}]},"1":{"loc":{"start":{"line":9,"column":2},"end":{"line":14,"column":null}},"type":"if","locations":[{"start":{"line":9,"column":2},"end":{"line":14,"column":null}},{"start":{},"end":{}}]},"2":{"loc":{"start":{"line":31,"column":2},"end":{"line":34,"column":null}},"type":"if","locations":[{"start":{"line":31,"column":2},"end":{"line":34,"column":null}},{"start":{},"end":{}}]},"3":{"loc":{"start":{"line":41,"column":15},"end":{"line":41,"column":null}},"type":"binary-expr","locations":[{"start":{"line":41,"column":15},"end":{"line":41,"column":27}},{"start":{"line":41,"column":27},"end":{"line":41,"column":null}}]}},"s":{"0":0,"1":0,"2":0,"3":0,"4":0,"5":0,"6":0,"7":0,"8":0,"9":0,"10":0,"11":0,"12":0,"13":0},"f":{"0":0},"b":{"0":[0,0],"1":[0,0],"2":[0,0],"3":[0,0]}}
,"D:\\Work\\Trading-app-front\\src\\app\\dashboard\\page.tsx": {"path":"D:\\Work\\Trading-app-front\\src\\app\\dashboard\\page.tsx","statementMap":{"0":{"start":{"line":48,"column":24},"end":{"line":48,"column":null}},"1":{"start":{"line":3,"column":25},"end":{"line":3,"column":null}},"2":{"start":{"line":4,"column":17},"end":{"line":4,"column":null}},"3":{"start":{"line":5,"column":26},"end":{"line":5,"column":null}},"4":{"start":{"line":6,"column":25},"end":{"line":6,"column":null}},"5":{"start":{"line":7,"column":67},"end":{"line":7,"column":null}},"6":{"start":{"line":8,"column":26},"end":{"line":8,"column":null}},"7":{"start":{"line":9,"column":29},"end":{"line":9,"column":null}},"8":{"start":{"line":10,"column":47},"end":{"line":10,"column":null}},"9":{"start":{"line":11,"column":33},"end":{"line":11,"column":null}},"10":{"start":{"line":41,"column":2},"end":{"line":45,"column":null}},"11":{"start":{"line":43,"column":19},"end":{"line":43,"column":null}},"12":{"start":{"line":49,"column":17},"end":{"line":49,"column":null}},"13":{"start":{"line":50,"column":30},"end":{"line":50,"column":null}},"14":{"start":{"line":52,"column":73},"end":{"line":52,"column":null}},"15":{"start":{"line":53,"column":30},"end":{"line":53,"column":null}},"16":{"start":{"line":55,"column":22},"end":{"line":59,"column":null}},"17":{"start":{"line":59,"column":15},"end":{"line":59,"column":23}},"18":{"start":{"line":60,"column":26},"end":{"line":60,"column":null}},"19":{"start":{"line":60,"column":64},"end":{"line":60,"column":72}},"20":{"start":{"line":61,"column":27},"end":{"line":61,"column":null}},"21":{"start":{"line":61,"column":67},"end":{"line":61,"column":75}},"22":{"start":{"line":62,"column":21},"end":{"line":62,"column":null}},"23":{"start":{"line":64,"column":44},"end":{"line":64,"column":null}},"24":{"start":{"line":66,"column":23},"end":{"line":69,"column":null}},"25":{"start":{"line":67,"column":4},"end":{"line":67,"column":null}},"26":{"start":{"line":68,"column":4},"end":{"line":68,"column":null}},"27":{"start":{"line":137,"column":35},"end":{"line":137,"column":null}},"28":{"start":{"line":144,"column":31},"end":{"line":144,"column":null}},"29":{"start":{"line":146,"column":30},"end":{"line":146,"column":null}},"30":{"start":{"line":147,"column":35},"end":{"line":147,"column":null}},"31":{"start":{"line":148,"column":31},"end":{"line":148,"column":48}},"32":{"start":{"line":149,"column":39},"end":{"line":149,"column":null}},"33":{"start":{"line":150,"column":30},"end":{"line":150,"column":null}},"34":{"start":{"line":151,"column":33},"end":{"line":151,"column":null}},"35":{"start":{"line":152,"column":32},"end":{"line":152,"column":null}},"36":{"start":{"line":153,"column":18},"end":{"line":154,"column":42}},"37":{"start":{"line":215,"column":2},"end":{"line":226,"column":null}},"38":{"start":{"line":221,"column":12},"end":{"line":221,"column":25}},"39":{"start":{"line":228,"column":2},"end":{"line":228,"column":null}},"40":{"start":{"line":228,"column":27},"end":{"line":228,"column":null}},"41":{"start":{"line":235,"column":23},"end":{"line":235,"column":43}},"42":{"start":{"line":236,"column":24},"end":{"line":236,"column":50}},"43":{"start":{"line":237,"column":25},"end":{"line":237,"column":null}},"44":{"start":{"line":238,"column":24},"end":{"line":238,"column":null}},"45":{"start":{"line":240,"column":10},"end":{"line":241,"column":37}}},"fnMap":{"0":{"name":"useDashboardStocks","decl":{"start":{"line":40,"column":9},"end":{"line":40,"column":null}},"loc":{"start":{"line":40,"column":9},"end":{"line":46,"column":null}}},"1":{"name":"(anonymous_3)","decl":{"start":{"line":43,"column":13},"end":{"line":43,"column":19}},"loc":{"start":{"line":43,"column":19},"end":{"line":43,"column":null}}},"2":{"name":"DashboardOverview","decl":{"start":{"line":48,"column":24},"end":{"line":48,"column":null}},"loc":{"start":{"line":48,"column":24},"end":{"line":191,"column":null}}},"3":{"name":"(anonymous_5)","decl":{"start":{"line":59,"column":8},"end":{"line":59,"column":9}},"loc":{"start":{"line":59,"column":15},"end":{"line":59,"column":23}}},"4":{"name":"(anonymous_6)","decl":{"start":{"line":60,"column":57},"end":{"line":60,"column":58}},"loc":{"start":{"line":60,"column":64},"end":{"line":60,"column":72}}},"5":{"name":"(anonymous_7)","decl":{"start":{"line":61,"column":60},"end":{"line":61,"column":61}},"loc":{"start":{"line":61,"column":67},"end":{"line":61,"column":75}}},"6":{"name":"(anonymous_8)","decl":{"start":{"line":66,"column":23},"end":{"line":66,"column":null}},"loc":{"start":{"line":66,"column":23},"end":{"line":69,"column":null}}},"7":{"name":"(anonymous_9)","decl":{"start":{"line":67,"column":55},"end":{"line":67,"column":62}},"loc":{"start":{"line":67,"column":55},"end":{"line":67,"column":null}}},"8":{"name":"(anonymous_10)","decl":{"start":{"line":137,"column":28},"end":{"line":137,"column":29}},"loc":{"start":{"line":137,"column":35},"end":{"line":137,"column":null}}},"9":{"name":"(anonymous_11)","decl":{"start":{"line":144,"column":24},"end":{"line":144,"column":25}},"loc":{"start":{"line":144,"column":31},"end":{"line":144,"column":null}}},"10":{"name":"(anonymous_12)","decl":{"start":{"line":145,"column":21},"end":{"line":145,"column":22}},"loc":{"start":{"line":145,"column":22},"end":{"line":171,"column":null}}},"11":{"name":"StatCard","decl":{"start":{"line":193,"column":9},"end":{"line":193,"column":18}},"loc":{"start":{"line":193,"column":98},"end":{"line":202,"column":null}}},"12":{"name":"Section","decl":{"start":{"line":204,"column":9},"end":{"line":204,"column":17}},"loc":{"start":{"line":214,"column":1},"end":{"line":262,"column":null}}},"13":{"name":"(anonymous_15)","decl":{"start":{"line":220,"column":41},"end":{"line":220,"column":42}},"loc":{"start":{"line":221,"column":12},"end":{"line":221,"column":25}}},"14":{"name":"(anonymous_16)","decl":{"start":{"line":234,"column":20},"end":{"line":234,"column":21}},"loc":{"start":{"line":234,"column":21},"end":{"line":258,"column":null}}}},"branchMap":{"0":{"loc":{"start":{"line":56,"column":8},"end":{"line":56,"column":31}},"type":"binary-expr","locations":[{"start":{"line":56,"column":8},"end":{"line":56,"column":29}},{"start":{"line":56,"column":29},"end":{"line":56,"column":31}}]},"1":{"loc":{"start":{"line":57,"column":8},"end":{"line":57,"column":35}},"type":"binary-expr","locations":[{"start":{"line":57,"column":8},"end":{"line":57,"column":33}},{"start":{"line":57,"column":33},"end":{"line":57,"column":35}}]},"2":{"loc":{"start":{"line":58,"column":8},"end":{"line":58,"column":30}},"type":"binary-expr","locations":[{"start":{"line":58,"column":8},"end":{"line":58,"column":28}},{"start":{"line":58,"column":28},"end":{"line":58,"column":30}}]},"3":{"loc":{"start":{"line":60,"column":27},"end":{"line":60,"column":51}},"type":"binary-expr","locations":[{"start":{"line":60,"column":27},"end":{"line":60,"column":49}},{"start":{"line":60,"column":49},"end":{"line":60,"column":51}}]},"4":{"loc":{"start":{"line":61,"column":28},"end":{"line":61,"column":54}},"type":"binary-expr","locations":[{"start":{"line":61,"column":28},"end":{"line":61,"column":52}},{"start":{"line":61,"column":52},"end":{"line":61,"column":54}}]},"5":{"loc":{"start":{"line":95,"column":9},"end":{"line":95,"column":null}},"type":"binary-expr","locations":[{"start":{"line":95,"column":9},"end":{"line":95,"column":null}}]},"6":{"loc":{"start":{"line":103,"column":24},"end":{"line":103,"column":59}},"type":"cond-expr","locations":[{"start":{"line":103,"column":50},"end":{"line":103,"column":56}},{"start":{"line":103,"column":56},"end":{"line":103,"column":59}}]},"7":{"loc":{"start":{"line":108,"column":24},"end":{"line":108,"column":68}},"type":"cond-expr","locations":[{"start":{"line":108,"column":57},"end":{"line":108,"column":63}},{"start":{"line":108,"column":63},"end":{"line":108,"column":68}}]},"8":{"loc":{"start":{"line":115,"column":10},"end":{"line":119,"column":null}},"type":"cond-expr","locations":[{"start":{"line":115,"column":10},"end":{"line":119,"column":null}}]},"9":{"loc":{"start":{"line":120,"column":52},"end":{"line":120,"column":75}},"type":"binary-expr","locations":[{"start":{"line":120,"column":52},"end":{"line":120,"column":73}},{"start":{"line":120,"column":73},"end":{"line":120,"column":75}}]},"10":{"loc":{"start":{"line":121,"column":49},"end":{"line":121,"column":76}},"type":"binary-expr","locations":[{"start":{"line":121,"column":49},"end":{"line":121,"column":74}},{"start":{"line":121,"column":74},"end":{"line":121,"column":76}}]},"11":{"loc":{"start":{"line":122,"column":51},"end":{"line":122,"column":73}},"type":"binary-expr","locations":[{"start":{"line":122,"column":51},"end":{"line":122,"column":71}},{"start":{"line":122,"column":71},"end":{"line":122,"column":73}}]},"12":{"loc":{"start":{"line":127,"column":9},"end":{"line":127,"column":31}},"type":"binary-expr","locations":[{"start":{"line":127,"column":9},"end":{"line":127,"column":31}},{"start":{"line":127,"column":31},"end":{"line":127,"column":null}}]},"13":{"loc":{"start":{"line":149,"column":39},"end":{"line":149,"column":null}},"type":"binary-expr","locations":[{"start":{"line":149,"column":39},"end":{"line":149,"column":54}},{"start":{"line":149,"column":54},"end":{"line":149,"column":62}},{"start":{"line":149,"column":66},"end":{"line":149,"column":null}}]},"14":{"loc":{"start":{"line":151,"column":33},"end":{"line":151,"column":null}},"type":"cond-expr","locations":[{"start":{"line":151,"column":48},"end":{"line":151,"column":95}},{"start":{"line":151,"column":95},"end":{"line":151,"column":null}}]},"15":{"loc":{"start":{"line":158,"column":66},"end":{"line":158,"column":111}},"type":"cond-expr","locations":[{"start":{"line":158,"column":74},"end":{"line":158,"column":95}},{"start":{"line":158,"column":95},"end":{"line":158,"column":111}}]},"16":{"loc":{"start":{"line":159,"column":29},"end":{"line":159,"column":47}},"type":"cond-expr","locations":[{"start":{"line":159,"column":37},"end":{"line":159,"column":43}},{"start":{"line":159,"column":43},"end":{"line":159,"column":47}}]},"17":{"loc":{"start":{"line":164,"column":61},"end":{"line":164,"column":106}},"type":"cond-expr","locations":[{"start":{"line":164,"column":69},"end":{"line":164,"column":90}},{"start":{"line":164,"column":90},"end":{"line":164,"column":106}}]},"18":{"loc":{"start":{"line":165,"column":27},"end":{"line":165,"column":44}},"type":"cond-expr","locations":[{"start":{"line":165,"column":35},"end":{"line":165,"column":41}},{"start":{"line":165,"column":41},"end":{"line":165,"column":44}}]},"19":{"loc":{"start":{"line":167,"column":25},"end":{"line":167,"column":33}},"type":"binary-expr","locations":[{"start":{"line":167,"column":25},"end":{"line":167,"column":33}}]},"20":{"loc":{"start":{"line":176,"column":9},"end":{"line":176,"column":25}},"type":"binary-expr","locations":[{"start":{"line":176,"column":9},"end":{"line":176,"column":25}},{"start":{"line":176,"column":25},"end":{"line":176,"column":40}},{"start":{"line":176,"column":40},"end":{"line":176,"column":63}},{"start":{"line":176,"column":63},"end":{"line":176,"column":null}}]},"21":{"loc":{"start":{"line":184,"column":7},"end":{"line":184,"column":23}},"type":"binary-expr","locations":[{"start":{"line":184,"column":7},"end":{"line":184,"column":23}},{"start":{"line":184,"column":23},"end":{"line":184,"column":null}}]},"22":{"loc":{"start":{"line":197,"column":42},"end":{"line":197,"column":130}},"type":"cond-expr","locations":[{"start":{"line":197,"column":67},"end":{"line":197,"column":82}},{"start":{"line":197,"column":82},"end":{"line":197,"column":130}}]},"23":{"loc":{"start":{"line":197,"column":82},"end":{"line":197,"column":130}},"type":"cond-expr","locations":[{"start":{"line":197,"column":93},"end":{"line":197,"column":114}},{"start":{"line":197,"column":114},"end":{"line":197,"column":130}}]},"24":{"loc":{"start":{"line":215,"column":2},"end":{"line":226,"column":null}},"type":"if","locations":[{"start":{"line":215,"column":2},"end":{"line":226,"column":null}},{"start":{},"end":{}}]},"25":{"loc":{"start":{"line":228,"column":2},"end":{"line":228,"column":null}},"type":"if","locations":[{"start":{"line":228,"column":2},"end":{"line":228,"column":null}},{"start":{},"end":{}}]},"26":{"loc":{"start":{"line":236,"column":24},"end":{"line":236,"column":50}},"type":"binary-expr","locations":[{"start":{"line":236,"column":24},"end":{"line":236,"column":39}},{"start":{"line":236,"column":39},"end":{"line":236,"column":50}}]},"27":{"loc":{"start":{"line":237,"column":25},"end":{"line":237,"column":null}},"type":"binary-expr","locations":[{"start":{"line":237,"column":25},"end":{"line":237,"column":48}},{"start":{"line":237,"column":48},"end":{"line":237,"column":67}},{"start":{"line":237,"column":71},"end":{"line":237,"column":null}}]},"28":{"loc":{"start":{"line":238,"column":25},"end":{"line":238,"column":41}},"type":"binary-expr","locations":[{"start":{"line":238,"column":25},"end":{"line":238,"column":35}},{"start":{"line":238,"column":35},"end":{"line":238,"column":41}}]},"29":{"loc":{"start":{"line":245,"column":19},"end":{"line":245,"column":null}},"type":"binary-expr","locations":[{"start":{"line":245,"column":19},"end":{"line":245,"column":null}}]},"30":{"loc":{"start":{"line":246,"column":86},"end":{"line":246,"column":131}},"type":"cond-expr","locations":[{"start":{"line":246,"column":94},"end":{"line":246,"column":115}},{"start":{"line":246,"column":115},"end":{"line":246,"column":131}}]},"31":{"loc":{"start":{"line":247,"column":31},"end":{"line":247,"column":59}},"type":"cond-expr","locations":[{"start":{"line":247,"column":31},"end":{"line":247,"column":59}}]},"32":{"loc":{"start":{"line":248,"column":23},"end":{"line":248,"column":41}},"type":"cond-expr","locations":[{"start":{"line":248,"column":31},"end":{"line":248,"column":37}},{"start":{"line":248,"column":37},"end":{"line":248,"column":41}}]},"33":{"loc":{"start":{"line":252,"column":17},"end":{"line":252,"column":34}},"type":"binary-expr","locations":[{"start":{"line":252,"column":17},"end":{"line":252,"column":34}}]},"34":{"loc":{"start":{"line":253,"column":17},"end":{"line":253,"column":27}},"type":"binary-expr","locations":[{"start":{"line":253,"column":17},"end":{"line":253,"column":27}}]},"35":{"loc":{"start":{"line":254,"column":17},"end":{"line":254,"column":25}},"type":"binary-expr","locations":[{"start":{"line":254,"column":17},"end":{"line":254,"column":25}}]}},"s":{"0":0,"1":0,"2":0,"3":0,"4":0,"5":0,"6":0,"7":0,"8":0,"9":0,"10":0,"11":0,"12":0,"13":0,"14":0,"15":0,"16":0,"17":0,"18":0,"19":0,"20":0,"21":0,"22":0,"23":0,"24":0,"25":0,"26":0,"27":0,"28":0,"29":0,"30":0,"31":0,"32":0,"33":0,"34":0,"35":0,"36":0,"37":0,"38":0,"39":0,"40":0,"41":0,"42":0,"43":0,"44":0,"45":0},"f":{"0":0,"1":0,"2":0,"3":0,"4":0,"5":0,"6":0,"7":0,"8":0,"9":0,"10":0,"11":0,"12":0,"13":0,"14":0},"b":{"0":[0,0],"1":[0,0],"2":[0,0],"3":[0,0],"4":[0,0],"5":[0],"6":[0,0],"7":[0,0],"8":[0],"9":[0,0],"10":[0,0],"11":[0,0],"12":[0,0],"13":[0,0,0],"14":[0,0],"15":[0,0],"16":[0,0],"17":[0,0],"18":[0,0],"19":[0],"20":[0,0,0,0],"21":[0,0],"22":[0,0],"23":[0,0],"24":[0,0],"25":[0,0],"26":[0,0],"27":[0,0,0],"28":[0,0],"29":[0],"30":[0,0],"31":[0],"32":[0,0],"33":[0],"34":[0],"35":[0]}}
,"D:\\Work\\Trading-app-front\\src\\app\\dashboard\\[symbol]\\page.tsx": {"path":"D:\\Work\\Trading-app-front\\src\\app\\dashboard\\[symbol]\\page.tsx","statementMap":{"0":{"start":{"line":13,"column":24},"end":{"line":13,"column":null}},"1":{"start":{"line":3,"column":59},"end":{"line":3,"column":null}},"2":{"start":{"line":4,"column":26},"end":{"line":4,"column":null}},"3":{"start":{"line":5,"column":31},"end":{"line":5,"column":null}},"4":{"start":{"line":6,"column":31},"end":{"line":6,"column":null}},"5":{"start":{"line":7,"column":26},"end":{"line":7,"column":null}},"6":{"start":{"line":8,"column":29},"end":{"line":8,"column":null}},"7":{"start":{"line":9,"column":22},"end":{"line":9,"column":null}},"8":{"start":{"line":11,"column":16},"end":{"line":11,"column":null}},"9":{"start":{"line":14,"column":17},"end":{"line":14,"column":null}},"10":{"start":{"line":15,"column":32},"end":{"line":15,"column":null}},"11":{"start":{"line":16,"column":21},"end":{"line":16,"column":null}},"12":{"start":{"line":17,"column":20},"end":{"line":17,"column":null}},"13":{"start":{"line":19,"column":23},"end":{"line":22,"column":null}},"14":{"start":{"line":20,"column":4},"end":{"line":20,"column":null}},"15":{"start":{"line":21,"column":4},"end":{"line":21,"column":null}},"16":{"start":{"line":24,"column":21},"end":{"line":24,"column":null}},"17":{"start":{"line":39,"column":14},"end":{"line":40,"column":null}},"18":{"start":{"line":41,"column":31},"end":{"line":41,"column":null}}},"fnMap":{"0":{"name":"DashboardPage","decl":{"start":{"line":13,"column":24},"end":{"line":13,"column":null}},"loc":{"start":{"line":13,"column":24},"end":{"line":117,"column":null}}},"1":{"name":"(anonymous_3)","decl":{"start":{"line":19,"column":23},"end":{"line":19,"column":null}},"loc":{"start":{"line":19,"column":23},"end":{"line":22,"column":null}}},"2":{"name":"(anonymous_4)","decl":{"start":{"line":20,"column":55},"end":{"line":20,"column":62}},"loc":{"start":{"line":20,"column":55},"end":{"line":20,"column":null}}},"3":{"name":"(anonymous_5)","decl":{"start":{"line":38,"column":25},"end":{"line":38,"column":26}},"loc":{"start":{"line":39,"column":14},"end":{"line":40,"column":null}}},"4":{"name":"(anonymous_6)","decl":{"start":{"line":41,"column":25},"end":{"line":41,"column":31}},"loc":{"start":{"line":41,"column":31},"end":{"line":41,"column":null}}},"5":{"name":"Stat","decl":{"start":{"line":119,"column":9},"end":{"line":119,"column":14}},"loc":{"start":{"line":119,"column":64},"end":{"line":126,"column":null}}}},"branchMap":{"0":{"loc":{"start":{"line":17,"column":20},"end":{"line":17,"column":null}},"type":"binary-expr","locations":[{"start":{"line":17,"column":20},"end":{"line":17,"column":34}},{"start":{"line":17,"column":38},"end":{"line":17,"column":null}}]},"1":{"loc":{"start":{"line":24,"column":21},"end":{"line":24,"column":null}},"type":"cond-expr","locations":[{"start":{"line":24,"column":33},"end":{"line":24,"column":57}},{"start":{"line":24,"column":57},"end":{"line":24,"column":null}}]},"2":{"loc":{"start":{"line":43,"column":20},"end":{"line":45,"column":74}},"type":"cond-expr","locations":[{"start":{"line":44,"column":22},"end":{"line":44,"column":null}},{"start":{"line":45,"column":22},"end":{"line":45,"column":74}}]},"3":{"loc":{"start":{"line":67,"column":11},"end":{"line":67,"column":null}},"type":"cond-expr","locations":[{"start":{"line":67,"column":23},"end":{"line":67,"column":55}},{"start":{"line":67,"column":58},"end":{"line":67,"column":null}}]},"4":{"loc":{"start":{"line":69,"column":9},"end":{"line":69,"column":22}},"type":"binary-expr","locations":[{"start":{"line":69,"column":9},"end":{"line":69,"column":22}},{"start":{"line":69,"column":22},"end":{"line":69,"column":null}}]},"5":{"loc":{"start":{"line":70,"column":73},"end":{"line":70,"column":123}},"type":"cond-expr","locations":[{"start":{"line":70,"column":86},"end":{"line":70,"column":107}},{"start":{"line":70,"column":107},"end":{"line":70,"column":123}}]},"6":{"loc":{"start":{"line":71,"column":26},"end":{"line":71,"column":54}},"type":"cond-expr","locations":[{"start":{"line":71,"column":26},"end":{"line":71,"column":54}}]},"7":{"loc":{"start":{"line":73,"column":15},"end":{"line":73,"column":38}},"type":"cond-expr","locations":[{"start":{"line":73,"column":28},"end":{"line":73,"column":34}},{"start":{"line":73,"column":34},"end":{"line":73,"column":38}}]},"8":{"loc":{"start":{"line":73,"column":69},"end":{"line":73,"column":92}},"type":"cond-expr","locations":[{"start":{"line":73,"column":82},"end":{"line":73,"column":88}},{"start":{"line":73,"column":88},"end":{"line":73,"column":92}}]},"9":{"loc":{"start":{"line":79,"column":11},"end":{"line":79,"column":null}},"type":"binary-expr","locations":[{"start":{"line":79,"column":11},"end":{"line":79,"column":null}}]},"10":{"loc":{"start":{"line":103,"column":38},"end":{"line":103,"column":null}},"type":"cond-expr","locations":[{"start":{"line":103,"column":50},"end":{"line":103,"column":91}},{"start":{"line":103,"column":94},"end":{"line":103,"column":null}}]},"11":{"loc":{"start":{"line":112,"column":51},"end":{"line":112,"column":null}},"type":"binary-expr","locations":[{"start":{"line":112,"column":51},"end":{"line":112,"column":71}},{"start":{"line":112,"column":71},"end":{"line":112,"column":null}}]}},"s":{"0":0,"1":0,"2":0,"3":0,"4":0,"5":0,"6":0,"7":0,"8":0,"9":0,"10":0,"11":0,"12":0,"13":0,"14":0,"15":0,"16":0,"17":0,"18":0},"f":{"0":0,"1":0,"2":0,"3":0,"4":0,"5":0},"b":{"0":[0,0],"1":[0,0],"2":[0,0],"3":[0,0],"4":[0,0],"5":[0,0],"6":[0],"7":[0,0],"8":[0,0],"9":[0],"10":[0,0],"11":[0,0]}}
,"D:\\Work\\Trading-app-front\\src\\app\\login\\page.tsx": {"path":"D:\\Work\\Trading-app-front\\src\\app\\login\\page.tsx","statementMap":{"0":{"start":{"line":89,"column":24},"end":{"line":89,"column":null}},"1":{"start":{"line":3,"column":35},"end":{"line":3,"column":null}},"2":{"start":{"line":4,"column":43},"end":{"line":4,"column":null}},"3":{"start":{"line":5,"column":47},"end":{"line":5,"column":null}},"4":{"start":{"line":6,"column":17},"end":{"line":6,"column":null}},"5":{"start":{"line":7,"column":26},"end":{"line":7,"column":null}},"6":{"start":{"line":10,"column":17},"end":{"line":10,"column":null}},"7":{"start":{"line":11,"column":23},"end":{"line":11,"column":null}},"8":{"start":{"line":12,"column":15},"end":{"line":12,"column":null}},"9":{"start":{"line":14,"column":28},"end":{"line":14,"column":null}},"10":{"start":{"line":15,"column":34},"end":{"line":15,"column":null}},"11":{"start":{"line":16,"column":36},"end":{"line":16,"column":null}},"12":{"start":{"line":17,"column":28},"end":{"line":17,"column":null}},"13":{"start":{"line":19,"column":23},"end":{"line":31,"column":null}},"14":{"start":{"line":20,"column":4},"end":{"line":20,"column":null}},"15":{"start":{"line":21,"column":4},"end":{"line":21,"column":null}},"16":{"start":{"line":22,"column":4},"end":{"line":22,"column":null}},"17":{"start":{"line":23,"column":4},"end":{"line":30,"column":null}},"18":{"start":{"line":24,"column":6},"end":{"line":24,"column":null}},"19":{"start":{"line":25,"column":6},"end":{"line":25,"column":null}},"20":{"start":{"line":27,"column":6},"end":{"line":27,"column":null}},"21":{"start":{"line":29,"column":6},"end":{"line":29,"column":null}},"22":{"start":{"line":41,"column":27},"end":{"line":41,"column":null}},"23":{"start":{"line":52,"column":27},"end":{"line":52,"column":null}}},"fnMap":{"0":{"name":"LoginForm","decl":{"start":{"line":9,"column":9},"end":{"line":9,"column":null}},"loc":{"start":{"line":9,"column":9},"end":{"line":87,"column":null}}},"1":{"name":"(anonymous_3)","decl":{"start":{"line":19,"column":23},"end":{"line":19,"column":30}},"loc":{"start":{"line":19,"column":30},"end":{"line":31,"column":null}}},"2":{"name":"(anonymous_4)","decl":{"start":{"line":41,"column":20},"end":{"line":41,"column":21}},"loc":{"start":{"line":41,"column":27},"end":{"line":41,"column":null}}},"3":{"name":"(anonymous_5)","decl":{"start":{"line":52,"column":20},"end":{"line":52,"column":21}},"loc":{"start":{"line":52,"column":27},"end":{"line":52,"column":null}}},"4":{"name":"LoginPage","decl":{"start":{"line":89,"column":24},"end":{"line":89,"column":null}},"loc":{"start":{"line":89,"column":24},"end":{"line":104,"column":null}}}},"branchMap":{"0":{"loc":{"start":{"line":12,"column":15},"end":{"line":12,"column":null}},"type":"binary-expr","locations":[{"start":{"line":12,"column":15},"end":{"line":12,"column":43}},{"start":{"line":12,"column":43},"end":{"line":12,"column":null}}]},"1":{"loc":{"start":{"line":27,"column":15},"end":{"line":27,"column":null}},"type":"cond-expr","locations":[{"start":{"line":27,"column":38},"end":{"line":27,"column":49}},{"start":{"line":27,"column":52},"end":{"line":27,"column":null}}]},"2":{"loc":{"start":{"line":57,"column":7},"end":{"line":57,"column":null}},"type":"binary-expr","locations":[{"start":{"line":57,"column":7},"end":{"line":57,"column":null}}]},"3":{"loc":{"start":{"line":69,"column":9},"end":{"line":75,"column":null}},"type":"cond-expr","locations":[{"start":{"line":70,"column":10},"end":{"line":75,"column":null}},{"start":{"line":75,"column":10},"end":{"line":75,"column":null}}]}},"s":{"0":0,"1":0,"2":0,"3":0,"4":0,"5":0,"6":0,"7":0,"8":0,"9":0,"10":0,"11":0,"12":0,"13":0,"14":0,"15":0,"16":0,"17":0,"18":0,"19":0,"20":0,"21":0,"22":0,"23":0},"f":{"0":0,"1":0,"2":0,"3":0,"4":0},"b":{"0":[0,0],"1":[0,0],"2":[0],"3":[0,0]}}
,"D:\\Work\\Trading-app-front\\src\\app\\portfolio\\page.tsx": {"path":"D:\\Work\\Trading-app-front\\src\\app\\portfolio\\page.tsx","statementMap":{"0":{"start":{"line":266,"column":24},"end":{"line":266,"column":null}},"1":{"start":{"line":3,"column":20},"end":{"line":3,"column":null}},"2":{"start":{"line":4,"column":34},"end":{"line":4,"column":null}},"3":{"start":{"line":5,"column":17},"end":{"line":5,"column":null}},"4":{"start":{"line":6,"column":26},"end":{"line":6,"column":null}},"5":{"start":{"line":7,"column":25},"end":{"line":7,"column":null}},"6":{"start":{"line":16,"column":7},"end":{"line":16,"column":null}},"7":{"start":{"line":17,"column":26},"end":{"line":17,"column":null}},"8":{"start":{"line":18,"column":29},"end":{"line":18,"column":null}},"9":{"start":{"line":19,"column":31},"end":{"line":19,"column":null}},"10":{"start":{"line":24,"column":8},"end":{"line":24,"column":null}},"11":{"start":{"line":28,"column":8},"end":{"line":28,"column":null}},"12":{"start":{"line":32,"column":8},"end":{"line":32,"column":null}},"13":{"start":{"line":91,"column":13},"end":{"line":91,"column":null}},"14":{"start":{"line":92,"column":15},"end":{"line":92,"column":null}},"15":{"start":{"line":93,"column":42},"end":{"line":95,"column":null}},"16":{"start":{"line":96,"column":2},"end":{"line":96,"column":null}},"17":{"start":{"line":97,"column":2},"end":{"line":100,"column":null}},"18":{"start":{"line":106,"column":2},"end":{"line":110,"column":null}},"19":{"start":{"line":108,"column":19},"end":{"line":108,"column":null}},"20":{"start":{"line":114,"column":23},"end":{"line":114,"column":null}},"21":{"start":{"line":115,"column":2},"end":{"line":122,"column":null}},"22":{"start":{"line":118,"column":21},"end":{"line":118,"column":null}},"23":{"start":{"line":119,"column":6},"end":{"line":119,"column":null}},"24":{"start":{"line":126,"column":2},"end":{"line":130,"column":null}},"25":{"start":{"line":128,"column":19},"end":{"line":128,"column":null}},"26":{"start":{"line":134,"column":2},"end":{"line":140,"column":null}},"27":{"start":{"line":137,"column":6},"end":{"line":137,"column":null}},"28":{"start":{"line":145,"column":20},"end":{"line":149,"column":null}},"29":{"start":{"line":152,"column":2},"end":{"line":152,"column":null}},"30":{"start":{"line":188,"column":18},"end":{"line":190,"column":10}},"31":{"start":{"line":189,"column":11},"end":{"line":189,"column":null}},"32":{"start":{"line":191,"column":15},"end":{"line":191,"column":null}},"33":{"start":{"line":203,"column":16},"end":{"line":203,"column":null}},"34":{"start":{"line":204,"column":16},"end":{"line":204,"column":50}},"35":{"start":{"line":235,"column":30},"end":{"line":235,"column":null}},"36":{"start":{"line":237,"column":2},"end":{"line":243,"column":null}},"37":{"start":{"line":245,"column":23},"end":{"line":245,"column":47}},"38":{"start":{"line":247,"column":2},"end":{"line":253,"column":null}},"39":{"start":{"line":258,"column":8},"end":{"line":258,"column":28}},"40":{"start":{"line":267,"column":17},"end":{"line":267,"column":null}},"41":{"start":{"line":268,"column":28},"end":{"line":268,"column":null}},"42":{"start":{"line":269,"column":42},"end":{"line":269,"column":null}},"43":{"start":{"line":270,"column":42},"end":{"line":270,"column":null}},"44":{"start":{"line":271,"column":46},"end":{"line":271,"column":null}},"45":{"start":{"line":273,"column":50},"end":{"line":273,"column":null}},"46":{"start":{"line":274,"column":30},"end":{"line":274,"column":null}},"47":{"start":{"line":275,"column":57},"end":{"line":275,"column":null}},"48":{"start":{"line":276,"column":31},"end":{"line":276,"column":null}},"49":{"start":{"line":278,"column":26},"end":{"line":278,"column":null}},"50":{"start":{"line":278,"column":66},"end":{"line":278,"column":74}},"51":{"start":{"line":279,"column":21},"end":{"line":279,"column":null}},"52":{"start":{"line":281,"column":23},"end":{"line":286,"column":null}},"53":{"start":{"line":283,"column":6},"end":{"line":284,"column":null}},"54":{"start":{"line":284,"column":48},"end":{"line":284,"column":null}},"55":{"start":{"line":289,"column":23},"end":{"line":292,"column":null}},"56":{"start":{"line":290,"column":4},"end":{"line":290,"column":null}},"57":{"start":{"line":291,"column":4},"end":{"line":291,"column":null}},"58":{"start":{"line":295,"column":28},"end":{"line":310,"column":null}},"59":{"start":{"line":296,"column":22},"end":{"line":296,"column":48}},"60":{"start":{"line":297,"column":4},"end":{"line":297,"column":null}},"61":{"start":{"line":297,"column":40},"end":{"line":297,"column":null}},"62":{"start":{"line":298,"column":4},"end":{"line":309,"column":null}},"63":{"start":{"line":299,"column":6},"end":{"line":299,"column":null}},"64":{"start":{"line":299,"column":24},"end":{"line":299,"column":null}},"65":{"start":{"line":300,"column":6},"end":{"line":307,"column":null}},"66":{"start":{"line":301,"column":19},"end":{"line":301,"column":null}},"67":{"start":{"line":303,"column":25},"end":{"line":304,"column":null}},"68":{"start":{"line":304,"column":17},"end":{"line":304,"column":null}},"69":{"start":{"line":304,"column":77},"end":{"line":304,"column":97}},"70":{"start":{"line":306,"column":8},"end":{"line":306,"column":null}},"71":{"start":{"line":308,"column":6},"end":{"line":308,"column":null}},"72":{"start":{"line":313,"column":13},"end":{"line":313,"column":null}},"73":{"start":{"line":314,"column":24},"end":{"line":316,"column":null}},"74":{"start":{"line":317,"column":21},"end":{"line":319,"column":null}},"75":{"start":{"line":320,"column":19},"end":{"line":320,"column":null}},"76":{"start":{"line":321,"column":19},"end":{"line":323,"column":null}},"77":{"start":{"line":424,"column":22},"end":{"line":424,"column":null}},"78":{"start":{"line":425,"column":22},"end":{"line":425,"column":null}},"79":{"start":{"line":475,"column":29},"end":{"line":475,"column":null}},"80":{"start":{"line":476,"column":31},"end":{"line":476,"column":49}},"81":{"start":{"line":478,"column":20},"end":{"line":478,"column":71}},"82":{"start":{"line":479,"column":30},"end":{"line":481,"column":34}},"83":{"start":{"line":482,"column":34},"end":{"line":484,"column":33}},"84":{"start":{"line":485,"column":35},"end":{"line":487,"column":null}},"85":{"start":{"line":488,"column":38},"end":{"line":488,"column":null}},"86":{"start":{"line":489,"column":30},"end":{"line":491,"column":null}},"87":{"start":{"line":493,"column":20},"end":{"line":497,"column":null}},"88":{"start":{"line":498,"column":32},"end":{"line":498,"column":null}},"89":{"start":{"line":499,"column":37},"end":{"line":499,"column":66}},"90":{"start":{"line":507,"column":26},"end":{"line":507,"column":null}},"91":{"start":{"line":513,"column":44},"end":{"line":513,"column":null}}},"fnMap":{"0":{"name":"(anonymous_5)","decl":{"start":{"line":24,"column":2},"end":{"line":24,"column":8}},"loc":{"start":{"line":24,"column":8},"end":{"line":24,"column":null}}},"1":{"name":"(anonymous_6)","decl":{"start":{"line":24,"column":8},"end":{"line":24,"column":15}},"loc":{"start":{"line":24,"column":8},"end":{"line":24,"column":null}}},"2":{"name":"(anonymous_8)","decl":{"start":{"line":28,"column":2},"end":{"line":28,"column":8}},"loc":{"start":{"line":28,"column":8},"end":{"line":28,"column":null}}},"3":{"name":"(anonymous_9)","decl":{"start":{"line":28,"column":8},"end":{"line":28,"column":15}},"loc":{"start":{"line":28,"column":8},"end":{"line":28,"column":null}}},"4":{"name":"(anonymous_11)","decl":{"start":{"line":32,"column":2},"end":{"line":32,"column":8}},"loc":{"start":{"line":32,"column":8},"end":{"line":32,"column":null}}},"5":{"name":"(anonymous_12)","decl":{"start":{"line":32,"column":8},"end":{"line":32,"column":15}},"loc":{"start":{"line":32,"column":8},"end":{"line":32,"column":null}}},"6":{"name":"rangeToFromTo","decl":{"start":{"line":90,"column":9},"end":{"line":90,"column":23}},"loc":{"start":{"line":90,"column":39},"end":{"line":101,"column":null}}},"7":{"name":"useAnalytics","decl":{"start":{"line":105,"column":9},"end":{"line":105,"column":null}},"loc":{"start":{"line":105,"column":9},"end":{"line":111,"column":null}}},"8":{"name":"(anonymous_16)","decl":{"start":{"line":108,"column":13},"end":{"line":108,"column":19}},"loc":{"start":{"line":108,"column":19},"end":{"line":108,"column":null}}},"9":{"name":"useTimeline","decl":{"start":{"line":113,"column":9},"end":{"line":113,"column":21}},"loc":{"start":{"line":113,"column":37},"end":{"line":123,"column":null}}},"10":{"name":"(anonymous_18)","decl":{"start":{"line":117,"column":13},"end":{"line":117,"column":null}},"loc":{"start":{"line":117,"column":13},"end":{"line":120,"column":null}}},"11":{"name":"useAllocation","decl":{"start":{"line":125,"column":9},"end":{"line":125,"column":null}},"loc":{"start":{"line":125,"column":9},"end":{"line":131,"column":null}}},"12":{"name":"(anonymous_20)","decl":{"start":{"line":128,"column":13},"end":{"line":128,"column":19}},"loc":{"start":{"line":128,"column":19},"end":{"line":128,"column":null}}},"13":{"name":"useStockHistory","decl":{"start":{"line":133,"column":9},"end":{"line":133,"column":25}},"loc":{"start":{"line":133,"column":46},"end":{"line":141,"column":null}}},"14":{"name":"(anonymous_22)","decl":{"start":{"line":136,"column":13},"end":{"line":136,"column":null}},"loc":{"start":{"line":137,"column":6},"end":{"line":137,"column":null}}},"15":{"name":"fmt","decl":{"start":{"line":151,"column":9},"end":{"line":151,"column":13}},"loc":{"start":{"line":151,"column":33},"end":{"line":153,"column":null}}},"16":{"name":"StatCard","decl":{"start":{"line":157,"column":9},"end":{"line":157,"column":18}},"loc":{"start":{"line":167,"column":1},"end":{"line":185,"column":null}}},"17":{"name":"WinRateBadge","decl":{"start":{"line":187,"column":9},"end":{"line":187,"column":22}},"loc":{"start":{"line":187,"column":71},"end":{"line":200,"column":null}}},"18":{"name":"(anonymous_26)","decl":{"start":{"line":189,"column":4},"end":{"line":189,"column":5}},"loc":{"start":{"line":189,"column":11},"end":{"line":189,"column":null}}},"19":{"name":"HistoryRow","decl":{"start":{"line":202,"column":9},"end":{"line":202,"column":20}},"loc":{"start":{"line":202,"column":52},"end":{"line":232,"column":null}}},"20":{"name":"ExpandedHistory","decl":{"start":{"line":234,"column":9},"end":{"line":234,"column":25}},"loc":{"start":{"line":234,"column":55},"end":{"line":262,"column":null}}},"21":{"name":"(anonymous_29)","decl":{"start":{"line":257,"column":24},"end":{"line":257,"column":25}},"loc":{"start":{"line":258,"column":8},"end":{"line":258,"column":28}}},"22":{"name":"PortfolioPage","decl":{"start":{"line":266,"column":24},"end":{"line":266,"column":null}},"loc":{"start":{"line":266,"column":24},"end":{"line":590,"column":null}}},"23":{"name":"(anonymous_31)","decl":{"start":{"line":278,"column":59},"end":{"line":278,"column":60}},"loc":{"start":{"line":278,"column":66},"end":{"line":278,"column":74}}},"24":{"name":"(anonymous_32)","decl":{"start":{"line":282,"column":4},"end":{"line":282,"column":null}},"loc":{"start":{"line":283,"column":6},"end":{"line":284,"column":null}}},"25":{"name":"(anonymous_33)","decl":{"start":{"line":284,"column":41},"end":{"line":284,"column":42}},"loc":{"start":{"line":284,"column":48},"end":{"line":284,"column":null}}},"26":{"name":"(anonymous_34)","decl":{"start":{"line":289,"column":23},"end":{"line":289,"column":null}},"loc":{"start":{"line":289,"column":23},"end":{"line":292,"column":null}}},"27":{"name":"(anonymous_35)","decl":{"start":{"line":290,"column":55},"end":{"line":290,"column":62}},"loc":{"start":{"line":290,"column":55},"end":{"line":290,"column":null}}},"28":{"name":"(anonymous_36)","decl":{"start":{"line":295,"column":36},"end":{"line":295,"column":null}},"loc":{"start":{"line":295,"column":36},"end":{"line":310,"column":5}}},"29":{"name":"(anonymous_37)","decl":{"start":{"line":298,"column":28},"end":{"line":298,"column":29}},"loc":{"start":{"line":298,"column":29},"end":{"line":309,"column":null}}},"30":{"name":"(anonymous_38)","decl":{"start":{"line":304,"column":10},"end":{"line":3
[...]
,"D:\\Work\\Trading-app-front\\src\\lib\\priceUtils.ts": {"path":"D:\\Work\\Trading-app-front\\src\\lib\\priceUtils.ts","statementMap":{"0":{"start":{"line":9,"column":13},"end":{"line":9,"column":65}},"1":{"start":{"line":3,"column":13},"end":{"line":3,"column":36}},"2":{"start":{"line":36,"column":16},"end":{"line":36,"column":31}},"3":{"start":{"line":20,"column":16},"end":{"line":20,"column":34}},"4":{"start":{"line":3,"column":36},"end":{"line":7,"column":null}},"5":{"start":{"line":9,"column":65},"end":{"line":14,"column":null}},"6":{"start":{"line":21,"column":2},"end":{"line":21,"column":null}},"7":{"start":{"line":21,"column":26},"end":{"line":21,"column":null}},"8":{"start":{"line":23,"column":13},"end":{"line":23,"column":null}},"9":{"start":{"line":24,"column":2},"end":{"line":24,"column":null}},"10":{"start":{"line":24,"column":17},"end":{"line":24,"column":null}},"11":{"start":{"line":26,"column":14},"end":{"line":26,"column":null}},"12":{"start":{"line":27,"column":2},"end":{"line":27,"column":31}},"13":{"start":{"line":27,"column":15},"end":{"line":27,"column":31}},"14":{"start":{"line":28,"column":2},"end":{"line":28,"column":null}},"15":{"start":{"line":28,"column":40},"end":{"line":28,"column":null}},"16":{"start":{"line":29,"column":2},"end":{"line":29,"column":null}},"17":{"start":{"line":29,"column":40},"end":{"line":29,"column":null}},"18":{"start":{"line":30,"column":2},"end":{"line":30,"column":null}},"19":{"start":{"line":37,"column":2},"end":{"line":37,"column":null}},"20":{"start":{"line":37,"column":26},"end":{"line":37,"column":null}},"21":{"start":{"line":39,"column":13},"end":{"line":39,"column":null}},"22":{"start":{"line":40,"column":2},"end":{"line":40,"column":null}},"23":{"start":{"line":40,"column":17},"end":{"line":40,"column":null}},"24":{"start":{"line":42,"column":14},"end":{"line":42,"column":44}},"25":{"start":{"line":43,"column":18},"end":{"line":43,"column":null}},"26":{"start":{"line":45,"column":2},"end":{"line":45,"column":null}},"27":{"start":{"line":45,"column":20},"end":{"line":45,"column":null}},"28":{"start":{"line":47,"column":18},"end":{"line":47,"column":null}},"29":{"start":{"line":48,"column":2},"end":{"line":48,"column":null}},"30":{"start":{"line":48,"column":20},"end":{"line":48,"column":null}},"31":{"start":{"line":50,"column":16},"end":{"line":50,"column":null}},"32":{"start":{"line":51,"column":2},"end":{"line":51,"column":null}},"33":{"start":{"line":51,"column":18},"end":{"line":51,"column":null}},"34":{"start":{"line":53,"column":15},"end":{"line":53,"column":null}},"35":{"start":{"line":54,"column":2},"end":{"line":54,"column":null}}},"fnMap":{"0":{"name":"getPriceFreshness","decl":{"start":{"line":20,"column":16},"end":{"line":20,"column":34}},"loc":{"start":{"line":20,"column":80},"end":{"line":31,"column":null}}},"1":{"name":"formatPriceAge","decl":{"start":{"line":36,"column":16},"end":{"line":36,"column":31}},"loc":{"start":{"line":36,"column":77},"end":{"line":55,"column":null}}}},"branchMap":{"0":{"loc":{"start":{"line":21,"column":2},"end":{"line":21,"column":null}},"type":"if","locations":[{"start":{"line":21,"column":2},"end":{"line":21,"column":null}},{"start":{},"end":{}}]},"1":{"loc":{"start":{"line":23,"column":13},"end":{"line":23,"column":null}},"type":"cond-expr","locations":[{"start":{"line":23,"column":46},"end":{"line":23,"column":79}},{"start":{"line":23,"column":79},"end":{"line":23,"column":null}}]},"2":{"loc":{"start":{"line":24,"column":2},"end":{"line":24,"column":null}},"type":"if","locations":[{"start":{"line":24,"column":2},"end":{"line":24,"column":null}},{"start":{},"end":{}}]},"3":{"loc":{"start":{"line":27,"column":2},"end":{"line":27,"column":31}},"type":"if","locations":[{"start":{"line":27,"column":2},"end":{"line":27,"column":31}},{"start":{},"end":{}}]},"4":{"loc":{"start":{"line":28,"column":2},"end":{"line":28,"column":null}},"type":"if","locations":[{"start":{"line":28,"column":2},"end":{"line":28,"column":null}},{"start":{},"end":{}}]},"5":{"loc":{"start":{"line":29,"column":2},"end":{"line":29,"column":null}},"type":"if","locations":[{"start":{"line":29,"column":2},"end":{"line":29,"column":null}},{"start":{},"end":{}}]},"6":{"loc":{"start":{"line":37,"column":2},"end":{"line":37,"column":null}},"type":"if","locations":[{"start":{"line":37,"column":2},"end":{"line":37,"column":null}},{"start":{},"end":{}}]},"7":{"loc":{"start":{"line":39,"column":13},"end":{"line":39,"column":null}},"type":"cond-expr","locations":[{"start":{"line":39,"column":46},"end":{"line":39,"column":79}},{"start":{"line":39,"column":79},"end":{"line":39,"column":null}}]},"8":{"loc":{"start":{"line":40,"column":2},"end":{"line":40,"column":null}},"type":"if","locations":[{"start":{"line":40,"column":2},"end":{"line":40,"column":null}},{"start":{},"end":{}}]},"9":{"loc":{"start":{"line":45,"column":2},"end":{"line":45,"column":null}},"type":"if","locations":[{"start":{"line":45,"column":2},"end":{"line":45,"column":null}},{"start":{},"end":{}}]},"10":{"loc":{"start":{"line":45,"column":27},"end":{"line":45,"column":79}},"type":"cond-expr","locations":[{"start":{"line":45,"column":42},"end":{"line":45,"column":55}},{"start":{"line":45,"column":55},"end":{"line":45,"column":79}}]},"11":{"loc":{"start":{"line":48,"column":2},"end":{"line":48,"column":null}},"type":"if","locations":[{"start":{"line":48,"column":2},"end":{"line":48,"column":null}},{"start":{},"end":{}}]},"12":{"loc":{"start":{"line":48,"column":47},"end":{"line":48,"column":72}},"type":"cond-expr","locations":[{"start":{"line":48,"column":63},"end":{"line":48,"column":69}},{"start":{"line":48,"column":69},"end":{"line":48,"column":72}}]},"13":{"loc":{"start":{"line":51,"column":2},"end":{"line":51,"column":null}},"type":"if","locations":[{"start":{"line":51,"column":2},"end":{"line":51,"column":null}},{"start":{},"end":{}}]},"14":{"loc":{"start":{"line":51,"column":41},"end":{"line":51,"column":64}},"type":"cond-expr","locations":[{"start":{"line":51,"column":55},"end":{"line":51,"column":61}},{"start":{"line":51,"column":61},"end":{"line":51,"column":64}}]},"15":{"loc":{"start":{"line":54,"column":23},"end":{"line":54,"column":45}},"type":"cond-expr","locations":[{"start":{"line":54,"column":36},"end":{"line":54,"column":42}},{"start":{"line":54,"column":42},"end":{"line":54,"column":45}}]}},"s":{"0":15,"1":0,"2":8,"3":7,"4":1,"5":1,"6":7,"7":2,"8":5,"9":5,"10":0,"11":5,"12":5,"13":1,"14":4,"15":2,"16":2,"17":1,"18":1,"19":8,"20":2,"21":6,"22":6,"23":0,"24":6,"25":6,"26":6,"27":2,"28":4,"29":4,"30":2,"31":2,"32":2,"33":1,"34":1,"35":1},"f":{"0":7,"1":8},"b":{"0":[2,5],"1":[1,4],"2":[0,5],"3":[1,4],"4":[2,2],"5":[1,1],"6":[2,6],"7":[0,6],"8":[0,6],"9":[2,4],"10":[1,1],"11":[2,2],"12":[2,0],"13":[1,1],"14":[1,0],"15":[1,0]}}
,"D:\\Work\\Trading-app-front\\src\\lib\\proxy.ts": {"path":"D:\\Work\\Trading-app-front\\src\\lib\\proxy.ts","statementMap":{"0":{"start":{"line":10,"column":22},"end":{"line":10,"column":null}},"1":{"start":{"line":26,"column":16},"end":{"line":26,"column":null}},"2":{"start":{"line":44,"column":22},"end":{"line":44,"column":null}},"3":{"start":{"line":36,"column":22},"end":{"line":36,"column":34}},"4":{"start":{"line":1,"column":29},"end":{"line":1,"column":null}},"5":{"start":{"line":3,"column":16},"end":{"line":3,"column":null}},"6":{"start":{"line":7,"column":2},"end":{"line":7,"column":null}},"7":{"start":{"line":15,"column":2},"end":{"line":22,"column":null}},"8":{"start":{"line":30,"column":3},"end":{"line":31,"column":null}},"9":{"start":{"line":31,"column":4},"end":{"line":31,"column":null}},"10":{"start":{"line":37,"column":15},"end":{"line":37,"column":null}},"11":{"start":{"line":38,"column":19},"end":{"line":38,"column":null}},"12":{"start":{"line":39,"column":2},"end":{"line":39,"column":null}},"13":{"start":{"line":40,"column":2},"end":{"line":40,"column":null}},"14":{"start":{"line":47,"column":2},"end":{"line":54,"column":null}},"15":{"start":{"line":48,"column":16},"end":{"line":48,"column":null}},"16":{"start":{"line":49,"column":4},"end":{"line":49,"column":null}},"17":{"start":{"line":49,"column":17},"end":{"line":49,"column":null}},"18":{"start":{"line":50,"column":17},"end":{"line":50,"column":null}},"19":{"start":{"line":51,"column":4},"end":{"line":51,"column":null}},"20":{"start":{"line":53,"column":4},"end":{"line":53,"column":null}}},"fnMap":{"0":{"name":"rewriteSetCookie","decl":{"start":{"line":6,"column":9},"end":{"line":6,"column":26}},"loc":{"start":{"line":6,"column":40},"end":{"line":8,"column":null}}},"1":{"name":"fetchBackend","decl":{"start":{"line":10,"column":22},"end":{"line":10,"column":null}},"loc":{"start":{"line":13,"column":23},"end":{"line":23,"column":null}}},"2":{"name":"forwardSetCookies","decl":{"start":{"line":26,"column":16},"end":{"line":26,"column":null}},"loc":{"start":{"line":28,"column":22},"end":{"line":33,"column":null}}},"3":{"name":"(anonymous_8)","decl":{"start":{"line":30,"column":54},"end":{"line":30,"column":55}},"loc":{"start":{"line":31,"column":4},"end":{"line":31,"column":null}}},"4":{"name":"passThrough","decl":{"start":{"line":36,"column":22},"end":{"line":36,"column":34}},"loc":{"start":{"line":36,"column":54},"end":{"line":41,"column":null}}},"5":{"name":"getBackendUserId","decl":{"start":{"line":44,"column":22},"end":{"line":44,"column":null}},"loc":{"start":{"line":45,"column":22},"end":{"line":55,"column":null}}}},"branchMap":{"0":{"loc":{"start":{"line":3,"column":16},"end":{"line":3,"column":null}},"type":"binary-expr","locations":[{"start":{"line":3,"column":16},"end":{"line":3,"column":39}},{"start":{"line":3,"column":43},"end":{"line":3,"column":null}}]},"1":{"loc":{"start":{"line":12,"column":2},"end":{"line":12,"column":24}},"type":"default-arg","locations":[{"start":{"line":12,"column":22},"end":{"line":12,"column":24}}]},"2":{"loc":{"start":{"line":19,"column":10},"end":{"line":19,"column":54}},"type":"cond-expr","locations":[{"start":{"line":19,"column":25},"end":{"line":19,"column":52}},{"start":{"line":19,"column":52},"end":{"line":19,"column":54}}]},"3":{"loc":{"start":{"line":20,"column":10},"end":{"line":20,"column":28}},"type":"binary-expr","locations":[{"start":{"line":20,"column":10},"end":{"line":20,"column":22}},{"start":{"line":20,"column":26},"end":{"line":20,"column":28}}]},"4":{"loc":{"start":{"line":30,"column":3},"end":{"line":30,"column":44}},"type":"binary-expr","locations":[{"start":{"line":30,"column":3},"end":{"line":30,"column":42}},{"start":{"line":30,"column":42},"end":{"line":30,"column":44}}]},"5":{"loc":{"start":{"line":49,"column":4},"end":{"line":49,"column":null}},"type":"if","locations":[{"start":{"line":49,"column":4},"end":{"line":49,"column":null}},{"start":{},"end":{}}]},"6":{"loc":{"start":{"line":51,"column":11},"end":{"line":51,"column":null}},"type":"binary-expr","locations":[{"start":{"line":51,"column":11},"end":{"line":51,"column":40}},{"start":{"line":51,"column":40},"end":{"line":51,"column":null}}]}},"s":{"0":0,"1":0,"2":0,"3":0,"4":0,"5":0,"6":0,"7":0,"8":0,"9":0,"10":0,"11":0,"12":0,"13":0,"14":0,"15":0,"16":0,"17":0,"18":0,"19":0,"20":0},"f":{"0":0,"1":0,"2":0,"3":0,"4":0,"5":0},"b":{"0":[0,0],"1":[0],"2":[0,0],"3":[0,0],"4":[0,0],"5":[0,0],"6":[0,0]}}
,"D:\\Work\\Trading-app-front\\src\\lib\\queryClient.ts": {"path":"D:\\Work\\Trading-app-front\\src\\lib\\queryClient.ts","statementMap":{"0":{"start":{"line":17,"column":13},"end":{"line":17,"column":27}},"1":{"start":{"line":1,"column":40},"end":{"line":1,"column":null}},"2":{"start":{"line":2,"column":22},"end":{"line":2,"column":null}},"3":{"start":{"line":3,"column":25},"end":{"line":3,"column":null}},"4":{"start":{"line":7,"column":2},"end":{"line":7,"column":null}},"5":{"start":{"line":7,"column":57},"end":{"line":7,"column":null}},"6":{"start":{"line":9,"column":14},"end":{"line":9,"column":null}},"7":{"start":{"line":10,"column":24},"end":{"line":10,"column":null}},"8":{"start":{"line":12,"column":2},"end":{"line":14,"column":null}},"9":{"start":{"line":17,"column":27},"end":{"line":26,"column":null}}},"fnMap":{"0":{"name":"handleQueryError","decl":{"start":{"line":5,"column":9},"end":{"line":5,"column":26}},"loc":{"start":{"line":5,"column":40},"end":{"line":15,"column":null}}}},"branchMap":{"0":{"loc":{"start":{"line":7,"column":2},"end":{"line":7,"column":null}},"type":"if","locations":[{"start":{"line":7,"column":2},"end":{"line":7,"column":null}},{"start":{},"end":{}}]},"1":{"loc":{"start":{"line":7,"column":6},"end":{"line":7,"column":57}},"type":"binary-expr","locations":[{"start":{"line":7,"column":6},"end":{"line":7,"column":31}},{"start":{"line":7,"column":35},"end":{"line":7,"column":57}}]},"2":{"loc":{"start":{"line":9,"column":14},"end":{"line":9,"column":null}},"type":"cond-expr","locations":[{"start":{"line":9,"column":42},"end":{"line":9,"column":55}},{"start":{"line":9,"column":58},"end":{"line":9,"column":null}}]},"3":{"loc":{"start":{"line":10,"column":24},"end":{"line":10,"column":null}},"type":"cond-expr","locations":[{"start":{"line":10,"column":52},"end":{"line":10,"column":71}},{"start":{"line":10,"column":74},"end":{"line":10,"column":null}}]},"4":{"loc":{"start":{"line":13,"column":17},"end":{"line":13,"column":null}},"type":"cond-expr","locations":[{"start":{"line":13,"column":33},"end":{"line":13,"column":56}},{"start":{"line":13,"column":59},"end":{"line":13,"column":null}}]}},"s":{"0":0,"1":0,"2":0,"3":0,"4":0,"5":0,"6":0,"7":0,"8":0,"9":0},"f":{"0":0},"b":{"0":[0,0],"1":[0,0],"2":[0,0],"3":[0,0],"4":[0,0]}}
,"D:\\Work\\Trading-app-front\\src\\lib\\rangeToFromTo.ts": {"path":"D:\\Work\\Trading-app-front\\src\\lib\\rangeToFromTo.ts","statementMap":{"0":{"start":{"line":15,"column":16},"end":{"line":15,"column":30}},"1":{"start":{"line":3,"column":46},"end":{"line":9,"column":null}},"2":{"start":{"line":16,"column":13},"end":{"line":16,"column":null}},"3":{"start":{"line":17,"column":15},"end":{"line":17,"column":null}},"4":{"start":{"line":18,"column":2},"end":{"line":18,"column":null}},"5":{"start":{"line":19,"column":2},"end":{"line":22,"column":null}}},"fnMap":{"0":{"name":"rangeToFromTo","decl":{"start":{"line":15,"column":16},"end":{"line":15,"column":30}},"loc":{"start":{"line":15,"column":46},"end":{"line":23,"column":null}}}},"branchMap":{},"s":{"0":25,"1":2,"2":25,"3":25,"4":25,"5":25},"f":{"0":25},"b":{}}
,"D:\\Work\\Trading-app-front\\src\\providers\\Providers.tsx": {"path":"D:\\Work\\Trading-app-front\\src\\providers\\Providers.tsx","statementMap":{"0":{"start":{"line":8,"column":24},"end":{"line":8,"column":34}},"1":{"start":{"line":3,"column":36},"end":{"line":3,"column":null}},"2":{"start":{"line":4,"column":35},"end":{"line":4,"column":null}},"3":{"start":{"line":5,"column":24},"end":{"line":5,"column":null}},"4":{"start":{"line":6,"column":28},"end":{"line":6,"column":null}}},"fnMap":{"0":{"name":"Providers","decl":{"start":{"line":8,"column":24},"end":{"line":8,"column":34}},"loc":{"start":{"line":8,"column":77},"end":{"line":21,"column":null}}}},"branchMap":{},"s":{"0":0,"1":0,"2":0,"3":0,"4":0},"f":{"0":0},"b":{}}
,"D:\\Work\\Trading-app-front\\src\\store\\useActiveStock.ts": {"path":"D:\\Work\\Trading-app-front\\src\\store\\useActiveStock.ts","statementMap":{"0":{"start":{"line":21,"column":16},"end":{"line":21,"column":null}},"1":{"start":{"line":3,"column":23},"end":{"line":3,"column":null}},"2":{"start":{"line":4,"column":39},"end":{"line":4,"column":null}},"3":{"start":{"line":5,"column":26},"end":{"line":5,"column":null}},"4":{"start":{"line":12,"column":28},"end":{"line":15,"column":null}},"5":{"start":{"line":12,"column":63},"end":{"line":15,"column":null}},"6":{"start":{"line":14,"column":25},"end":{"line":14,"column":null}},"7":{"start":{"line":22,"column":17},"end":{"line":22,"column":null}},"8":{"start":{"line":23,"column":19},"end":{"line":23,"column":null}},"9":{"start":{"line":24,"column":48},"end":{"line":24,"column":null}},"10":{"start":{"line":27,"column":2},"end":{"line":33,"column":null}},"11":{"start":{"line":28,"column":21},"end":{"line":28,"column":null}},"12":{"start":{"line":29,"column":22},"end":{"line":29,"column":33}},"13":{"start":{"line":30,"column":4},"end":{"line":32,"column":null}},"14":{"start":{"line":31,"column":6},"end":{"line":31,"column":null}},"15":{"start":{"line":35,"column":20},"end":{"line":39,"column":null}},"16":{"start":{"line":36,"column":18},"end":{"line":36,"column":null}},"17":{"start":{"line":37,"column":4},"end":{"line":37,"column":null}},"18":{"start":{"line":38,"column":4},"end":{"line":38,"column":null}},"19":{"start":{"line":41,"column":2},"end":{"line":41,"column":null}}},"fnMap":{"0":{"name":"(anonymous_1)","decl":{"start":{"line":12,"column":53},"end":{"line":12,"column":54}},"loc":{"start":{"line":12,"column":63},"end":{"line":15,"column":null}}},"1":{"name":"(anonymous_2)","decl":{"start":{"line":14,"column":13},"end":{"line":14,"column":14}},"loc":{"start":{"line":14,"column":25},"end":{"line":14,"column":null}}},"2":{"name":"useActiveStock","decl":{"start":{"line":21,"column":16},"end":{"line":21,"column":null}},"loc":{"start":{"line":21,"column":16},"end":{"line":42,"column":null}}},"3":{"name":"(anonymous_4)","decl":{"start":{"line":27,"column":12},"end":{"line":27,"column":null}},"loc":{"start":{"line":27,"column":12},"end":{"line":33,"column":5}}},"4":{"name":"(anonymous_5)","decl":{"start":{"line":35,"column":20},"end":{"line":35,"column":21}},"loc":{"start":{"line":35,"column":21},"end":{"line":39,"column":null}}}},"branchMap":{"0":{"loc":{"start":{"line":30,"column":4},"end":{"line":32,"column":null}},"type":"if","locations":[{"start":{"line":30,"column":4},"end":{"line":32,"column":null}},{"start":{},"end":{}}]},"1":{"loc":{"start":{"line":30,"column":8},"end":{"line":30,"column":43}},"type":"binary-expr","locations":[{"start":{"line":30,"column":8},"end":{"line":30,"column":21}},{"start":{"line":30,"column":21},"end":{"line":30,"column":43}}]}},"s":{"0":0,"1":0,"2":0,"3":0,"4":0,"5":0,"6":0,"7":0,"8":0,"9":0,"10":0,"11":0,"12":0,"13":0,"14":0,"15":0,"16":0,"17":0,"18":0,"19":0},"f":{"0":0,"1":0,"2":0,"3":0,"4":0},"b":{"0":[0,0],"1":[0,0]}}
}
