TN:
SF:src\middleware.ts
FN:10,middleware
FN:15,(anonymous_4)
FNF:2
FNH:0
FNDA:0,middleware
FNDA:0,(anonymous_4)
DA:1,0
DA:5,0
DA:8,0
DA:10,0
DA:11,0
DA:15,0
DA:19,0
DA:21,0
DA:22,0
DA:23,0
DA:24,0
DA:25,0
DA:28,0
DA:31,0
LF:14
LH:0
BRDA:15,0,0,0
BRDA:15,0,1,0
BRDA:15,0,2,0
BRDA:19,1,0,0
BRDA:19,1,1,0
BRDA:22,2,0,0
BRDA:22,2,1,0
BRF:7
BRH:0
end_of_record
TN:
SF:src\app\page.tsx
FN:3,Home
FNF:1
FNH:0
FNDA:0,Home
DA:1,0
DA:3,0
DA:4,0
LF:3
LH:0
BRF:0
BRH:0
end_of_record
TN:
SF:src\app\api\auth\login\route.ts
FN:4,POST
FNF:1
FNH:0
FNDA:0,POST
DA:2,0
DA:4,0
DA:5,0
DA:6,0
DA:11,0
LF:5
LH:0
BRDA:9,0,0,0
BRDA:9,0,1,0
BRF:2
BRH:0
end_of_record
TN:
SF:src\app\api\auth\logout\route.ts
FN:4,POST
FNF:1
FNH:0
FNDA:0,POST
DA:2,0
DA:4,0
DA:5,0
DA:10,0
LF:4
LH:0
BRDA:8,0,0,0
BRDA:8,0,1,0
BRF:2
BRH:0
end_of_record
TN:
SF:src\app\api\auth\me\route.ts
FN:4,GET
FNF:1
FNH:0
FNDA:0,GET
DA:2,0
DA:4,0
DA:5,0
DA:10,0
LF:4
LH:0
BRDA:8,0,0,0
BRDA:8,0,1,0
BRF:2
BRH:0
end_of_record
TN:
SF:src\app\api\auth\register\route.ts
FN:4,POST
FNF:1
FNH:0
FNDA:0,POST
DA:2,0
DA:4,0
DA:5,0
DA:6,0
DA:11,0
LF:5
LH:0
BRDA:9,0,0,0
BRDA:9,0,1,0
BRF:2
BRH:0
end_of_record
TN:
SF:src\app\api\portfolio\route.ts
FN:18,fetchCurrentPrice
FN:20,(anonymous_2)
FN:64,GET
FN:87,(anonymous_4)
FN:90,(anonymous_5)
FN:94,(anonymous_6)
FN:113,(anonymous_7)
FN:115,(anonymous_8)
FNF:8
FNH:0
FNDA:0,fetchCurrentPrice
FNDA:0,(anonymous_2)
FNDA:0,GET
FNDA:0,(anonymous_4)
FNDA:0,(anonymous_5)
FNDA:0,(anonymous_6)
FNDA:0,(anonymous_7)
FNDA:0,(anonymous_8)
DA:1,0
DA:2,0
DA:4,0
DA:19,0
DA:20,0
DA:22,0
DA:23,0
DA:28,0
DA:30,0
DA:31,0
DA:32,0
DA:34,0
DA:35,0
DA:36,0
DA:38,0
DA:39,0
DA:40,0
DA:41,0
DA:42,0
DA:43,0
DA:44,0
DA:45,0
DA:46,0
DA:47,0
DA:52,0
DA:53,0
DA:56,0
DA:58,0
DA:60,0
DA:64,0
DA:65,0
DA:67,0
DA:68,0
DA:69,0
DA:75,0
DA:76,0
DA:77,0
DA:78,0
DA:81,0
DA:83,0
DA:84,0
DA:87,0
DA:88,0
DA:90,0
DA:94,0
DA:95,0
DA:96,0
DA:97,0
DA:98,0
DA:102,0
DA:112,0
DA:113,0
DA:115,0
DA:117,0
DA:121,0
LF:55
LH:0
BRDA:4,0,0,0
BRDA:4,0,1,0
BRDA:28,1,0,0
BRDA:28,1,1,0
BRDA:28,2,0,0
BRDA:28,2,1,0
BRDA:36,3,0,0
BRDA:36,3,1,0
BRDA:40,4,0,0
BRDA:40,4,1,0
BRDA:42,5,0,0
BRDA:42,5,1,0
BRDA:45,6,0,0
BRDA:45,6,1,0
BRDA:53,7,0,0
BRDA:53,7,1,0
BRDA:65,8,0,0
BRDA:65,8,1,0
BRDA:68,9,0,0
BRDA:68,9,1,0
BRDA:76,10,0,0
BRDA:76,10,1,0
BRDA:84,11,0,0
BRDA:84,11,1,0
BRDA:96,12,0,0
BRDA:96,12,1,0
BRDA:98,13,0,0
BRDA:98,13,1,0
BRDA:117,14,0,0
BRDA:117,14,1,0
BRF:30
BRH:0
end_of_record
TN:
SF:src\app\api\portfolio\allocation\route.ts
FN:5,GET
FNF:1
FNH:1
FNDA:4,GET
DA:1,1
DA:2,1
DA:3,1
DA:5,4
DA:6,4
DA:7,4
DA:8,4
DA:9,1
DA:12,3
DA:14,3
DA:15,1
DA:18,2
DA:19,2
LF:13
LH:13
BRDA:6,0,0,4
BRDA:6,0,1,0
BRDA:8,1,0,1
BRDA:8,1,1,3
BRDA:14,2,0,1
BRDA:14,2,1,2
BRF:6
BRH:5
end_of_record
TN:
SF:src\app\api\portfolio\analytics\route.ts
FN:4,GET
FNF:1
FNH:0
FNDA:0,GET
DA:1,0
DA:2,0
DA:4,0
DA:5,0
DA:7,0
DA:8,0
DA:9,0
DA:15,0
DA:21,0
DA:22,0
DA:25,0
DA:26,0
LF:12
LH:0
BRDA:5,0,0,0
BRDA:5,0,1,0
BRDA:8,1,0,0
BRDA:8,1,1,0
BRDA:21,2,0,0
BRDA:21,2,1,0
BRF:6
BRH:0
end_of_record
TN:
SF:src\app\api\portfolio\stock\[symbol]\history\route.ts
FN:5,GET
FNF:1
FNH:0
FNDA:0,GET
DA:1,0
DA:2,0
DA:3,0
DA:5,0
DA:9,0
DA:10,0
DA:11,0
DA:12,0
DA:13,0
DA:16,0
DA:22,0
DA:23,0
DA:26,0
DA:27,0
LF:14
LH:0
BRDA:10,0,0,0
BRDA:10,0,1,0
BRDA:12,1,0,0
BRDA:12,1,1,0
BRDA:22,2,0,0
BRDA:22,2,1,0
BRF:6
BRH:0
end_of_record
TN:
SF:src\app\api\portfolio\timeline\route.ts
FN:5,GET
FNF:1
FNH:1
FNDA:5,GET
DA:1,1
DA:2,1
DA:3,1
DA:5,5
DA:6,5
DA:7,5
DA:8,5
DA:9,1
DA:12,4
DA:13,4
DA:15,4
DA:16,1
DA:19,3
DA:20,3
LF:14
LH:14
BRDA:6,0,0,5
BRDA:6,0,1,0
BRDA:8,1,0,1
BRDA:8,1,1,4
BRDA:15,2,0,1
BRDA:15,2,1,3
BRF:6
BRH:5
end_of_record
TN:
SF:src\app\api\prices\route.ts
FN:7,GET
FN:13,(anonymous_4)
FN:15,(anonymous_5)
FNF:3
FNH:3
FNDA:6,GET
FNDA:6,(anonymous_4)
FNDA:6,(anonymous_5)
DA:3,1
DA:5,1
DA:7,6
DA:8,6
DA:9,6
DA:10,6
DA:12,6
DA:15,6
DA:16,6
DA:17,6
DA:19,6
DA:20,6
DA:25,6
DA:26,0
DA:27,0
DA:30,6
DA:31,6
DA:32,6
DA:34,6
DA:35,6
DA:36,12
DA:37,12
DA:39,6
DA:40,6
DA:41,6
DA:43,6
DA:44,12
DA:45,6
DA:46,6
DA:48,6
DA:50,6
DA:52,6
DA:54,6
DA:55,6
DA:57,6
DA:68,6
DA:75,6
DA:80,0
DA:82,0
DA:83,0
DA:84,0
DA:88,6
DA:93,6
LF:43
LH:37
BRDA:5,0,0,1
BRDA:5,0,1,1
BRDA:8,1,0,6
BRDA:8,1,1,1
BRDA:9,2,0,6
BRDA:9,2,1,0
BRDA:25,3,0,0
BRDA:25,3,1,6
BRDA:25,4,0,6
BRDA:25,4,1,6
BRDA:37,5,0,6
BRDA:37,5,1,6
BRDA:41,6,0,6
BRDA:41,6,1,0
BRDA:44,7,0,6
BRDA:44,7,1,6
BRDA:46,8,0,0
BRDA:46,8,1,6
BRDA:52,9,0,6
BRDA:52,9,1,0
BRDA:80,10,0,0
BRDA:80,10,1,0
BRDA:80,10,2,0
BRDA:82,11,0,0
BRDA:82,11,1,0
BRF:25
BRH:15
end_of_record
TN:
SF:src\app\api\prices\history\[symbol]\route.ts
FN:4,GET
FNF:1
FNH:0
FNDA:0,GET
DA:1,0
DA:2,0
DA:4,0
DA:8,0
DA:9,0
DA:11,0
DA:17,0
DA:19,0
DA:22,0
DA:23,0
LF:10
LH:0
BRDA:9,0,0,0
BRDA:9,0,1,0
BRDA:17,1,0,0
BRDA:17,1,1,0
BRF:4
BRH:0
end_of_record
TN:
SF:src\app\api\stocks\route.ts
FN:4,GET
FN:10,(anonymous_2)
FNF:2
FNH:0
FNDA:0,GET
FNDA:0,(anonymous_2)
DA:1,0
DA:2,0
DA:4,0
DA:5,0
DA:6,0
DA:7,0
DA:9,0
DA:10,0
DA:11,0
DA:14,0
DA:15,0
LF:11
LH:0
BRDA:5,0,0,0
BRDA:5,0,1,0
BRDA:9,1,0,0
BRDA:9,1,1,0
BRF:4
BRH:0
end_of_record
TN:
SF:src\app\api\stocks\[symbol]\route.ts
FN:4,GET
FN:19,(anonymous_2)
FN:27,(anonymous_3)
FNF:3
FNH:0
FNDA:0,GET
FNDA:0,(anonymous_2)
FNDA:0,(anonymous_3)
DA:1,0
DA:2,0
DA:4,0
DA:8,0
DA:9,0
DA:12,0
DA:18,0
DA:19,0
DA:20,0
DA:23,0
DA:25,0
DA:26,0
DA:27,0
DA:30,0
DA:31,0
DA:37,0
LF:16
LH:0
BRDA:9,0,0,0
BRDA:9,0,1,0
BRDA:18,1,0,0
BRDA:18,1,1,0
BRDA:25,2,0,0
BRDA:25,2,1,0
BRDA:26,3,0,0
BRDA:26,3,1,0
BRDA:26,3,2,0
BRDA:30,4,0,0
BRDA:30,4,1,0
BRF:11
BRH:0
end_of_record
TN:
SF:src\app\api\stocks\dashboard\route.ts
FN:4,GET
FN:9,(anonymous_2)
FNF:2
FNH:0
FNDA:0,GET
FNDA:0,(anonymous_2)
DA:1,0
DA:2,0
DA:4,0
DA:5,0
DA:6,0
DA:8,0
DA:9,0
DA:10,0
DA:13,0
DA:14,0
LF:10
LH:0
BRDA:5,0,0,0
BRDA:5,0,1,0
BRDA:8,1,0,0
BRDA:8,1,1,0
BRF:4
BRH:0
end_of_record
TN:
SF:src\app\api\trade\route.ts
FN:4,POST
FNF:1
FNH:0
FNDA:0,POST
DA:1,0
DA:2,0
DA:4,0
DA:5,0
DA:6,0
DA:8,0
DA:9,0
DA:10,0
DA:16,0
DA:31,0
DA:32,0
DA:33,0
DA:36,0
DA:38,0
LF:14
LH:0
BRDA:5,0,0,0
BRDA:5,0,1,0
BRDA:9,1,0,0
BRDA:9,1,1,0
BRDA:31,2,0,0
BRDA:31,2,1,0
BRDA:41,3,0,0
BRDA:41,3,1,0
BRF:8
BRH:0
end_of_record
TN:
SF:src\app\dashboard\page.tsx
FN:40,useDashboardStocks
FN:43,(anonymous_3)
FN:48,DashboardOverview
FN:59,(anonymous_5)
FN:60,(anonymous_6)
FN:61,(anonymous_7)
FN:66,(anonymous_8)
FN:67,(anonymous_9)
FN:137,(anonymous_10)
FN:144,(anonymous_11)
FN:145,(anonymous_12)
FN:193,StatCard
FN:204,Section
FN:220,(anonymous_15)
FN:234,(anonymous_16)
FNF:15
FNH:0
FNDA:0,useDashboardStocks
FNDA:0,(anonymous_3)
FNDA:0,DashboardOverview
FNDA:0,(anonymous_5)
FNDA:0,(anonymous_6)
FNDA:0,(anonymous_7)
FNDA:0,(anonymous_8)
FNDA:0,(anonymous_9)
FNDA:0,(anonymous_10)
FNDA:0,(anonymous_11)
FNDA:0,(anonymous_12)
FNDA:0,StatCard
FNDA:0,Section
FNDA:0,(anonymous_15)
FNDA:0,(anonymous_16)
DA:3,0
DA:4,0
DA:5,0
DA:6,0
DA:7,0
DA:8,0
DA:9,0
DA:10,0
DA:11,0
DA:41,0
DA:43,0
DA:48,0
DA:49,0
DA:50,0
DA:52,0
DA:53,0
DA:55,0
DA:59,0
DA:60,0
DA:61,0
DA:62,0
DA:64,0
DA:66,0
DA:67,0
DA:68,0
DA:137,0
DA:144,0
DA:146,0
DA:147,0
DA:148,0
DA:149,0
DA:150,0
DA:151,0
DA:152,0
DA:153,0
DA:215,0
DA:221,0
DA:228,0
DA:235,0
DA:236,0
DA:237,0
DA:238,0
DA:240,0
LF:43
LH:0
BRDA:56,0,0,0
BRDA:56,0,1,0
BRDA:57,1,0,0
BRDA:57,1,1,0
BRDA:58,2,0,0
BRDA:58,2,1,0
BRDA:60,3,0,0
BRDA:60,3,1,0
BRDA:61,4,0,0
BRDA:61,4,1,0
BRDA:95,5,0,0
BRDA:103,6,0,0
BRDA:103,6,1,0
BRDA:108,7,0,0
BRDA:108,7,1,0
BRDA:115,8,0,0
BRDA:120,9,0,0
BRDA:120,9,1,0
BRDA:121,10,0,0
BRDA:121,10,1,0
BRDA:122,11,0,0
BRDA:122,11,1,0
BRDA:127,12,0,0
BRDA:127,12,1,0
BRDA:149,13,0,0
BRDA:149,13,1,0
BRDA:149,13,2,0
BRDA:151,14,0,0
BRDA:151,14,1,0
BRDA:158,15,0,0
BRDA:158,15,1,0
BRDA:159,16,0,0
BRDA:159,16,1,0
BRDA:164,17,0,0
BRDA:164,17,1,0
BRDA:165,18,0,0
BRDA:165,18,1,0
BRDA:167,19,0,0
BRDA:176,20,0,0
BRDA:176,20,1,0
BRDA:176,20,2,0
BRDA:176,20,3,0
BRDA:184,21,0,0
BRDA:184,21,1,0
BRDA:197,22,0,0
BRDA:197,22,1,0
BRDA:197,23,0,0
BRDA:197,23,1,0
BRDA:215,24,0,0
BRDA:215,24,1,0
BRDA:228,25,0,0
BRDA:228,25,1,0
BRDA:236,26,0,0
BRDA:236,26,1,0
BRDA:237,27,0,0
BRDA:237,27,1,0
BRDA:237,27,2,0
BRDA:238,28,0,0
BRDA:238,28,1,0
BRDA:245,29,0,0
BRDA:246,30,0,0
BRDA:246,30,1,0
BRDA:247,31,0,0
BRDA:248,32,0,0
BRDA:248,32,1,0
BRDA:252,33,0,0
BRDA:253,34,0,0
BRDA:254,35,0,0
BRF:68
BRH:0
end_of_record
TN:
SF:src\app\dashboard\[symbol]\page.tsx
FN:13,DashboardPage
FN:19,(anonymous_3)
FN:20,(anonymous_4)
FN:38,(anonymous_5)
FN:41,(anonymous_6)
FN:119,Stat
FNF:6
FNH:0
FNDA:0,DashboardPage
FNDA:0,(anonymous_3)
FNDA:0,(anonymous_4)
FNDA:0,(anonymous_5)
FNDA:0,(anonymous_6)
FNDA:0,Stat
DA:3,0
DA:4,0
DA:5,0
DA:6,0
DA:7,0
DA:8,0
DA:9,0
DA:11,0
DA:13,0
DA:14,0
DA:15,0
DA:16,0
DA:17,0
DA:19,0
DA:20,0
DA:21,0
DA:24,0
DA:39,0
DA:41,0
LF:19
LH:0
BRDA:17,0,0,0
BRDA:17,0,1,0
BRDA:24,1,0,0
BRDA:24,1,1,0
BRDA:43,2,0,0
BRDA:43,2,1,0
BRDA:67,3,0,0
BRDA:67,3,1,0
BRDA:69,4,0,0
BRDA:69,4,1,0
BRDA:70,5,0,0
BRDA:70,5,1,0
BRDA:71,6,0,0
BRDA:73,7,0,0
BRDA:73,7,1,0
BRDA:73,8,0,0
BRDA:73,8,1,0
BRDA:79,9,0,0
BRDA:103,10,0,0
BRDA:103,10,1,0
BRDA:112,11,0,0
BRDA:112,11,1,0
BRF:22
BRH:0
end_of_record
TN:
SF:src\app\login\page.tsx
FN:9,LoginForm
FN:19,(anonymous_3)
FN:41,(anonymous_4)
FN:52,(anonymous_5)
FN:89,LoginPage
FNF:5
FNH:0
FNDA:0,LoginForm
FNDA:0,(anonymous_3)
FNDA:0,(anonymous_4)
FNDA:0,(anonymous_5)
FNDA:0,LoginPage
DA:3,0
DA:4,0
DA:5,0
DA:6,0
DA:7,0
DA:10,0
DA:11,0
DA:12,0
DA:14,0
DA:15,0
DA:16,0
DA:17,0
DA:19,0
DA:20,0
DA:21,0
DA:22,0
DA:23,0
DA:24,0
DA:25,0
DA:27,0
DA:29,0
DA:41,0
DA:52,0
DA:89,0
LF:24
LH:0
BRDA:12,0,0,0
BRDA:12,0,1,0
BRDA:27,1,0,0
BRDA:27,1,1,0
BRDA:57,2,0,0
BRDA:69,3,0,0
BRDA:69,3,1,0
BRF:7
BRH:0
end_of_record
TN:
SF:src\app\portfolio\page.tsx
FN:24,(anonymous_5)
FN:24,(anonymous_6)
FN:28,(anonymous_8)
FN:28,(anonymous_9)
FN:32,(anonymous_11)
FN:32,(anonymous_12)
FN:90,rangeToFromTo
FN:105,useAnalytics
FN:108,(anonymous_16)
FN:113,useTimeline
FN:117,(anonymous_18)
FN:125,useAllocation
FN:128,(anonymous_20)
FN:133,useStockHistory
FN:136,(anonymous_22)
FN:151,fmt
FN:157,StatCard
FN:187,WinRateBadge
FN:189,(anonymous_26)
FN:202,HistoryRow
FN:234,ExpandedHistory
FN:257,(anonymous_29)
FN:266,PortfolioPage
FN:278,(anonymous_31)
FN:282,(anonymous_32)
FN:284,(anonymous_33)
FN:289,(anonymous_34)
FN:290,(anonymous_35)
FN:295,(anonymous_36)
FN:298,(anonymous_37)
FN:304,(anonymous_38)
FN:304,(anonymous_39)
FN:423,(anonymous_40)
FN:474,(anonymous_41)
FN:506,(anonymous_42)
FN:513,(anonymous_43)
FNF:36
FNH:0
FNDA:0,(anonymous_5)
FNDA:0,(anonymous_6)
FNDA:0,(anonymous_8)
FNDA:0,(anonymous_9)
FNDA:0,(anonymous_11)
FNDA:0,(anonymous_12)
FNDA:0,rangeToFromTo
FNDA:0,useAnalytics
FNDA:0,(anonymous_16)
FNDA:0,useTimeline
FNDA:0,(anonymous_18)
FNDA:0,useAllocation
FNDA:0,(anonymous_20)
FNDA:0,useStockHistory
FNDA:0,(anonymous_22)
FNDA:0,fmt
FNDA:0,StatCard
FNDA:0,WinRateBadge
FNDA:0,(anonymous_26)
FNDA:0,HistoryRow
FNDA:0,ExpandedHistory
FNDA:0,(anonymous_29)
FNDA:0,PortfolioPage
FNDA:0,(anonymous_31)
FNDA:0,(anonymous_32)
FNDA:0,(anonymous_33)
FNDA:0,(anonymous_34)
FNDA:0,(anonymous_35)
FNDA:0,(anonymous_36)
FNDA:0,(anonymous_37)
FNDA:0,(anonymous_38)
FNDA:0,(anonymous_39)
FNDA:0,(anonymous_40)
FNDA:0,(anonymous_41)
FNDA:0,(anonymous_42)
FNDA:0,(anonymous_43)
DA:3,0
DA:4,0
DA:5,0
DA:6,0
DA:7,0
DA:16,0
DA:17,0
DA:18,0
DA:19,0
DA:24,0
DA:28,0
DA:32,0
DA:91,0
DA:92,0
DA:93,0
DA:96,0
DA:97,0
DA:106,0
DA:108,0
DA:114,0
DA:115,0
DA:118,0
DA:119,0
DA:126,0
DA:128,0
DA:134,0
DA:137,0
DA:145,0
DA:152,0
DA:188,0
DA:189,0
DA:191,0
DA:203,0
DA:204,0
DA:235,0
DA:237,0
DA:245,0
DA:247,0
DA:258,0
DA:266,0
DA:267,0
DA:268,0
DA:269,0
DA:270,0
DA:271,0
DA:273,0
DA:274,0
DA:275,0
DA:276,0
DA:278,0
DA:279,0
DA:281,0
DA:283,0
DA:284,0
DA:289,0
DA:290,0
DA:291,0
DA:295,0
DA:296,0
DA:297,0
DA:298,0
DA:299,0
DA:300,0
DA:301,0
DA:303,0
DA:304,0
DA:306,0
DA:308,0
DA:313,0
DA:314,0
DA:317,0
DA:320,0
DA:321,0
DA:424,0
DA:425,0
DA:475,0
DA:476,0
DA:478,0
DA:479,0
DA:482,0
DA:485,0
DA:488,0
DA:489,0
DA:493,0
DA:498,0
DA:499,0
DA:507,0
DA:513,0
LF:88
LH:0
BRDA:119,0,0,0
BRDA:119,0,1,0
BRDA:173,1,0,0
BRDA:173,1,1,0
BRDA:175,2,0,0
BRDA:175,2,1,0
BRDA:182,3,0,0
BRDA:191,4,0,0
BRDA:191,4,1,0
BRDA:204,5,0,0
BRDA:204,5,1,0
BRDA:210,6,0,0
BRDA:210,6,1,0
BRDA:237,7,0,0
BRDA:237,7,1,0
BRDA:245,8,0,0
BRDA:245,8,1,0
BRDA:247,9,0,0
BRDA:247,9,1,0
BRDA:247,10,0,0
BRDA:247,10,1,0
BRDA:278,11,0,0
BRDA:278,11,1,0
BRDA:284,12,0,0
BRDA:284,12,1,0
BRDA:296,13,0,0
BRDA:296,13,1,0
BRDA:297,14,0,0
BRDA:297,14,1,0
BRDA:297,15,0,0
BRDA:297,15,1,0
BRDA:299,16,0,0
BRDA:299,16,1,0
BRDA:300,17,0,0
BRDA:300,17,1,0
BRDA:304,18,0,0
BRDA:304,18,1,0
BRDA:306,19,0,0
BRDA:306,19,1,0
BRDA:314,20,0,0
BRDA:314,20,1,0
BRDA:316,21,0,0
BRDA:316,21,1,0
BRDA:317,22,0,0
BRDA:317,22,1,0
BRDA:319,23,0,0
BRDA:319,23,1,0
BRDA:320,24,0,0
BRDA:320,24,1,0
BRDA:321,25,0,0
BRDA:321,25,1,0
BRDA:323,26,0,0
BRDA:323,26,1,0
BRDA:367,27,0,0
BRDA:367,27,1,0
BRDA:371,28,0,0
BRDA:371,28,1,0
BRDA:372,29,0,0
BRDA:372,29,1,0
BRDA:372,30,0,0
BRDA:372,30,1,0
BRDA:372,31,0,0
BRDA:372,31,1,0
BRDA:373,32,0,0
BRDA:373,32,1,0
BRDA:376,33,0,0
BRDA:375,34,0,0
BRDA:375,34,1,0
BRDA:380,35,0,0
BRDA:380,35,1,0
BRDA:387,36,0,0
BRDA:387,36,1,0
BRDA:396,37,0,0
BRDA:396,37,1,0
BRDA:403,38,0,0
BRDA:419,39,0,0
BRDA:419,39,1,0
BRDA:437,40,0,0
BRDA:437,40,1,0
BRDA:441,41,0,0
BRDA:447,42,0,0
BRDA:453,43,0,0
BRDA:453,43,1,0
BRDA:453,43,2,0
BRDA:459,44,0,0
BRDA:459,44,1,0
BRDA:478,45,0,0
BRDA:478,45,1,0
BRDA:478,45,2,0
BRDA:479,46,0,0
BRDA:479,46,1,0
BRDA:482,47,0,0
BRDA:482,47,1,0
BRDA:485,48,0,0
BRDA:485,48,1,0
BRDA:489,49,0,0
BRDA:489,49,1,0
BRDA:493,50,0,0
BRDA:493,50,1,0
BRDA:495,51,0,0
BRDA:495,51,1,0
BRDA:507,52,0,0
BRDA:507,52,1,0
BRDA:527,53,0,0
BRDA:538,54,0,0
BRDA:538,54,1,0
BRDA:543,55,0,0
BRDA:547,56,0,0
BRDA:547,56,1,0
BRDA:553,57,0,0
BRDA:553,57,1,0
BRDA:556,58,0,0
BRDA:556,58,1,0
BRDA:561,59,0,0
BRDA:567,60,0,0
BRDA:567,60,1,0
BRF:116
BRH:0
end_of_record
TN:
SF:src\app\register\page.tsx
FN:9,RegisterForm
FN:18,(anonymous_3)
FN:40,(anonymous_4)
FN:51,(anonymous_5)
FN:62,(anonymous_6)
FN:99,RegisterPage
FNF:6
FNH:0
FNDA:0,RegisterForm
FNDA:0,(anonymous_3)
FNDA:0,(anonymous_4)
FNDA:0,(anonymous_5)
FNDA:0,(anonymous_6)
FNDA:0,RegisterPage
DA:3,0
DA:4,0
DA:5,0
DA:6,0
DA:7,0
DA:10,0
DA:12,0
DA:13,0
DA:14,0
DA:15,0
DA:16,0
DA:18,0
DA:19,0
DA:20,0
DA:21,0
DA:22,0
DA:23,0
DA:24,0
DA:26,0
DA:28,0
DA:40,0
DA:51,0
DA:62,0
DA:99,0
LF:24
LH:0
BRDA:26,0,0,0
BRDA:26,0,1,0
BRDA:67,1,0,0
BRDA:79,2,0,0
BRDA:79,2,1,0
BRF:5
BRH:0
end_of_record
TN:
SF:src\app\stocks\page.tsx
FN:44,loadWatchlist
FN:54,saveWatchlist
FN:60,SkeletonRow
FN:63,(anonymous_5)
FN:74,StocksPage
FN:91,(anonymous_7)
FN:93,(anonymous_8)
FN:94,(anonymous_9)
FN:100,(anonymous_10)
FN:105,(anonymous_11)
FN:125,(anonymous_12)
FN:132,(anonymous_13)
FN:135,(anonymous_14)
FN:139,(anonymous_15)
FN:142,(anonymous_16)
FN:153,(anonymous_17)
FN:154,(anonymous_18)
FN:158,(anonymous_19)
FN:167,(anonymous_20)
FN:215,(anonymous_21)
FN:220,(anonymous_22)
FN:229,(anonymous_23)
FN:229,(anonymous_24)
FN:246,(anonymous_25)
FN:246,(anonymous_26)
FN:277,(anonymous_27)
FN:281,(anonymous_28)
FN:294,(anonymous_29)
FN:304,(anonymous_30)
FN:343,(anonymous_31)
FN:371,(anonymous_32)
FN:383,(anonymous_33)
FN:387,(anonymous_34)
FNF:33
FNH:0
FNDA:0,loadWatchlist
FNDA:0,saveWatchlist
FNDA:0,SkeletonRow
FNDA:0,(anonymous_5)
FNDA:0,StocksPage
FNDA:0,(anonymous_7)
FNDA:0,(anonymous_8)
FNDA:0,(anonymous_9)
FNDA:0,(anonymous_10)
FNDA:0,(anonymous_11)
FNDA:0,(anonymous_12)
FNDA:0,(anonymous_13)
FNDA:0,(anonymous_14)
FNDA:0,(anonymous_15)
FNDA:0,(anonymous_16)
FNDA:0,(anonymous_17)
FNDA:0,(anonymous_18)
FNDA:0,(anonymous_19)
FNDA:0,(anonymous_20)
FNDA:0,(anonymous_21)
FNDA:0,(anonymous_22)
FNDA:0,(anonymous_23)
FNDA:0,(anonymous_24)
FNDA:0,(anonymous_25)
FNDA:0,(anonymous_26)
FNDA:0,(anonymous_27)
FNDA:0,(anonymous_28)
FNDA:0,(anonymous_29)
FNDA:0,(anonymous_30)
FNDA:0,(anonymous_31)
FNDA:0,(anonymous_32)
FNDA:0,(anonymous_33)
FNDA:0,(anonymous_34)
DA:3,0
DA:4,0
DA:5,0
DA:6,0
DA:17,0
DA:18,0
DA:19,0
DA:42,0
DA:45,0
DA:46,0
DA:47,0
DA:48,0
DA:50,0
DA:55,0
DA:64,0
DA:74,0
DA:75,0
DA:76,0
DA:79,0
DA:80,0
DA:81,0
DA:82,0
DA:83,0
DA:84,0
DA:85,0
DA:88,0
DA:89,0
DA:91,0
DA:92,0
DA:93,0
DA:94,0
DA:95,0
DA:100,0
DA:101,0
DA:105,0
DA:106,0
DA:107,0
DA:108,0
DA:109,0
DA:110,0
DA:111,0
DA:112,0
DA:116,0
DA:117,0
DA:118,0
DA:119,0
DA:120,0
DA:121,0
DA:123,0
DA:126,0
DA:130,0
DA:131,0
DA:132,0
DA:135,0
DA:136,0
DA:138,0
DA:140,0
DA:141,0
DA:142,0
DA:143,0
DA:144,0
DA:145,0
DA:146,0
DA:147,0
DA:153,0
DA:154,0
DA:155,0
DA:158,0
DA:159,0
DA:160,0
DA:161,0
DA:162,0
DA:164,0
DA:167,0
DA:215,0
DA:220,0
DA:229,0
DA:246,0
DA:277,0
DA:282,0
DA:294,0
DA:304,0
DA:344,0
DA:372,0
DA:373,0
DA:375,0
DA:376,0
DA:377,0
DA:379,0
DA:383,0
DA:387,0
LF:91
LH:0
BRDA:45,0,0,0
BRDA:45,0,1,0
BRDA:48,1,0,0
BRDA:48,1,1,0
BRDA:79,2,0,0
BRDA:79,2,1,0
BRDA:80,3,0,0
BRDA:80,3,1,0
BRDA:81,4,0,0
BRDA:81,4,1,0
BRDA:82,5,0,0
BRDA:82,5,1,0
BRDA:92,6,0,0
BRDA:92,6,1,0
BRDA:95,7,0,0
BRDA:95,7,1,0
BRDA:107,8,0,0
BRDA:107,8,1,0
BRDA:108,9,0,0
BRDA:108,9,1,0
BRDA:109,10,0,0
BRDA:109,10,1,0
BRDA:110,11,0,0
BRDA:110,11,1,0
BRDA:112,12,0,0
BRDA:112,12,1,0
BRDA:117,13,0,0
BRDA:117,13,1,0
BRDA:118,14,0,0
BRDA:118,14,1,0
BRDA:119,15,0,0
BRDA:119,15,1,0
BRDA:120,16,0,0
BRDA:120,16,1,0
BRDA:130,17,0,0
BRDA:130,17,1,0
BRDA:131,18,0,0
BRDA:131,18,1,0
BRDA:144,19,0,0
BRDA:144,19,1,0
BRDA:164,20,0,0
BRDA:164,20,1,0
BRDA:164,20,2,0
BRDA:164,20,3,0
BRDA:218,21,0,0
BRDA:231,22,0,0
BRDA:231,22,1,0
BRDA:238,23,0,0
BRDA:248,24,0,0
BRDA:248,24,1,0
BRDA:255,25,0,0
BRDA:260,26,0,0
BRDA:271,27,0,0
BRDA:323,28,0,0
BRDA:323,28,1,0
BRDA:342,29,0,0
BRDA:342,29,1,0
BRDA:347,30,0,0
BRDA:358,31,0,0
BRDA:358,31,1,0
BRDA:358,31,2,0
BRDA:364,32,0,0
BRDA:364,32,1,0
BRDA:373,33,0,0
BRDA:373,33,1,0
BRDA:375,34,0,0
BRDA:375,34,1,0
BRDA:375,34,2,0
BRDA:376,35,0,0
BRDA:376,35,1,0
BRDA:389,36,0,0
BRDA:389,36,1,0
BRDA:394,37,0,0
BRDA:394,37,1,0
BRDA:401,38,0,0
BRDA:401,38,1,0
BRDA:409,39,0,0
BRDA:409,39,1,0
BRDA:412,40,0,0
BRDA:412,40,1,0
BRDA:413,41,0,0
BRDA:421,42,0,0
BRDA:421,42,1,0
BRDA:423,43,0,0
BRDA:423,43,1,0
BRDA:428,44,0,0
BRDA:428,44,1,0
BRDA:431,45,0,0
BRDA:435,46,0,0
BRDA:435,46,1,0
BRDA:443,47,0,0
BRDA:443,47,1,0
BRDA:446,48,0,0
BRDA:446,48,1,0
BRDA:457,49,0,0
BRF:95
BRH:0
end_of_record
TN:
SF:src\app\stocks\[symbol]\page.tsx
FN:27,useStockDetail
FN:30,(anonymous_3)
FN:35,useStockHistory
FN:38,(anonymous_5)
FN:43,LineChart
FN:54,(anonymous_7)
FN:59,(anonymous_8)
FN:91,StockPage
FN:104,(anonymous_10)
FN:107,(anonymous_11)
FN:108,(anonymous_12)
FN:130,(anonymous_13)
FN:239,(anonymous_14)
FN:245,InfoCard
FN:254,PositionStat
FNF:15
FNH:0
FNDA:0,useStockDetail
FNDA:0,(anonymous_3)
FNDA:0,useStockHistory
FNDA:0,(anonymous_5)
FNDA:0,LineChart
FNDA:0,(anonymous_7)
FNDA:0,(anonymous_8)
FNDA:0,StockPage
FNDA:0,(anonymous_10)
FNDA:0,(anonymous_11)
FNDA:0,(anonymous_12)
FNDA:0,(anonymous_13)
FNDA:0,(anonymous_14)
FNDA:0,InfoCard
FNDA:0,PositionStat
DA:3,0
DA:4,0
DA:5,0
DA:6,0
DA:7,0
DA:8,0
DA:9,0
DA:10,0
DA:11,0
DA:12,0
DA:28,0
DA:30,0
DA:36,0
DA:38,0
DA:44,0
DA:52,0
DA:53,0
DA:54,0
DA:55,0
DA:56,0
DA:57,0
DA:59,0
DA:60,0
DA:61,0
DA:62,0
DA:65,0
DA:66,0
DA:69,0
DA:91,0
DA:92,0
DA:93,0
DA:94,0
DA:96,0
DA:98,0
DA:99,0
DA:100,0
DA:101,0
DA:102,0
DA:104,0
DA:105,0
DA:107,0
DA:108,0
DA:109,0
DA:130,0
DA:239,0
LF:45
LH:0
BRDA:44,0,0,0
BRDA:44,0,1,0
BRDA:57,1,0,0
BRDA:57,1,1,0
BRDA:66,2,0,0
BRDA:66,2,1,0
BRDA:99,3,0,0
BRDA:102,4,0,0
BRDA:102,4,1,0
BRDA:105,5,0,0
BRDA:105,5,1,0
BRDA:128,6,0,0
BRDA:152,7,0,0
BRDA:156,8,0,0
BRDA:162,9,0,0
BRDA:162,9,1,0
BRDA:164,10,0,0
BRDA:164,10,1,0
BRDA:165,11,0,0
BRDA:165,11,1,0
BRDA:166,12,0,0
BRDA:167,13,0,0
BRDA:167,13,1,0
BRDA:167,14,0,0
BRDA:167,14,1,0
BRDA:170,15,0,0
BRDA:183,16,0,0
BRDA:185,17,0,0
BRDA:186,18,0,0
BRDA:187,19,0,0
BRDA:196,20,0,0
BRDA:206,21,0,0
BRDA:218,22,0,0
BRDA:218,22,1,0
BRDA:230,23,0,0
BRDA:230,23,1,0
BRDA:231,24,0,0
BRDA:231,24,1,0
BRDA:258,25,0,0
BRDA:258,25,1,0
BRDA:258,26,0,0
BRDA:258,26,1,0
BRF:42
BRH:0
end_of_record
TN:
SF:src\components\PriceFreshnessBanner.tsx
FN:14,PriceFreshnessBanner
FN:20,(anonymous_2)
FN:23,(anonymous_3)
FN:24,(anonymous_4)
FN:25,(anonymous_5)
FN:29,(anonymous_6)
FN:35,(anonymous_7)
FN:54,(anonymous_8)
FNF:8
FNH:7
FNDA:18,PriceFreshnessBanner
FNDA:9,(anonymous_2)
FNDA:9,(anonymous_3)
FNDA:0,(anonymous_4)
FNDA:9,(anonymous_5)
FNDA:30,(anonymous_6)
FNDA:10,(anonymous_7)
FNDA:3,(anonymous_8)
DA:3,1
DA:4,1
DA:14,11
DA:19,18
DA:20,18
DA:23,18
DA:24,9
DA:25,9
DA:29,18
DA:30,30
DA:31,30
DA:32,25
DA:35,18
DA:36,10
DA:39,18
DA:54,3
LF:16
LH:16
BRDA:17,0,0,0
BRDA:31,1,0,5
BRDA:31,1,1,25
BRDA:36,2,0,8
BRDA:36,2,1,2
BRDA:39,3,0,10
BRDA:39,3,1,8
BRDA:39,4,0,18
BRDA:39,4,1,16
BRDA:47,5,0,3
BRDA:47,5,1,5
BRDA:49,6,0,1
BRDA:49,6,1,7
BRF:13
BRH:12
end_of_record
TN:
SF:src\features\portfolio\components\AllocationCharts.tsx
FN:32,DonutChart
FN:67,(anonymous_2)
FN:72,(anonymous_3)
FN:89,(anonymous_4)
FN:90,(anonymous_5)
FN:96,(anonymous_6)
FN:102,(anonymous_7)
FN:112,AllocationCharts
FNF:8
FNH:0
FNDA:0,DonutChart
FNDA:0,(anonymous_2)
FNDA:0,(anonymous_3)
FNDA:0,(anonymous_4)
FNDA:0,(anonymous_5)
FNDA:0,(anonymous_6)
FNDA:0,(anonymous_7)
FNDA:0,AllocationCharts
DA:3,0
DA:20,0
DA:26,0
DA:43,0
DA:68,0
DA:73,0
DA:89,0
DA:90,0
DA:96,0
DA:102,0
DA:112,0
LF:11
LH:0
BRDA:43,0,0,0
BRDA:43,0,1,0
BRDA:68,1,0,0
BRDA:68,1,1,0
BRDA:76,2,0,0
BRDA:76,2,1,0
BRDA:76,3,0,0
BRDA:76,3,1,0
BRDA:77,4,0,0
BRDA:77,4,1,0
BRDA:78,5,0,0
BRDA:78,5,1,0
BRDA:96,6,0,0
BRDA:96,6,1,0
BRDA:100,7,0,0
BRDA:123,8,0,0
BRDA:123,8,1,0
BRDA:123,8,2,0
BRF:18
BRH:0
end_of_record
TN:
SF:src\features\portfolio\components\PerformerCards.tsx
FN:23,PerformerCard
FN:65,PerformerCards
FNF:2
FNH:0
FNDA:0,PerformerCard
FNDA:0,PerformerCards
DA:3,0
DA:4,0
DA:17,0
DA:65,0
DA:66,0
LF:5
LH:0
BRDA:36,0,0,0
BRDA:36,0,1,0
BRDA:42,1,0,0
BRDA:48,2,0,0
BRDA:49,3,0,0
BRDA:49,3,1,0
BRDA:50,4,0,0
BRDA:50,4,1,0
BRDA:54,5,0,0
BRDA:55,6,0,0
BRDA:55,6,1,0
BRDA:56,7,0,0
BRDA:56,7,1,0
BRDA:66,8,0,0
BRDA:66,8,1,0
BRDA:66,9,0,0
BRDA:66,9,1,0
BRDA:70,10,0,0
BRDA:71,11,0,0
BRF:19
BRH:0
end_of_record
TN:
SF:src\features\portfolio\components\PortfolioSummary.tsx
FN:6,PortfolioSummary
FN:50,(anonymous_2)
FNF:2
FNH:0
FNDA:0,PortfolioSummary
FNDA:0,(anonymous_2)
DA:3,0
DA:4,0
DA:6,0
DA:7,0
DA:9,0
DA:17,0
DA:25,0
DA:51,0
LF:8
LH:0
BRDA:9,0,0,0
BRDA:9,0,1,0
BRDA:17,1,0,0
BRDA:17,1,1,0
BRDA:17,2,0,0
BRDA:17,2,1,0
BRDA:37,3,0,0
BRDA:37,3,1,0
BRDA:38,4,0,0
BRDA:40,5,0,0
BRDA:40,5,1,0
BRDA:44,6,0,0
BRDA:44,6,1,0
BRDA:60,7,0,0
BRDA:60,7,1,0
BRDA:61,8,0,0
BRDA:61,8,1,0
BRF:17
BRH:0
end_of_record
TN:
SF:src\features\portfolio\components\TimelineChart.tsx
FN:34,formatDate
FN:41,TimelineChart
FN:42,(anonymous_3)
FN:58,(anonymous_4)
FN:61,(anonymous_5)
FN:95,(anonymous_6)
FN:106,(anonymous_7)
FNF:7
FNH:0
FNDA:0,formatDate
FNDA:0,TimelineChart
FNDA:0,(anonymous_3)
FNDA:0,(anonymous_4)
FNDA:0,(anonymous_5)
FNDA:0,(anonymous_6)
FNDA:0,(anonymous_7)
DA:11,0
DA:18,0
DA:24,0
DA:35,0
DA:36,0
DA:37,0
DA:38,0
DA:41,0
DA:42,0
DA:48,0
DA:49,0
DA:59,0
DA:61,0
DA:95,0
DA:106,0
LF:15
LH:0
BRDA:36,0,0,0
BRDA:36,0,1,0
BRDA:37,1,0,0
BRDA:37,1,1,0
BRDA:48,2,0,0
BRDA:48,2,1,0
BRDA:49,3,0,0
BRDA:49,3,1,0
BRDA:63,4,0,0
BRDA:63,4,1,0
BRDA:76,5,0,0
BRDA:78,6,0,0
BRF:12
BRH:0
end_of_record
TN:
SF:src\features\portfolio\hooks\usePortfolio.ts
FN:22,usePortfolio
FN:25,(anonymous_2)
FNF:2
FNH:2
FNDA:12,usePortfolio
FNDA:7,(anonymous_2)
DA:3,1
DA:4,1
DA:22,12
DA:23,12
DA:25,7
LF:5
LH:5
BRF:0
BRH:0
end_of_record
TN:
SF:src\features\trade\components\TradeForm.tsx
FN:16,TradeForm
FN:33,(anonymous_2)
FN:39,(anonymous_3)
FN:48,(anonymous_4)
FN:50,(anonymous_5)
FN:78,(anonymous_6)
FN:141,(anonymous_7)
FN:144,(anonymous_8)
FN:173,(anonymous_9)
FN:223,Row
FNF:10
FNH:0
FNDA:0,TradeForm
FNDA:0,(anonymous_2)
FNDA:0,(anonymous_3)
FNDA:0,(anonymous_4)
FNDA:0,(anonymous_5)
FNDA:0,(anonymous_6)
FNDA:0,(anonymous_7)
FNDA:0,(anonymous_8)
FNDA:0,(anonymous_9)
FNDA:0,Row
DA:3,0
DA:4,0
DA:5,0
DA:16,0
DA:17,0
DA:18,0
DA:19,0
DA:20,0
DA:22,0
DA:24,0
DA:25,0
DA:27,0
DA:31,0
DA:33,0
DA:34,0
DA:35,0
DA:36,0
DA:39,0
DA:40,0
DA:41,0
DA:47,0
DA:49,0
DA:50,0
DA:51,0
DA:52,0
DA:53,0
DA:60,0
DA:73,0
DA:78,0
DA:142,0
DA:144,0
DA:173,0
LF:32
LH:0
BRDA:16,0,0,0
BRDA:24,1,0,0
BRDA:24,1,1,0
BRDA:25,2,0,0
BRDA:25,2,1,0
BRDA:27,3,0,0
BRDA:27,3,1,0
BRDA:27,4,0,0
BRDA:27,4,1,0
BRDA:31,5,0,0
BRDA:31,5,1,0
BRDA:31,5,2,0
BRDA:34,6,0,0
BRDA:34,6,1,0
BRDA:40,7,0,0
BRDA:40,7,1,0
BRDA:60,8,0,0
BRDA:60,8,1,0
BRDA:73,9,0,0
BRDA:73,9,1,0
BRDA:90,10,0,0
BRDA:90,10,1,0
BRDA:93,11,0,0
BRDA:93,11,1,0
BRDA:97,12,0,0
BRDA:97,12,1,0
BRDA:103,13,0,0
BRDA:106,14,0,0
BRDA:106,14,1,0
BRDA:114,15,0,0
BRDA:114,15,1,0
BRDA:119,16,0,0
BRDA:119,16,1,0
BRDA:125,17,0,0
BRDA:125,17,1,0
BRDA:146,18,0,0
BRDA:146,18,1,0
BRDA:147,19,0,0
BRDA:147,19,1,0
BRDA:181,20,0,0
BRDA:181,20,1,0
BRDA:182,21,0,0
BRDA:182,21,1,0
BRDA:187,22,0,0
BRDA:187,22,1,0
BRDA:197,23,0,0
BRDA:205,24,0,0
BRDA:205,24,1,0
BRDA:205,24,2,0
BRDA:208,25,0,0
BRDA:208,25,1,0
BRDA:226,26,0,0
BRDA:235,27,0,0
BRDA:235,27,1,0
BRF:54
BRH:0
end_of_record
TN:
SF:src\features\trade\components\TransactionHistoryDrawer.tsx
FN:37,useTransactions
FN:40,(anonymous_2)
FN:47,TransactionHistoryDrawer
FN:49,(anonymous_4)
FN:51,(anonymous_5)
FN:55,(anonymous_6)
FN:64,(anonymous_7)
FN:65,(anonymous_8)
FN:68,(anonymous_9)
FN:69,(anonymous_10)
FN:117,(anonymous_11)
FNF:11
FNH:11
FNDA:21,useTransactions
FNDA:11,(anonymous_2)
FNDA:21,TransactionHistoryDrawer
FNDA:13,(anonymous_4)
FNDA:1,(anonymous_5)
FNDA:11,(anonymous_6)
FNDA:2,(anonymous_7)
FNDA:1,(anonymous_8)
FNDA:2,(anonymous_9)
FNDA:1,(anonymous_10)
FNDA:14,(anonymous_11)
DA:3,1
DA:4,1
DA:5,1
DA:6,1
DA:31,1
DA:38,21
DA:41,11
DA:47,13
DA:49,21
DA:50,13
DA:51,11
DA:52,1
DA:54,11
DA:55,11
DA:58,21
DA:59,21
DA:63,21
DA:64,2
DA:65,1
DA:67,21
DA:68,2
DA:69,1
DA:70,21
DA:118,14
DA:119,14
DA:120,14
LF:26
LH:26
BRDA:50,0,0,2
BRDA:50,0,1,11
BRDA:52,1,0,1
BRDA:52,1,1,0
BRDA:59,2,0,21
BRDA:59,2,1,13
BRDA:63,3,0,21
BRDA:63,3,1,15
BRDA:65,4,0,1
BRDA:65,4,1,0
BRDA:67,5,0,21
BRDA:67,5,1,15
BRDA:69,6,0,1
BRDA:69,6,1,0
BRDA:70,7,0,21
BRDA:70,7,1,15
BRDA:75,8,0,21
BRDA:85,9,0,19
BRDA:85,9,1,2
BRDA:105,10,0,21
BRDA:111,11,0,21
BRDA:111,11,1,10
BRDA:119,12,0,14
BRDA:119,12,1,0
BRDA:128,13,0,7
BRDA:128,13,1,7
BRDA:154,14,0,7
BRDA:154,14,1,7
BRDA:157,15,0,7
BRDA:157,15,1,7
BRDA:167,16,0,21
BRDA:181,17,0,0
BRDA:181,17,1,7
BRDA:185,18,0,0
BRDA:189,19,0,0
BRDA:189,19,1,7
BRF:36
BRH:29
end_of_record
TN:
SF:src\features\trade\hooks\useTrade.ts
FN:22,useTrade
FN:27,(anonymous_2)
FN:33,(anonymous_3)
FN:44,(anonymous_4)
FNF:4
FNH:0
FNDA:0,useTrade
FNDA:0,(anonymous_2)
FNDA:0,(anonymous_3)
FNDA:0,(anonymous_4)
DA:3,0
DA:4,0
DA:5,0
DA:6,0
DA:7,0
DA:22,0
DA:23,0
DA:24,0
DA:26,0
DA:28,0
DA:35,0
DA:37,0
DA:39,0
DA:46,0
DA:50,0
DA:54,0
LF:16
LH:0
BRDA:46,0,0,0
BRDA:46,0,1,0
BRF:2
BRH:0
end_of_record
TN:
SF:src\hooks\usePriceStream.ts
FN:18,usePriceStream
FN:27,(anonymous_2)
FN:33,(anonymous_3)
FN:40,(anonymous_4)
FN:47,(anonymous_5)
FN:62,(anonymous_6)
FN:68,(anonymous_7)
FN:69,(anonymous_8)
FN:75,(anonymous_9)
FN:82,(anonymous_10)
FN:87,(anonymous_11)
FN:102,(anonymous_12)
FN:111,(anonymous_13)
FN:113,(anonymous_14)
FN:124,(anonymous_15)
FN:149,(anonymous_16)
FNF:16
FNH:11
FNDA:15,usePriceStream
FNDA:0,(anonymous_2)
FNDA:0,(anonymous_3)
FNDA:0,(anonymous_4)
FNDA:0,(anonymous_5)
FNDA:0,(anonymous_6)
FNDA:15,(anonymous_7)
FNDA:18,(anonymous_8)
FNDA:3,(anonymous_9)
FNDA:2,(anonymous_10)
FNDA:3,(anonymous_11)
FNDA:3,(anonymous_12)
FNDA:11,(anonymous_13)
FNDA:11,(anonymous_14)
FNDA:13,(anonymous_15)
FNDA:15,(anonymous_16)
DA:3,1
DA:4,1
DA:5,1
DA:16,1
DA:18,15
DA:19,15
DA:20,15
DA:21,15
DA:22,15
DA:23,15
DA:24,15
DA:27,15
DA:28,0
DA:30,0
DA:31,0
DA:33,0
DA:34,0
DA:35,0
DA:36,0
DA:37,0
DA:38,0
DA:39,0
DA:40,0
DA:41,0
DA:47,0
DA:48,0
DA:49,0
DA:50,0
DA:52,0
DA:53,0
DA:54,0
DA:57,0
DA:60,0
DA:61,0
DA:62,0
DA:63,0
DA:68,15
DA:69,15
DA:70,18
DA:72,18
DA:73,18
DA:75,18
DA:76,3
DA:77,3
DA:78,3
DA:79,3
DA:80,2
DA:81,2
DA:82,2
DA:83,2
DA:87,18
DA:88,3
DA:89,3
DA:90,3
DA:92,3
DA:93,3
DA:94,0
DA:97,0
DA:100,3
DA:101,3
DA:102,3
DA:103,3
DA:108,15
DA:111,15
DA:112,11
DA:113,11
DA:114,11
DA:115,14
DA:116,11
DA:117,11
DA:118,11
DA:119,11
DA:124,15
DA:125,13
DA:128,13
DA:129,3
DA:130,1
DA:131,1
DA:132,1
DA:133,1
DA:138,13
DA:139,18
DA:140,15
DA:141,15
DA:147,15
DA:149,15
LF:86
LH:60
BRDA:28,0,0,0
BRDA:28,0,1,0
BRDA:34,1,0,0
BRDA:34,1,1,0
BRDA:38,2,0,0
BRDA:38,2,1,0
BRDA:38,3,0,0
BRDA:38,3,1,0
BRDA:50,4,0,0
BRDA:50,4,1,0
BRDA:52,5,0,0
BRDA:52,5,1,0
BRDA:53,6,0,0
BRDA:53,6,1,0
BRDA:70,7,0,0
BRDA:70,7,1,18
BRDA:76,8,0,0
BRDA:76,8,1,3
BRDA:80,9,0,0
BRDA:80,9,1,2
BRDA:80,10,0,2
BRDA:80,10,1,2
BRDA:90,11,0,0
BRDA:90,11,1,3
BRDA:92,12,0,3
BRDA:92,12,1,0
BRDA:93,13,0,0
BRDA:93,13,1,3
BRDA:129,14,0,1
BRDA:129,14,1,2
BRDA:133,15,0,0
BRDA:133,15,1,1
BRDA:139,16,0,15
BRDA:139,16,1,3
BRDA:149,17,0,15
BRDA:149,17,1,15
BRF:36
BRH:15
end_of_record
TN:
SF:src\lib\apiClient.ts
FN:20,(anonymous_3)
FN:33,request
FN:82,(anonymous_5)
FN:85,(anonymous_6)
FN:92,(anonymous_7)
FN:99,(anonymous_8)
FNF:6
FNH:3
FNDA:1,(anonymous_3)
FNDA:30,request
FNDA:30,(anonymous_5)
FNDA:0,(anonymous_6)
FNDA:0,(anonymous_7)
FNDA:0,(anonymous_8)
DA:19,0
DA:26,1
DA:27,1
DA:37,30
DA:47,29
DA:48,0
DA:49,0
DA:54,29
DA:55,29
DA:57,0
DA:68,29
DA:69,1
DA:70,1
DA:72,1
DA:75,1
DA:78,28
DA:81,30
DA:83,30
DA:86,0
DA:93,0
DA:100,0
LF:21
LH:14
BRDA:35,0,0,0
BRDA:42,1,0,30
BRDA:42,1,1,30
BRDA:47,2,0,0
BRDA:47,2,1,29
BRDA:47,3,0,29
BRDA:47,3,1,0
BRDA:68,4,0,1
BRDA:68,4,1,28
BRDA:68,5,0,29
BRDA:68,5,1,28
BRDA:72,6,0,1
BRDA:72,6,1,1
BRDA:72,6,2,0
BRF:14
BRH:10
end_of_record
TN:
SF:src\lib\decodeJwt.ts
FN:3,getUserIdFromCookieHeader
FNF:1
FNH:0
FNDA:0,getUserIdFromCookieHeader
DA:3,0
DA:4,0
DA:5,0
DA:6,0
DA:7,0
DA:8,0
DA:9,0
DA:13,0
DA:14,0
DA:16,0
LF:10
LH:0
BRDA:5,0,0,0
BRDA:5,0,1,0
BRDA:8,1,0,0
BRDA:8,1,1,0
BRDA:14,2,0,0
BRDA:14,2,1,0
BRF:6
BRH:0
end_of_record
TN:
SF:src\lib\priceUtils.ts
FN:20,getPriceFreshness
FN:36,formatPriceAge
FNF:2
FNH:2
FNDA:7,getPriceFreshness
FNDA:8,formatPriceAge
DA:3,1
DA:9,15
DA:20,7
DA:21,7
DA:23,5
DA:24,5
DA:26,5
DA:27,5
DA:28,4
DA:29,2
DA:30,1
DA:36,8
DA:37,8
DA:39,6
DA:40,6
DA:42,6
DA:43,6
DA:45,6
DA:47,4
DA:48,4
DA:50,2
DA:51,2
DA:53,1
DA:54,1
LF:24
LH:24
BRDA:21,0,0,2
BRDA:21,0,1,5
BRDA:23,1,0,1
BRDA:23,1,1,4
BRDA:24,2,0,0
BRDA:24,2,1,5
BRDA:27,3,0,1
BRDA:27,3,1,4
BRDA:28,4,0,2
BRDA:28,4,1,2
BRDA:29,5,0,1
BRDA:29,5,1,1
BRDA:37,6,0,2
BRDA:37,6,1,6
BRDA:39,7,0,0
BRDA:39,7,1,6
BRDA:40,8,0,0
BRDA:40,8,1,6
BRDA:45,9,0,2
BRDA:45,9,1,4
BRDA:45,10,0,1
BRDA:45,10,1,1
BRDA:48,11,0,2
BRDA:48,11,1,2
BRDA:48,12,0,2
BRDA:48,12,1,0
BRDA:51,13,0,1
BRDA:51,13,1,1
BRDA:51,14,0,1
BRDA:51,14,1,0
BRDA:54,15,0,1
BRDA:54,15,1,0
BRF:32
BRH:26
end_of_record
TN:
SF:src\lib\proxy.ts
FN:6,rewriteSetCookie
FN:10,fetchBackend
FN:26,forwardSetCookies
FN:30,(anonymous_8)
FN:36,passThrough
FN:44,getBackendUserId
FNF:6
FNH:0
FNDA:0,rewriteSetCookie
FNDA:0,fetchBackend
FNDA:0,forwardSetCookies
FNDA:0,(anonymous_8)
FNDA:0,passThrough
FNDA:0,getBackendUserId
DA:1,0
DA:3,0
DA:7,0
DA:10,0
DA:15,0
DA:26,0
DA:30,0
DA:31,0
DA:36,0
DA:37,0
DA:38,0
DA:39,0
DA:40,0
DA:44,0
DA:47,0
DA:48,0
DA:49,0
DA:50,0
DA:51,0
DA:53,0
LF:20
LH:0
BRDA:3,0,0,0
BRDA:3,0,1,0
BRDA:12,1,0,0
BRDA:19,2,0,0
BRDA:19,2,1,0
BRDA:20,3,0,0
BRDA:20,3,1,0
BRDA:30,4,0,0
BRDA:30,4,1,0
BRDA:49,5,0,0
BRDA:49,5,1,0
BRDA:51,6,0,0
BRDA:51,6,1,0
BRF:13
BRH:0
end_of_record
TN:
SF:src\lib\queryClient.ts
FN:5,handleQueryError
FNF:1
FNH:0
FNDA:0,handleQueryError
DA:1,0
DA:2,0
DA:3,0
DA:7,0
DA:9,0
DA:10,0
DA:12,0
DA:17,0
LF:8
LH:0
BRDA:7,0,0,0
BRDA:7,0,1,0
BRDA:7,1,0,0
BRDA:7,1,1,0
BRDA:9,2,0,0
BRDA:9,2,1,0
BRDA:10,3,0,0
BRDA:10,3,1,0
BRDA:13,4,0,0
BRDA:13,4,1,0
BRF:10
BRH:0
end_of_record
TN:
SF:src\lib\rangeToFromTo.ts
FN:15,rangeToFromTo
FNF:1
FNH:1
FNDA:25,rangeToFromTo
DA:3,2
DA:15,25
DA:16,25
DA:17,25
DA:18,25
DA:19,25
LF:6
LH:6
BRF:0
BRH:0
end_of_record
TN:
SF:src\providers\Providers.tsx
FN:8,Providers
FNF:1
FNH:0
FNDA:0,Providers
DA:3,0
DA:4,0
DA:5,0
DA:6,0
DA:8,0
LF:5
LH:0
BRF:0
BRH:0
end_of_record
TN:
SF:src\store\useActiveStock.ts
FN:12,(anonymous_1)
FN:14,(anonymous_2)
FN:21,useActiveStock
FN:27,(anonymous_4)
FN:35,(anonymous_5)
FNF:5
FNH:0
FNDA:0,(anonymous_1)
FNDA:0,(anonymous_2)
FNDA:0,useActiveStock
FNDA:0,(anonymous_4)
FNDA:0,(anonymous_5)
DA:3,0
DA:4,0
DA:5,0
DA:12,0
DA:14,0
DA:21,0
DA:22,0
DA:23,0
DA:24,0
DA:27,0
DA:28,0
DA:29,0
DA:30,0
DA:31,0
DA:35,0
DA:36,0
DA:37,0
DA:38,0
DA:41,0
LF:19
LH:0
BRDA:30,0,0,0
BRDA:30,0,1,0
BRDA:30,1,0,0
BRDA:30,1,1,0
BRF:4
BRH:0
end_of_record
